[0.052s] Invoking command in '/home/ros2/assignment/build/smart_car': CMAKE_PREFIX_PATH=/home/ros2/assignment/install/smartcar_msgs:/home/ros2/assignment/install/smart_car:/home/ros2/assignment/install/car_gazebo_plugin:/home/ros2/assignment/install/ackermann_msgs:/opt/ros/humble LD_LIBRARY_PATH=/home/ros2/assignment/install/smartcar_msgs/lib:/home/ros2/assignment/install/car_gazebo_plugin/lib:/home/ros2/assignment/install/ackermann_msgs/lib:/usr/lib/x86_64-linux-gnu/gazebo-11/plugins:/opt/ros/humble/opt/rviz_ogre_vendor/lib:/opt/ros/humble/lib/x86_64-linux-gnu:/opt/ros/humble/lib:/usr/lib/x86_64-linux-gnu/gazebo-11/plugins:/usr/lib/x86_64-linux-gnu/gazebo-11/plugins:/usr/lib/x86_64-linux-gnu/gazebo-11/plugins /usr/bin/cmake --build /home/ros2/assignment/build/smart_car -- -j8 -l8
[0.112s] -- Found ament_cmake: 1.3.12 (/opt/ros/humble/share/ament_cmake/cmake)
[0.371s] -- Found rclcpp: 16.0.15 (/opt/ros/humble/share/rclcpp/cmake)
[0.445s] -- Found rosidl_generator_c: 3.1.7 (/opt/ros/humble/share/rosidl_generator_c/cmake)
[0.452s] -- Found rosidl_adapter: 3.1.7 (/opt/ros/humble/share/rosidl_adapter/cmake)
[0.468s] -- Found rosidl_generator_cpp: 3.1.7 (/opt/ros/humble/share/rosidl_generator_cpp/cmake)
[0.493s] -- Using all available rosidl_typesupport_c: rosidl_typesupport_fastrtps_c;rosidl_typesupport_introspection_c
[0.522s] -- Using all available rosidl_typesupport_cpp: rosidl_typesupport_fastrtps_cpp;rosidl_typesupport_introspection_cpp
[0.610s] -- Found rmw_implementation_cmake: 6.1.2 (/opt/ros/humble/share/rmw_implementation_cmake/cmake)
[0.615s] -- Found rmw_cyclonedds_cpp: 1.3.4 (/opt/ros/humble/share/rmw_cyclonedds_cpp/cmake)
[0.664s] -- Using RMW implementation 'rmw_cyclonedds_cpp' as default
[0.797s] -- Found smartcar_msgs: 0.0.0 (/home/ros2/assignment/install/smartcar_msgs/share/smartcar_msgs/cmake)
[0.918s] -- Configuring done
[0.925s] -- Generating done
[0.929s] -- Build files have been written to: /home/ros2/assignment/build/smart_car
[0.970s] Invoked command in '/home/ros2/assignment/build/smart_car' returned '0': CMAKE_PREFIX_PATH=/home/ros2/assignment/install/smartcar_msgs:/home/ros2/assignment/install/smart_car:/home/ros2/assignment/install/car_gazebo_plugin:/home/ros2/assignment/install/ackermann_msgs:/opt/ros/humble LD_LIBRARY_PATH=/home/ros2/assignment/install/smartcar_msgs/lib:/home/ros2/assignment/install/car_gazebo_plugin/lib:/home/ros2/assignment/install/ackermann_msgs/lib:/usr/lib/x86_64-linux-gnu/gazebo-11/plugins:/opt/ros/humble/opt/rviz_ogre_vendor/lib:/opt/ros/humble/lib/x86_64-linux-gnu:/opt/ros/humble/lib:/usr/lib/x86_64-linux-gnu/gazebo-11/plugins:/usr/lib/x86_64-linux-gnu/gazebo-11/plugins:/usr/lib/x86_64-linux-gnu/gazebo-11/plugins /usr/bin/cmake --build /home/ros2/assignment/build/smart_car -- -j8 -l8
[0.973s] Invoking command in '/home/ros2/assignment/build/smart_car': CMAKE_PREFIX_PATH=/home/ros2/assignment/install/smartcar_msgs:/home/ros2/assignment/install/smart_car:/home/ros2/assignment/install/car_gazebo_plugin:/home/ros2/assignment/install/ackermann_msgs:/opt/ros/humble LD_LIBRARY_PATH=/home/ros2/assignment/install/smartcar_msgs/lib:/home/ros2/assignment/install/car_gazebo_plugin/lib:/home/ros2/assignment/install/ackermann_msgs/lib:/usr/lib/x86_64-linux-gnu/gazebo-11/plugins:/opt/ros/humble/opt/rviz_ogre_vendor/lib:/opt/ros/humble/lib/x86_64-linux-gnu:/opt/ros/humble/lib:/usr/lib/x86_64-linux-gnu/gazebo-11/plugins:/usr/lib/x86_64-linux-gnu/gazebo-11/plugins:/usr/lib/x86_64-linux-gnu/gazebo-11/plugins /usr/bin/cmake --install /home/ros2/assignment/build/smart_car
[0.985s] -- Install configuration: ""
[0.986s] -- Up-to-date: /home/ros2/assignment/install/smart_car/lib/smart_car/wheel_odometry
[0.986s] -- Up-to-date: /home/ros2/assignment/install/smart_car/lib/smart_car/joint_state_publisher
[0.986s] -- Up-to-date: /home/ros2/assignment/install/smart_car/share/smart_car/launch/gazebo.launch.py
[0.986s] -- Up-to-date: /home/ros2/assignment/install/smart_car/share/smart_car/launch/smartcar.launch.py
[0.986s] -- Up-to-date: /home/ros2/assignment/install/smart_car/share/smart_car/urdf
[0.987s] -- Up-to-date: /home/ros2/assignment/install/smart_car/share/smart_car/urdf/smartcar.urdf.xacro
[0.987s] -- Up-to-date: /home/ros2/assignment/install/smart_car/share/smart_car/urdf/smartcar.urdf
[0.987s] -- Up-to-date: /home/ros2/assignment/install/smart_car/share/smart_car/rviz
[0.987s] -- Up-to-date: /home/ros2/assignment/install/smart_car/share/smart_car/rviz/smartcar.rviz
[0.987s] -- Up-to-date: /home/ros2/assignment/install/smart_car/share/smart_car/world
[0.987s] -- Up-to-date: /home/ros2/assignment/install/smart_car/share/smart_car/world/smalltown.world
[0.987s] -- Up-to-date: /home/ros2/assignment/install/smart_car/share/smart_car/nav2_map
[0.988s] -- Up-to-date: /home/ros2/assignment/install/smart_car/share/smart_car/nav2_map/smalltown_world.yaml
[0.988s] -- Up-to-date: /home/ros2/assignment/install/smart_car/share/smart_car/nav2_map/smalltown_world.pgm
[0.988s] -- Up-to-date: /home/ros2/assignment/install/smart_car/share/smart_car/launch
[0.988s] -- Up-to-date: /home/ros2/assignment/install/smart_car/share/smart_car/launch/gazebo.launch.py
[0.988s] -- Installing: /home/ros2/assignment/install/smart_car/share/smart_car/launch/localization.launch.py
[0.988s] -- Up-to-date: /home/ros2/assignment/install/smart_car/share/smart_car/launch/smartcar.launch.py
[0.988s] -- Installing: /home/ros2/assignment/install/smart_car/share/smart_car/config
[0.989s] -- Installing: /home/ros2/assignment/install/smart_car/share/smart_car/config/ekf_local.yaml
[0.989s] -- Up-to-date: /home/ros2/assignment/install/smart_car/share/ament_index/resource_index/package_run_dependencies/smart_car
[0.989s] -- Up-to-date: /home/ros2/assignment/install/smart_car/share/ament_index/resource_index/parent_prefix_path/smart_car
[0.989s] -- Up-to-date: /home/ros2/assignment/install/smart_car/share/smart_car/environment/ament_prefix_path.sh
[0.989s] -- Installing: /home/ros2/assignment/install/smart_car/share/smart_car/environment/ament_prefix_path.dsv
[0.989s] -- Up-to-date: /home/ros2/assignment/install/smart_car/share/smart_car/environment/path.sh
[0.989s] -- Installing: /home/ros2/assignment/install/smart_car/share/smart_car/environment/path.dsv
[0.989s] -- Up-to-date: /home/ros2/assignment/install/smart_car/share/smart_car/local_setup.bash
[0.989s] -- Up-to-date: /home/ros2/assignment/install/smart_car/share/smart_car/local_setup.sh
[0.990s] -- Up-to-date: /home/ros2/assignment/install/smart_car/share/smart_car/local_setup.zsh
[0.990s] -- Installing: /home/ros2/assignment/install/smart_car/share/smart_car/local_setup.dsv
[0.990s] -- Installing: /home/ros2/assignment/install/smart_car/share/smart_car/package.dsv
[0.990s] -- Up-to-date: /home/ros2/assignment/install/smart_car/share/ament_index/resource_index/packages/smart_car
[0.990s] -- Up-to-date: /home/ros2/assignment/install/smart_car/share/smart_car/cmake/smart_carConfig.cmake
[0.990s] -- Up-to-date: /home/ros2/assignment/install/smart_car/share/smart_car/cmake/smart_carConfig-version.cmake
[0.990s] -- Up-to-date: /home/ros2/assignment/install/smart_car/share/smart_car/package.xml
[0.993s] Invoked command in '/home/ros2/assignment/build/smart_car' returned '0': CMAKE_PREFIX_PATH=/home/ros2/assignment/install/smartcar_msgs:/home/ros2/assignment/install/smart_car:/home/ros2/assignment/install/car_gazebo_plugin:/home/ros2/assignment/install/ackermann_msgs:/opt/ros/humble LD_LIBRARY_PATH=/home/ros2/assignment/install/smartcar_msgs/lib:/home/ros2/assignment/install/car_gazebo_plugin/lib:/home/ros2/assignment/install/ackermann_msgs/lib:/usr/lib/x86_64-linux-gnu/gazebo-11/plugins:/opt/ros/humble/opt/rviz_ogre_vendor/lib:/opt/ros/humble/lib/x86_64-linux-gnu:/opt/ros/humble/lib:/usr/lib/x86_64-linux-gnu/gazebo-11/plugins:/usr/lib/x86_64-linux-gnu/gazebo-11/plugins:/usr/lib/x86_64-linux-gnu/gazebo-11/plugins /usr/bin/cmake --install /home/ros2/assignment/build/smart_car
