[0.467s] DEBUG:colcon:Command line arguments: ['/usr/bin/colcon', 'build']
[0.467s] DEBUG:colcon:Parsed command line arguments: Namespace(log_base=None, log_level=None, verb_name='build', build_base='build', install_base='install', merge_install=False, symlink_install=False, test_result_base=None, continue_on_error=False, executor='parallel', parallel_workers=8, event_handlers=None, ignore_user_meta=False, metas=['./colcon.meta'], base_paths=['.'], packages_ignore=None, packages_ignore_regex=None, paths=None, packages_up_to=None, packages_up_to_regex=None, packages_above=None, packages_above_and_dependencies=None, packages_above_depth=None, packages_select_by_dep=None, packages_skip_by_dep=None, packages_skip_up_to=None, packages_select_build_failed=False, packages_skip_build_finished=False, packages_select_test_failures=False, packages_skip_test_passed=False, packages_select=None, packages_skip=None, packages_select_regex=None, packages_skip_regex=None, packages_start=None, packages_end=None, allow_overriding=[], cmake_args=None, cmake_target=None, cmake_target_skip_unavailable=False, cmake_clean_cache=False, cmake_clean_first=False, cmake_force_configure=False, ament_cmake_args=None, catkin_cmake_args=None, catkin_skip_building_tests=False, mixin_files=None, mixin=None, verb_parser=<colcon_mixin.mixin.mixin_argument.MixinArgumentDecorator object at 0x7d6665237730>, verb_extension=<colcon_core.verb.build.BuildVerb object at 0x7d66653788b0>, main=<bound method BuildVerb.main of <colcon_core.verb.build.BuildVerb object at 0x7d66653788b0>>, mixin_verb=('build',))
[0.927s] Level 1:colcon.colcon_core.package_discovery:discover_packages(colcon_meta) check parameters
[0.927s] Level 1:colcon.colcon_core.package_discovery:discover_packages(recursive) check parameters
[0.927s] Level 1:colcon.colcon_core.package_discovery:discover_packages(ignore) check parameters
[0.927s] Level 1:colcon.colcon_core.package_discovery:discover_packages(path) check parameters
[0.927s] Level 1:colcon.colcon_core.package_discovery:discover_packages(colcon_meta) discover
[0.928s] Level 1:colcon.colcon_core.package_discovery:discover_packages(recursive) discover
[0.928s] INFO:colcon.colcon_core.package_discovery:Crawling recursively for packages in '/home/ros2/assignment'
[0.928s] Level 1:colcon.colcon_core.package_identification:_identify(.) by extensions ['ignore', 'ignore_ament_install']
[0.928s] Level 1:colcon.colcon_core.package_identification:_identify(.) by extension 'ignore'
[0.928s] Level 1:colcon.colcon_core.package_identification:_identify(.) by extension 'ignore_ament_install'
[0.928s] Level 1:colcon.colcon_core.package_identification:_identify(.) by extensions ['colcon_pkg']
[0.928s] Level 1:colcon.colcon_core.package_identification:_identify(.) by extension 'colcon_pkg'
[0.928s] Level 1:colcon.colcon_core.package_identification:_identify(.) by extensions ['colcon_meta']
[0.928s] Level 1:colcon.colcon_core.package_identification:_identify(.) by extension 'colcon_meta'
[0.928s] Level 1:colcon.colcon_core.package_identification:_identify(.) by extensions ['ros']
[0.928s] Level 1:colcon.colcon_core.package_identification:_identify(.) by extension 'ros'
[0.948s] Level 1:colcon.colcon_core.package_identification:_identify(.) by extensions ['cmake', 'python']
[0.948s] Level 1:colcon.colcon_core.package_identification:_identify(.) by extension 'cmake'
[0.948s] Level 1:colcon.colcon_core.package_identification:_identify(.) by extension 'python'
[0.948s] Level 1:colcon.colcon_core.package_identification:_identify(.) by extensions ['python_setup_py']
[0.948s] Level 1:colcon.colcon_core.package_identification:_identify(.) by extension 'python_setup_py'
[0.948s] Level 1:colcon.colcon_core.package_identification:_identify(build) by extensions ['ignore', 'ignore_ament_install']
[0.948s] Level 1:colcon.colcon_core.package_identification:_identify(build) by extension 'ignore'
[0.949s] Level 1:colcon.colcon_core.package_identification:_identify(build) ignored
[0.949s] Level 1:colcon.colcon_core.package_identification:_identify(install) by extensions ['ignore', 'ignore_ament_install']
[0.949s] Level 1:colcon.colcon_core.package_identification:_identify(install) by extension 'ignore'
[0.949s] Level 1:colcon.colcon_core.package_identification:_identify(install) ignored
[0.949s] Level 1:colcon.colcon_core.package_identification:_identify(log) by extensions ['ignore', 'ignore_ament_install']
[0.949s] Level 1:colcon.colcon_core.package_identification:_identify(log) by extension 'ignore'
[0.950s] Level 1:colcon.colcon_core.package_identification:_identify(log) ignored
[0.950s] Level 1:colcon.colcon_core.package_identification:_identify(src) by extensions ['ignore', 'ignore_ament_install']
[0.950s] Level 1:colcon.colcon_core.package_identification:_identify(src) by extension 'ignore'
[0.950s] Level 1:colcon.colcon_core.package_identification:_identify(src) by extension 'ignore_ament_install'
[0.950s] Level 1:colcon.colcon_core.package_identification:_identify(src) by extensions ['colcon_pkg']
[0.950s] Level 1:colcon.colcon_core.package_identification:_identify(src) by extension 'colcon_pkg'
[0.951s] Level 1:colcon.colcon_core.package_identification:_identify(src) by extensions ['colcon_meta']
[0.951s] Level 1:colcon.colcon_core.package_identification:_identify(src) by extension 'colcon_meta'
[0.951s] Level 1:colcon.colcon_core.package_identification:_identify(src) by extensions ['ros']
[0.951s] Level 1:colcon.colcon_core.package_identification:_identify(src) by extension 'ros'
[0.951s] Level 1:colcon.colcon_core.package_identification:_identify(src) by extensions ['cmake', 'python']
[0.951s] Level 1:colcon.colcon_core.package_identification:_identify(src) by extension 'cmake'
[0.951s] Level 1:colcon.colcon_core.package_identification:_identify(src) by extension 'python'
[0.951s] Level 1:colcon.colcon_core.package_identification:_identify(src) by extensions ['python_setup_py']
[0.951s] Level 1:colcon.colcon_core.package_identification:_identify(src) by extension 'python_setup_py'
[0.952s] Level 1:colcon.colcon_core.package_identification:_identify(src/ackermann_msgs) by extensions ['ignore', 'ignore_ament_install']
[0.952s] Level 1:colcon.colcon_core.package_identification:_identify(src/ackermann_msgs) by extension 'ignore'
[0.952s] Level 1:colcon.colcon_core.package_identification:_identify(src/ackermann_msgs) by extension 'ignore_ament_install'
[0.952s] Level 1:colcon.colcon_core.package_identification:_identify(src/ackermann_msgs) by extensions ['colcon_pkg']
[0.952s] Level 1:colcon.colcon_core.package_identification:_identify(src/ackermann_msgs) by extension 'colcon_pkg'
[0.952s] Level 1:colcon.colcon_core.package_identification:_identify(src/ackermann_msgs) by extensions ['colcon_meta']
[0.952s] Level 1:colcon.colcon_core.package_identification:_identify(src/ackermann_msgs) by extension 'colcon_meta'
[0.952s] Level 1:colcon.colcon_core.package_identification:_identify(src/ackermann_msgs) by extensions ['ros']
[0.952s] Level 1:colcon.colcon_core.package_identification:_identify(src/ackermann_msgs) by extension 'ros'
[0.957s] DEBUG:colcon.colcon_core.package_identification:Package 'src/ackermann_msgs' with type 'ros.ament_cmake' and name 'ackermann_msgs'
[0.958s] Level 1:colcon.colcon_core.package_identification:_identify(src/car_gazebo_plugin) by extensions ['ignore', 'ignore_ament_install']
[0.958s] Level 1:colcon.colcon_core.package_identification:_identify(src/car_gazebo_plugin) by extension 'ignore'
[0.958s] Level 1:colcon.colcon_core.package_identification:_identify(src/car_gazebo_plugin) by extension 'ignore_ament_install'
[0.958s] Level 1:colcon.colcon_core.package_identification:_identify(src/car_gazebo_plugin) by extensions ['colcon_pkg']
[0.958s] Level 1:colcon.colcon_core.package_identification:_identify(src/car_gazebo_plugin) by extension 'colcon_pkg'
[0.958s] Level 1:colcon.colcon_core.package_identification:_identify(src/car_gazebo_plugin) by extensions ['colcon_meta']
[0.958s] Level 1:colcon.colcon_core.package_identification:_identify(src/car_gazebo_plugin) by extension 'colcon_meta'
[0.958s] Level 1:colcon.colcon_core.package_identification:_identify(src/car_gazebo_plugin) by extensions ['ros']
[0.958s] Level 1:colcon.colcon_core.package_identification:_identify(src/car_gazebo_plugin) by extension 'ros'
[0.961s] DEBUG:colcon.colcon_core.package_identification:Package 'src/car_gazebo_plugin' with type 'ros.ament_cmake' and name 'car_gazebo_plugin'
[0.961s] Level 1:colcon.colcon_core.package_identification:_identify(src/smart_car) by extensions ['ignore', 'ignore_ament_install']
[0.961s] Level 1:colcon.colcon_core.package_identification:_identify(src/smart_car) by extension 'ignore'
[0.962s] Level 1:colcon.colcon_core.package_identification:_identify(src/smart_car) by extension 'ignore_ament_install'
[0.962s] Level 1:colcon.colcon_core.package_identification:_identify(src/smart_car) by extensions ['colcon_pkg']
[0.962s] Level 1:colcon.colcon_core.package_identification:_identify(src/smart_car) by extension 'colcon_pkg'
[0.962s] Level 1:colcon.colcon_core.package_identification:_identify(src/smart_car) by extensions ['colcon_meta']
[0.962s] Level 1:colcon.colcon_core.package_identification:_identify(src/smart_car) by extension 'colcon_meta'
[0.962s] Level 1:colcon.colcon_core.package_identification:_identify(src/smart_car) by extensions ['ros']
[0.962s] Level 1:colcon.colcon_core.package_identification:_identify(src/smart_car) by extension 'ros'
[0.964s] DEBUG:colcon.colcon_core.package_identification:Package 'src/smart_car' with type 'ros.ament_cmake' and name 'smart_car'
[0.964s] Level 1:colcon.colcon_core.package_identification:_identify(src/smartcar_msgs) by extensions ['ignore', 'ignore_ament_install']
[0.964s] Level 1:colcon.colcon_core.package_identification:_identify(src/smartcar_msgs) by extension 'ignore'
[0.965s] Level 1:colcon.colcon_core.package_identification:_identify(src/smartcar_msgs) by extension 'ignore_ament_install'
[0.965s] Level 1:colcon.colcon_core.package_identification:_identify(src/smartcar_msgs) by extensions ['colcon_pkg']
[0.965s] Level 1:colcon.colcon_core.package_identification:_identify(src/smartcar_msgs) by extension 'colcon_pkg'
[0.965s] Level 1:colcon.colcon_core.package_identification:_identify(src/smartcar_msgs) by extensions ['colcon_meta']
[0.965s] Level 1:colcon.colcon_core.package_identification:_identify(src/smartcar_msgs) by extension 'colcon_meta'
[0.965s] Level 1:colcon.colcon_core.package_identification:_identify(src/smartcar_msgs) by extensions ['ros']
[0.965s] Level 1:colcon.colcon_core.package_identification:_identify(src/smartcar_msgs) by extension 'ros'
[0.966s] DEBUG:colcon.colcon_core.package_identification:Package 'src/smartcar_msgs' with type 'ros.ament_cmake' and name 'smartcar_msgs'
[0.966s] Level 1:colcon.colcon_core.package_discovery:discover_packages(recursive) using defaults
[0.966s] Level 1:colcon.colcon_core.package_discovery:discover_packages(ignore) discover
[0.966s] Level 1:colcon.colcon_core.package_discovery:discover_packages(ignore) using defaults
[0.966s] Level 1:colcon.colcon_core.package_discovery:discover_packages(path) discover
[0.966s] Level 1:colcon.colcon_core.package_discovery:discover_packages(path) using defaults
[1.037s] Level 1:colcon.colcon_core.package_discovery:discover_packages(prefix_path) check parameters
[1.037s] Level 1:colcon.colcon_core.package_discovery:discover_packages(prefix_path) discover
[1.044s] DEBUG:colcon.colcon_installed_package_information.package_discovery:Found 378 installed packages in /opt/ros/humble
[1.049s] Level 1:colcon.colcon_core.package_discovery:discover_packages(prefix_path) using defaults
[1.137s] WARNING:colcon.colcon_core.package_selection:Some selected packages are already built in one or more underlay workspaces:
	'ackermann_msgs' is in: /opt/ros/humble
If a package in a merged underlay workspace is overridden and it installs headers, then all packages in the overlay must sort their include directories by workspace order. Failure to do so may result in build failures or undefined behavior at run time.
If the overridden package is used by another package in any underlay, then the overriding package in the overlay must be API and ABI compatible or undefined behavior at run time may occur.

If you understand the risks and want to override a package anyways, add the following to the command line:
	--allow-overriding ackermann_msgs

This may be promoted to an error in a future release of colcon-override-check.
[1.139s] Level 5:colcon.colcon_core.verb:set package 'ackermann_msgs' build argument 'cmake_args' from command line to 'None'
[1.139s] Level 5:colcon.colcon_core.verb:set package 'ackermann_msgs' build argument 'cmake_target' from command line to 'None'
[1.139s] Level 5:colcon.colcon_core.verb:set package 'ackermann_msgs' build argument 'cmake_target_skip_unavailable' from command line to 'False'
[1.139s] Level 5:colcon.colcon_core.verb:set package 'ackermann_msgs' build argument 'cmake_clean_cache' from command line to 'False'
[1.139s] Level 5:colcon.colcon_core.verb:set package 'ackermann_msgs' build argument 'cmake_clean_first' from command line to 'False'
[1.139s] Level 5:colcon.colcon_core.verb:set package 'ackermann_msgs' build argument 'cmake_force_configure' from command line to 'False'
[1.139s] Level 5:colcon.colcon_core.verb:set package 'ackermann_msgs' build argument 'ament_cmake_args' from command line to 'None'
[1.139s] Level 5:colcon.colcon_core.verb:set package 'ackermann_msgs' build argument 'catkin_cmake_args' from command line to 'None'
[1.139s] Level 5:colcon.colcon_core.verb:set package 'ackermann_msgs' build argument 'catkin_skip_building_tests' from command line to 'False'
[1.139s] DEBUG:colcon.colcon_core.verb:Building package 'ackermann_msgs' with the following arguments: {'ament_cmake_args': None, 'build_base': '/home/ros2/assignment/build/ackermann_msgs', 'catkin_cmake_args': None, 'catkin_skip_building_tests': False, 'cmake_args': None, 'cmake_clean_cache': False, 'cmake_clean_first': False, 'cmake_force_configure': False, 'cmake_target': None, 'cmake_target_skip_unavailable': False, 'install_base': '/home/ros2/assignment/install/ackermann_msgs', 'merge_install': False, 'path': '/home/ros2/assignment/src/ackermann_msgs', 'symlink_install': False, 'test_result_base': None}
[1.141s] Level 5:colcon.colcon_core.verb:set package 'smartcar_msgs' build argument 'cmake_args' from command line to 'None'
[1.141s] Level 5:colcon.colcon_core.verb:set package 'smartcar_msgs' build argument 'cmake_target' from command line to 'None'
[1.141s] Level 5:colcon.colcon_core.verb:set package 'smartcar_msgs' build argument 'cmake_target_skip_unavailable' from command line to 'False'
[1.141s] Level 5:colcon.colcon_core.verb:set package 'smartcar_msgs' build argument 'cmake_clean_cache' from command line to 'False'
[1.141s] Level 5:colcon.colcon_core.verb:set package 'smartcar_msgs' build argument 'cmake_clean_first' from command line to 'False'
[1.141s] Level 5:colcon.colcon_core.verb:set package 'smartcar_msgs' build argument 'cmake_force_configure' from command line to 'False'
[1.141s] Level 5:colcon.colcon_core.verb:set package 'smartcar_msgs' build argument 'ament_cmake_args' from command line to 'None'
[1.141s] Level 5:colcon.colcon_core.verb:set package 'smartcar_msgs' build argument 'catkin_cmake_args' from command line to 'None'
[1.141s] Level 5:colcon.colcon_core.verb:set package 'smartcar_msgs' build argument 'catkin_skip_building_tests' from command line to 'False'
[1.141s] DEBUG:colcon.colcon_core.verb:Building package 'smartcar_msgs' with the following arguments: {'ament_cmake_args': None, 'build_base': '/home/ros2/assignment/build/smartcar_msgs', 'catkin_cmake_args': None, 'catkin_skip_building_tests': False, 'cmake_args': None, 'cmake_clean_cache': False, 'cmake_clean_first': False, 'cmake_force_configure': False, 'cmake_target': None, 'cmake_target_skip_unavailable': False, 'install_base': '/home/ros2/assignment/install/smartcar_msgs', 'merge_install': False, 'path': '/home/ros2/assignment/src/smartcar_msgs', 'symlink_install': False, 'test_result_base': None}
[1.142s] Level 5:colcon.colcon_core.verb:set package 'car_gazebo_plugin' build argument 'cmake_args' from command line to 'None'
[1.142s] Level 5:colcon.colcon_core.verb:set package 'car_gazebo_plugin' build argument 'cmake_target' from command line to 'None'
[1.142s] Level 5:colcon.colcon_core.verb:set package 'car_gazebo_plugin' build argument 'cmake_target_skip_unavailable' from command line to 'False'
[1.142s] Level 5:colcon.colcon_core.verb:set package 'car_gazebo_plugin' build argument 'cmake_clean_cache' from command line to 'False'
[1.142s] Level 5:colcon.colcon_core.verb:set package 'car_gazebo_plugin' build argument 'cmake_clean_first' from command line to 'False'
[1.142s] Level 5:colcon.colcon_core.verb:set package 'car_gazebo_plugin' build argument 'cmake_force_configure' from command line to 'False'
[1.142s] Level 5:colcon.colcon_core.verb:set package 'car_gazebo_plugin' build argument 'ament_cmake_args' from command line to 'None'
[1.142s] Level 5:colcon.colcon_core.verb:set package 'car_gazebo_plugin' build argument 'catkin_cmake_args' from command line to 'None'
[1.143s] Level 5:colcon.colcon_core.verb:set package 'car_gazebo_plugin' build argument 'catkin_skip_building_tests' from command line to 'False'
[1.143s] DEBUG:colcon.colcon_core.verb:Building package 'car_gazebo_plugin' with the following arguments: {'ament_cmake_args': None, 'build_base': '/home/ros2/assignment/build/car_gazebo_plugin', 'catkin_cmake_args': None, 'catkin_skip_building_tests': False, 'cmake_args': None, 'cmake_clean_cache': False, 'cmake_clean_first': False, 'cmake_force_configure': False, 'cmake_target': None, 'cmake_target_skip_unavailable': False, 'install_base': '/home/ros2/assignment/install/car_gazebo_plugin', 'merge_install': False, 'path': '/home/ros2/assignment/src/car_gazebo_plugin', 'symlink_install': False, 'test_result_base': None}
[1.143s] Level 5:colcon.colcon_core.verb:set package 'smart_car' build argument 'cmake_args' from command line to 'None'
[1.143s] Level 5:colcon.colcon_core.verb:set package 'smart_car' build argument 'cmake_target' from command line to 'None'
[1.143s] Level 5:colcon.colcon_core.verb:set package 'smart_car' build argument 'cmake_target_skip_unavailable' from command line to 'False'
[1.143s] Level 5:colcon.colcon_core.verb:set package 'smart_car' build argument 'cmake_clean_cache' from command line to 'False'
[1.143s] Level 5:colcon.colcon_core.verb:set package 'smart_car' build argument 'cmake_clean_first' from command line to 'False'
[1.143s] Level 5:colcon.colcon_core.verb:set package 'smart_car' build argument 'cmake_force_configure' from command line to 'False'
[1.143s] Level 5:colcon.colcon_core.verb:set package 'smart_car' build argument 'ament_cmake_args' from command line to 'None'
[1.144s] Level 5:colcon.colcon_core.verb:set package 'smart_car' build argument 'catkin_cmake_args' from command line to 'None'
[1.144s] Level 5:colcon.colcon_core.verb:set package 'smart_car' build argument 'catkin_skip_building_tests' from command line to 'False'
[1.144s] DEBUG:colcon.colcon_core.verb:Building package 'smart_car' with the following arguments: {'ament_cmake_args': None, 'build_base': '/home/ros2/assignment/build/smart_car', 'catkin_cmake_args': None, 'catkin_skip_building_tests': False, 'cmake_args': None, 'cmake_clean_cache': False, 'cmake_clean_first': False, 'cmake_force_configure': False, 'cmake_target': None, 'cmake_target_skip_unavailable': False, 'install_base': '/home/ros2/assignment/install/smart_car', 'merge_install': False, 'path': '/home/ros2/assignment/src/smart_car', 'symlink_install': False, 'test_result_base': None}
[1.144s] INFO:colcon.colcon_core.executor:Executing jobs using 'parallel' executor
[1.146s] DEBUG:colcon.colcon_parallel_executor.executor.parallel:run_until_complete
[1.146s] INFO:colcon.colcon_ros.task.ament_cmake.build:Building ROS package in '/home/ros2/assignment/src/smartcar_msgs' with build type 'ament_cmake'
[1.146s] INFO:colcon.colcon_cmake.task.cmake.build:Building CMake package in '/home/ros2/assignment/src/smartcar_msgs'
[1.154s] INFO:colcon.colcon_core.plugin_system:Skipping extension 'colcon_core.shell.bat': Not used on non-Windows systems
[1.155s] INFO:colcon.colcon_core.shell:Skip shell extension 'powershell' for command environment: Not usable outside of PowerShell
[1.155s] DEBUG:colcon.colcon_core.shell:Skip shell extension 'dsv' for command environment
[1.165s] INFO:colcon.colcon_ros.task.ament_cmake.build:Building ROS package in '/home/ros2/assignment/src/ackermann_msgs' with build type 'ament_cmake'
[1.165s] INFO:colcon.colcon_cmake.task.cmake.build:Building CMake package in '/home/ros2/assignment/src/ackermann_msgs'
[1.166s] INFO:colcon.colcon_core.shell:Skip shell extension 'powershell' for command environment: Not usable outside of PowerShell
[1.166s] DEBUG:colcon.colcon_core.shell:Skip shell extension 'dsv' for command environment
[1.179s] DEBUG:colcon.colcon_core.event_handler.log_command:Invoking command in '/home/ros2/assignment/build/smartcar_msgs': CMAKE_PREFIX_PATH=/opt/ros/humble /usr/bin/cmake --build /home/ros2/assignment/build/smartcar_msgs -- -j8 -l8
[1.194s] DEBUG:colcon.colcon_core.event_handler.log_command:Invoking command in '/home/ros2/assignment/build/ackermann_msgs': CMAKE_PREFIX_PATH=/opt/ros/humble /usr/bin/cmake --build /home/ros2/assignment/build/ackermann_msgs -- -j8 -l8
[1.996s] DEBUG:colcon.colcon_core.event_handler.log_command:Invoked command in '/home/ros2/assignment/build/ackermann_msgs' returned '0': CMAKE_PREFIX_PATH=/opt/ros/humble /usr/bin/cmake --build /home/ros2/assignment/build/ackermann_msgs -- -j8 -l8
[2.014s] DEBUG:colcon.colcon_core.event_handler.log_command:Invoking command in '/home/ros2/assignment/build/ackermann_msgs': CMAKE_PREFIX_PATH=/opt/ros/humble /usr/bin/cmake --install /home/ros2/assignment/build/ackermann_msgs
[2.016s] DEBUG:colcon.colcon_core.event_handler.log_command:Invoked command in '/home/ros2/assignment/build/smartcar_msgs' returned '0': CMAKE_PREFIX_PATH=/opt/ros/humble /usr/bin/cmake --build /home/ros2/assignment/build/smartcar_msgs -- -j8 -l8
[2.020s] DEBUG:colcon.colcon_core.event_handler.log_command:Invoking command in '/home/ros2/assignment/build/smartcar_msgs': CMAKE_PREFIX_PATH=/opt/ros/humble /usr/bin/cmake --install /home/ros2/assignment/build/smartcar_msgs
[2.131s] Level 1:colcon.colcon_core.environment:create_environment_scripts_only(smartcar_msgs)
[2.132s] DEBUG:colcon.colcon_core.event_handler.log_command:Invoked command in '/home/ros2/assignment/build/smartcar_msgs' returned '0': CMAKE_PREFIX_PATH=/opt/ros/humble /usr/bin/cmake --install /home/ros2/assignment/build/smartcar_msgs
[2.142s] Level 1:colcon.colcon_core.environment:checking '/home/ros2/assignment/install/smartcar_msgs' for CMake module files
[2.143s] Level 1:colcon.colcon_core.environment:checking '/home/ros2/assignment/install/smartcar_msgs' for CMake config files
[2.145s] Level 1:colcon.colcon_core.shell:create_environment_hook('smartcar_msgs', 'cmake_prefix_path')
[2.145s] INFO:colcon.colcon_core.shell:Creating environment hook '/home/ros2/assignment/install/smartcar_msgs/share/smartcar_msgs/hook/cmake_prefix_path.ps1'
[2.147s] INFO:colcon.colcon_core.shell:Creating environment descriptor '/home/ros2/assignment/install/smartcar_msgs/share/smartcar_msgs/hook/cmake_prefix_path.dsv'
[2.148s] INFO:colcon.colcon_core.shell:Creating environment hook '/home/ros2/assignment/install/smartcar_msgs/share/smartcar_msgs/hook/cmake_prefix_path.sh'
[2.149s] Level 1:colcon.colcon_core.environment:checking '/home/ros2/assignment/install/smartcar_msgs/lib'
[2.149s] Level 1:colcon.colcon_core.shell:create_environment_hook('smartcar_msgs', 'ld_library_path_lib')
[2.150s] INFO:colcon.colcon_core.shell:Creating environment hook '/home/ros2/assignment/install/smartcar_msgs/share/smartcar_msgs/hook/ld_library_path_lib.ps1'
[2.150s] INFO:colcon.colcon_core.shell:Creating environment descriptor '/home/ros2/assignment/install/smartcar_msgs/share/smartcar_msgs/hook/ld_library_path_lib.dsv'
[2.151s] INFO:colcon.colcon_core.shell:Creating environment hook '/home/ros2/assignment/install/smartcar_msgs/share/smartcar_msgs/hook/ld_library_path_lib.sh'
[2.151s] Level 1:colcon.colcon_core.environment:checking '/home/ros2/assignment/install/smartcar_msgs/bin'
[2.151s] Level 1:colcon.colcon_core.environment:checking '/home/ros2/assignment/install/smartcar_msgs/lib/pkgconfig/smartcar_msgs.pc'
[2.152s] Level 1:colcon.colcon_core.environment:checking '/home/ros2/assignment/install/smartcar_msgs/lib/python3.10/site-packages'
[2.152s] Level 1:colcon.colcon_core.environment:checking '/home/ros2/assignment/install/smartcar_msgs/bin'
[2.153s] INFO:colcon.colcon_core.shell:Creating package script '/home/ros2/assignment/install/smartcar_msgs/share/smartcar_msgs/package.ps1'
[2.154s] INFO:colcon.colcon_core.shell:Creating package descriptor '/home/ros2/assignment/install/smartcar_msgs/share/smartcar_msgs/package.dsv'
[2.155s] INFO:colcon.colcon_core.shell:Creating package script '/home/ros2/assignment/install/smartcar_msgs/share/smartcar_msgs/package.sh'
[2.158s] INFO:colcon.colcon_core.shell:Creating package script '/home/ros2/assignment/install/smartcar_msgs/share/smartcar_msgs/package.bash'
[2.160s] INFO:colcon.colcon_core.shell:Creating package script '/home/ros2/assignment/install/smartcar_msgs/share/smartcar_msgs/package.zsh'
[2.162s] Level 1:colcon.colcon_core.environment:create_file_with_runtime_dependencies(/home/ros2/assignment/install/smartcar_msgs/share/colcon-core/packages/smartcar_msgs)
[2.163s] Level 1:colcon.colcon_core.environment:create_environment_scripts_only(smartcar_msgs)
[2.163s] Level 1:colcon.colcon_core.environment:checking '/home/ros2/assignment/install/smartcar_msgs' for CMake module files
[2.164s] Level 1:colcon.colcon_core.environment:checking '/home/ros2/assignment/install/smartcar_msgs' for CMake config files
[2.164s] Level 1:colcon.colcon_core.shell:create_environment_hook('smartcar_msgs', 'cmake_prefix_path')
[2.165s] INFO:colcon.colcon_core.shell:Creating environment hook '/home/ros2/assignment/install/smartcar_msgs/share/smartcar_msgs/hook/cmake_prefix_path.ps1'
[2.165s] INFO:colcon.colcon_core.shell:Creating environment descriptor '/home/ros2/assignment/install/smartcar_msgs/share/smartcar_msgs/hook/cmake_prefix_path.dsv'
[2.166s] INFO:colcon.colcon_core.shell:Creating environment hook '/home/ros2/assignment/install/smartcar_msgs/share/smartcar_msgs/hook/cmake_prefix_path.sh'
[2.166s] Level 1:colcon.colcon_core.environment:checking '/home/ros2/assignment/install/smartcar_msgs/lib'
[2.166s] Level 1:colcon.colcon_core.shell:create_environment_hook('smartcar_msgs', 'ld_library_path_lib')
[2.167s] INFO:colcon.colcon_core.shell:Creating environment hook '/home/ros2/assignment/install/smartcar_msgs/share/smartcar_msgs/hook/ld_library_path_lib.ps1'
[2.167s] INFO:colcon.colcon_core.shell:Creating environment descriptor '/home/ros2/assignment/install/smartcar_msgs/share/smartcar_msgs/hook/ld_library_path_lib.dsv'
[2.168s] INFO:colcon.colcon_core.shell:Creating environment hook '/home/ros2/assignment/install/smartcar_msgs/share/smartcar_msgs/hook/ld_library_path_lib.sh'
[2.168s] Level 1:colcon.colcon_core.environment:checking '/home/ros2/assignment/install/smartcar_msgs/bin'
[2.168s] Level 1:colcon.colcon_core.environment:checking '/home/ros2/assignment/install/smartcar_msgs/lib/pkgconfig/smartcar_msgs.pc'
[2.169s] Level 1:colcon.colcon_core.environment:checking '/home/ros2/assignment/install/smartcar_msgs/lib/python3.10/site-packages'
[2.169s] Level 1:colcon.colcon_core.environment:checking '/home/ros2/assignment/install/smartcar_msgs/bin'
[2.170s] INFO:colcon.colcon_core.shell:Creating package script '/home/ros2/assignment/install/smartcar_msgs/share/smartcar_msgs/package.ps1'
[2.170s] INFO:colcon.colcon_core.shell:Creating package descriptor '/home/ros2/assignment/install/smartcar_msgs/share/smartcar_msgs/package.dsv'
[2.171s] INFO:colcon.colcon_core.shell:Creating package script '/home/ros2/assignment/install/smartcar_msgs/share/smartcar_msgs/package.sh'
[2.172s] INFO:colcon.colcon_core.shell:Creating package script '/home/ros2/assignment/install/smartcar_msgs/share/smartcar_msgs/package.bash'
[2.172s] INFO:colcon.colcon_core.shell:Creating package script '/home/ros2/assignment/install/smartcar_msgs/share/smartcar_msgs/package.zsh'
[2.173s] Level 1:colcon.colcon_core.environment:create_file_with_runtime_dependencies(/home/ros2/assignment/install/smartcar_msgs/share/colcon-core/packages/smartcar_msgs)
[2.173s] INFO:colcon.colcon_ros.task.ament_cmake.build:Building ROS package in '/home/ros2/assignment/src/smart_car' with build type 'ament_cmake'
[2.174s] INFO:colcon.colcon_cmake.task.cmake.build:Building CMake package in '/home/ros2/assignment/src/smart_car'
[2.174s] INFO:colcon.colcon_core.shell:Skip shell extension 'powershell' for command environment: Not usable outside of PowerShell
[2.174s] DEBUG:colcon.colcon_core.shell:Skip shell extension 'dsv' for command environment
[2.180s] Level 1:colcon.colcon_core.environment:create_environment_scripts_only(ackermann_msgs)
[2.180s] Level 1:colcon.colcon_core.environment:checking '/home/ros2/assignment/install/ackermann_msgs' for CMake module files
[2.181s] DEBUG:colcon.colcon_core.event_handler.log_command:Invoked command in '/home/ros2/assignment/build/ackermann_msgs' returned '0': CMAKE_PREFIX_PATH=/opt/ros/humble /usr/bin/cmake --install /home/ros2/assignment/build/ackermann_msgs
[2.182s] Level 1:colcon.colcon_core.environment:checking '/home/ros2/assignment/install/ackermann_msgs' for CMake config files
[2.184s] Level 1:colcon.colcon_core.shell:create_environment_hook('ackermann_msgs', 'cmake_prefix_path')
[2.184s] INFO:colcon.colcon_core.shell:Creating environment hook '/home/ros2/assignment/install/ackermann_msgs/share/ackermann_msgs/hook/cmake_prefix_path.ps1'
[2.185s] INFO:colcon.colcon_core.shell:Creating environment descriptor '/home/ros2/assignment/install/ackermann_msgs/share/ackermann_msgs/hook/cmake_prefix_path.dsv'
[2.186s] INFO:colcon.colcon_core.shell:Creating environment hook '/home/ros2/assignment/install/ackermann_msgs/share/ackermann_msgs/hook/cmake_prefix_path.sh'
[2.186s] Level 1:colcon.colcon_core.environment:checking '/home/ros2/assignment/install/ackermann_msgs/lib'
[2.187s] Level 1:colcon.colcon_core.shell:create_environment_hook('ackermann_msgs', 'ld_library_path_lib')
[2.187s] INFO:colcon.colcon_core.shell:Creating environment hook '/home/ros2/assignment/install/ackermann_msgs/share/ackermann_msgs/hook/ld_library_path_lib.ps1'
[2.188s] INFO:colcon.colcon_core.shell:Creating environment descriptor '/home/ros2/assignment/install/ackermann_msgs/share/ackermann_msgs/hook/ld_library_path_lib.dsv'
[2.188s] INFO:colcon.colcon_core.shell:Creating environment hook '/home/ros2/assignment/install/ackermann_msgs/share/ackermann_msgs/hook/ld_library_path_lib.sh'
[2.189s] Level 1:colcon.colcon_core.environment:checking '/home/ros2/assignment/install/ackermann_msgs/bin'
[2.189s] Level 1:colcon.colcon_core.environment:checking '/home/ros2/assignment/install/ackermann_msgs/lib/pkgconfig/ackermann_msgs.pc'
[2.190s] Level 1:colcon.colcon_core.environment:checking '/home/ros2/assignment/install/ackermann_msgs/lib/python3.10/site-packages'
[2.190s] Level 1:colcon.colcon_core.environment:checking '/home/ros2/assignment/install/ackermann_msgs/bin'
[2.191s] INFO:colcon.colcon_core.shell:Creating package script '/home/ros2/assignment/install/ackermann_msgs/share/ackermann_msgs/package.ps1'
[2.192s] INFO:colcon.colcon_core.shell:Creating package descriptor '/home/ros2/assignment/install/ackermann_msgs/share/ackermann_msgs/package.dsv'
[2.193s] INFO:colcon.colcon_core.shell:Creating package script '/home/ros2/assignment/install/ackermann_msgs/share/ackermann_msgs/package.sh'
[2.194s] INFO:colcon.colcon_core.shell:Creating package script '/home/ros2/assignment/install/ackermann_msgs/share/ackermann_msgs/package.bash'
[2.194s] INFO:colcon.colcon_core.shell:Creating package script '/home/ros2/assignment/install/ackermann_msgs/share/ackermann_msgs/package.zsh'
[2.195s] Level 1:colcon.colcon_core.environment:create_file_with_runtime_dependencies(/home/ros2/assignment/install/ackermann_msgs/share/colcon-core/packages/ackermann_msgs)
[2.196s] Level 1:colcon.colcon_core.environment:create_environment_scripts_only(ackermann_msgs)
[2.196s] Level 1:colcon.colcon_core.environment:checking '/home/ros2/assignment/install/ackermann_msgs' for CMake module files
[2.197s] Level 1:colcon.colcon_core.environment:checking '/home/ros2/assignment/install/ackermann_msgs' for CMake config files
[2.198s] Level 1:colcon.colcon_core.shell:create_environment_hook('ackermann_msgs', 'cmake_prefix_path')
[2.198s] INFO:colcon.colcon_core.shell:Creating environment hook '/home/ros2/assignment/install/ackermann_msgs/share/ackermann_msgs/hook/cmake_prefix_path.ps1'
[2.199s] INFO:colcon.colcon_core.shell:Creating environment descriptor '/home/ros2/assignment/install/ackermann_msgs/share/ackermann_msgs/hook/cmake_prefix_path.dsv'
[2.199s] INFO:colcon.colcon_core.shell:Creating environment hook '/home/ros2/assignment/install/ackermann_msgs/share/ackermann_msgs/hook/cmake_prefix_path.sh'
[2.200s] Level 1:colcon.colcon_core.environment:checking '/home/ros2/assignment/install/ackermann_msgs/lib'
[2.200s] Level 1:colcon.colcon_core.shell:create_environment_hook('ackermann_msgs', 'ld_library_path_lib')
[2.201s] INFO:colcon.colcon_core.shell:Creating environment hook '/home/ros2/assignment/install/ackermann_msgs/share/ackermann_msgs/hook/ld_library_path_lib.ps1'
[2.201s] INFO:colcon.colcon_core.shell:Creating environment descriptor '/home/ros2/assignment/install/ackermann_msgs/share/ackermann_msgs/hook/ld_library_path_lib.dsv'
[2.202s] INFO:colcon.colcon_core.shell:Creating environment hook '/home/ros2/assignment/install/ackermann_msgs/share/ackermann_msgs/hook/ld_library_path_lib.sh'
[2.202s] Level 1:colcon.colcon_core.environment:checking '/home/ros2/assignment/install/ackermann_msgs/bin'
[2.202s] Level 1:colcon.colcon_core.environment:checking '/home/ros2/assignment/install/ackermann_msgs/lib/pkgconfig/ackermann_msgs.pc'
[2.203s] Level 1:colcon.colcon_core.environment:checking '/home/ros2/assignment/install/ackermann_msgs/lib/python3.10/site-packages'
[2.203s] Level 1:colcon.colcon_core.environment:checking '/home/ros2/assignment/install/ackermann_msgs/bin'
[2.204s] INFO:colcon.colcon_core.shell:Creating package script '/home/ros2/assignment/install/ackermann_msgs/share/ackermann_msgs/package.ps1'
[2.204s] INFO:colcon.colcon_core.shell:Creating package descriptor '/home/ros2/assignment/install/ackermann_msgs/share/ackermann_msgs/package.dsv'
[2.205s] INFO:colcon.colcon_core.shell:Creating package script '/home/ros2/assignment/install/ackermann_msgs/share/ackermann_msgs/package.sh'
[2.206s] INFO:colcon.colcon_core.shell:Creating package script '/home/ros2/assignment/install/ackermann_msgs/share/ackermann_msgs/package.bash'
[2.207s] INFO:colcon.colcon_core.shell:Creating package script '/home/ros2/assignment/install/ackermann_msgs/share/ackermann_msgs/package.zsh'
[2.207s] Level 1:colcon.colcon_core.environment:create_file_with_runtime_dependencies(/home/ros2/assignment/install/ackermann_msgs/share/colcon-core/packages/ackermann_msgs)
[2.209s] INFO:colcon.colcon_ros.task.ament_cmake.build:Building ROS package in '/home/ros2/assignment/src/car_gazebo_plugin' with build type 'ament_cmake'
[2.209s] INFO:colcon.colcon_cmake.task.cmake.build:Building CMake package in '/home/ros2/assignment/src/car_gazebo_plugin'
[2.209s] INFO:colcon.colcon_core.shell:Skip shell extension 'powershell' for command environment: Not usable outside of PowerShell
[2.209s] DEBUG:colcon.colcon_core.shell:Skip shell extension 'dsv' for command environment
[2.222s] DEBUG:colcon.colcon_core.event_handler.log_command:Invoking command in '/home/ros2/assignment/build/smart_car': AMENT_PREFIX_PATH=/home/ros2/assignment/install/smartcar_msgs:${AMENT_PREFIX_PATH} CMAKE_PREFIX_PATH=/home/ros2/assignment/install/smartcar_msgs:/opt/ros/humble LD_LIBRARY_PATH=/home/ros2/assignment/install/smartcar_msgs/lib:/usr/lib/x86_64-linux-gnu/gazebo-11/plugins:/opt/ros/humble/opt/rviz_ogre_vendor/lib:/opt/ros/humble/lib/x86_64-linux-gnu:/opt/ros/humble/lib:/usr/lib/x86_64-linux-gnu/gazebo-11/plugins PYTHONPATH=/home/ros2/assignment/install/smartcar_msgs/local/lib/python3.10/dist-packages:${PYTHONPATH} /usr/bin/cmake --build /home/ros2/assignment/build/smart_car -- -j8 -l8
[2.233s] DEBUG:colcon.colcon_core.event_handler.log_command:Invoking command in '/home/ros2/assignment/build/car_gazebo_plugin': AMENT_PREFIX_PATH=/home/ros2/assignment/install/smartcar_msgs:/home/ros2/assignment/install/ackermann_msgs:${AMENT_PREFIX_PATH} CMAKE_PREFIX_PATH=/home/ros2/assignment/install/smartcar_msgs:/home/ros2/assignment/install/ackermann_msgs:/opt/ros/humble LD_LIBRARY_PATH=/home/ros2/assignment/install/smartcar_msgs/lib:/home/ros2/assignment/install/ackermann_msgs/lib:/usr/lib/x86_64-linux-gnu/gazebo-11/plugins:/opt/ros/humble/opt/rviz_ogre_vendor/lib:/opt/ros/humble/lib/x86_64-linux-gnu:/opt/ros/humble/lib:/usr/lib/x86_64-linux-gnu/gazebo-11/plugins PYTHONPATH=/home/ros2/assignment/install/smartcar_msgs/local/lib/python3.10/dist-packages:/home/ros2/assignment/install/ackermann_msgs/local/lib/python3.10/dist-packages:${PYTHONPATH} /usr/bin/cmake --build /home/ros2/assignment/build/car_gazebo_plugin -- -j8 -l8
[2.300s] DEBUG:colcon.colcon_core.event_handler.log_command:Invoked command in '/home/ros2/assignment/build/smart_car' returned '0': AMENT_PREFIX_PATH=/home/ros2/assignment/install/smartcar_msgs:${AMENT_PREFIX_PATH} CMAKE_PREFIX_PATH=/home/ros2/assignment/install/smartcar_msgs:/opt/ros/humble LD_LIBRARY_PATH=/home/ros2/assignment/install/smartcar_msgs/lib:/usr/lib/x86_64-linux-gnu/gazebo-11/plugins:/opt/ros/humble/opt/rviz_ogre_vendor/lib:/opt/ros/humble/lib/x86_64-linux-gnu:/opt/ros/humble/lib:/usr/lib/x86_64-linux-gnu/gazebo-11/plugins PYTHONPATH=/home/ros2/assignment/install/smartcar_msgs/local/lib/python3.10/dist-packages:${PYTHONPATH} /usr/bin/cmake --build /home/ros2/assignment/build/smart_car -- -j8 -l8
[2.306s] DEBUG:colcon.colcon_core.event_handler.log_command:Invoking command in '/home/ros2/assignment/build/smart_car': AMENT_PREFIX_PATH=/home/ros2/assignment/install/smartcar_msgs:${AMENT_PREFIX_PATH} CMAKE_PREFIX_PATH=/home/ros2/assignment/install/smartcar_msgs:/opt/ros/humble LD_LIBRARY_PATH=/home/ros2/assignment/install/smartcar_msgs/lib:/usr/lib/x86_64-linux-gnu/gazebo-11/plugins:/opt/ros/humble/opt/rviz_ogre_vendor/lib:/opt/ros/humble/lib/x86_64-linux-gnu:/opt/ros/humble/lib:/usr/lib/x86_64-linux-gnu/gazebo-11/plugins PYTHONPATH=/home/ros2/assignment/install/smartcar_msgs/local/lib/python3.10/dist-packages:${PYTHONPATH} /usr/bin/cmake --install /home/ros2/assignment/build/smart_car
[2.335s] Level 1:colcon.colcon_core.environment:create_environment_scripts_only(smart_car)
[2.335s] Level 1:colcon.colcon_core.environment:checking '/home/ros2/assignment/install/smart_car' for CMake module files
[2.336s] DEBUG:colcon.colcon_core.event_handler.log_command:Invoked command in '/home/ros2/assignment/build/smart_car' returned '0': AMENT_PREFIX_PATH=/home/ros2/assignment/install/smartcar_msgs:${AMENT_PREFIX_PATH} CMAKE_PREFIX_PATH=/home/ros2/assignment/install/smartcar_msgs:/opt/ros/humble LD_LIBRARY_PATH=/home/ros2/assignment/install/smartcar_msgs/lib:/usr/lib/x86_64-linux-gnu/gazebo-11/plugins:/opt/ros/humble/opt/rviz_ogre_vendor/lib:/opt/ros/humble/lib/x86_64-linux-gnu:/opt/ros/humble/lib:/usr/lib/x86_64-linux-gnu/gazebo-11/plugins PYTHONPATH=/home/ros2/assignment/install/smartcar_msgs/local/lib/python3.10/dist-packages:${PYTHONPATH} /usr/bin/cmake --install /home/ros2/assignment/build/smart_car
[2.337s] Level 1:colcon.colcon_core.environment:checking '/home/ros2/assignment/install/smart_car' for CMake config files
[2.340s] Level 1:colcon.colcon_core.shell:create_environment_hook('smart_car', 'cmake_prefix_path')
[2.340s] INFO:colcon.colcon_core.shell:Creating environment hook '/home/ros2/assignment/install/smart_car/share/smart_car/hook/cmake_prefix_path.ps1'
[2.341s] INFO:colcon.colcon_core.shell:Creating environment descriptor '/home/ros2/assignment/install/smart_car/share/smart_car/hook/cmake_prefix_path.dsv'
[2.341s] INFO:colcon.colcon_core.shell:Creating environment hook '/home/ros2/assignment/install/smart_car/share/smart_car/hook/cmake_prefix_path.sh'
[2.342s] Level 1:colcon.colcon_core.environment:checking '/home/ros2/assignment/install/smart_car/lib'
[2.342s] Level 1:colcon.colcon_core.environment:checking '/home/ros2/assignment/install/smart_car/bin'
[2.342s] Level 1:colcon.colcon_core.environment:checking '/home/ros2/assignment/install/smart_car/lib/pkgconfig/smart_car.pc'
[2.343s] Level 1:colcon.colcon_core.environment:checking '/home/ros2/assignment/install/smart_car/lib/python3.10/site-packages'
[2.343s] Level 1:colcon.colcon_core.environment:checking '/home/ros2/assignment/install/smart_car/bin'
[2.344s] INFO:colcon.colcon_core.shell:Creating package script '/home/ros2/assignment/install/smart_car/share/smart_car/package.ps1'
[2.345s] INFO:colcon.colcon_core.shell:Creating package descriptor '/home/ros2/assignment/install/smart_car/share/smart_car/package.dsv'
[2.345s] INFO:colcon.colcon_core.shell:Creating package script '/home/ros2/assignment/install/smart_car/share/smart_car/package.sh'
[2.346s] INFO:colcon.colcon_core.shell:Creating package script '/home/ros2/assignment/install/smart_car/share/smart_car/package.bash'
[2.347s] INFO:colcon.colcon_core.shell:Creating package script '/home/ros2/assignment/install/smart_car/share/smart_car/package.zsh'
[2.347s] Level 1:colcon.colcon_core.environment:create_file_with_runtime_dependencies(/home/ros2/assignment/install/smart_car/share/colcon-core/packages/smart_car)
[2.348s] Level 1:colcon.colcon_core.environment:create_environment_scripts_only(smart_car)
[2.348s] Level 1:colcon.colcon_core.environment:checking '/home/ros2/assignment/install/smart_car' for CMake module files
[2.349s] Level 1:colcon.colcon_core.environment:checking '/home/ros2/assignment/install/smart_car' for CMake config files
[2.350s] Level 1:colcon.colcon_core.shell:create_environment_hook('smart_car', 'cmake_prefix_path')
[2.351s] INFO:colcon.colcon_core.shell:Creating environment hook '/home/ros2/assignment/install/smart_car/share/smart_car/hook/cmake_prefix_path.ps1'
[2.351s] INFO:colcon.colcon_core.shell:Creating environment descriptor '/home/ros2/assignment/install/smart_car/share/smart_car/hook/cmake_prefix_path.dsv'
[2.352s] INFO:colcon.colcon_core.shell:Creating environment hook '/home/ros2/assignment/install/smart_car/share/smart_car/hook/cmake_prefix_path.sh'
[2.352s] Level 1:colcon.colcon_core.environment:checking '/home/ros2/assignment/install/smart_car/lib'
[2.352s] Level 1:colcon.colcon_core.environment:checking '/home/ros2/assignment/install/smart_car/bin'
[2.352s] Level 1:colcon.colcon_core.environment:checking '/home/ros2/assignment/install/smart_car/lib/pkgconfig/smart_car.pc'
[2.353s] Level 1:colcon.colcon_core.environment:checking '/home/ros2/assignment/install/smart_car/lib/python3.10/site-packages'
[2.353s] Level 1:colcon.colcon_core.environment:checking '/home/ros2/assignment/install/smart_car/bin'
[2.354s] INFO:colcon.colcon_core.shell:Creating package script '/home/ros2/assignment/install/smart_car/share/smart_car/package.ps1'
[2.354s] INFO:colcon.colcon_core.shell:Creating package descriptor '/home/ros2/assignment/install/smart_car/share/smart_car/package.dsv'
[2.355s] INFO:colcon.colcon_core.shell:Creating package script '/home/ros2/assignment/install/smart_car/share/smart_car/package.sh'
[2.356s] INFO:colcon.colcon_core.shell:Creating package script '/home/ros2/assignment/install/smart_car/share/smart_car/package.bash'
[2.356s] INFO:colcon.colcon_core.shell:Creating package script '/home/ros2/assignment/install/smart_car/share/smart_car/package.zsh'
[2.357s] Level 1:colcon.colcon_core.environment:create_file_with_runtime_dependencies(/home/ros2/assignment/install/smart_car/share/colcon-core/packages/smart_car)
[2.539s] DEBUG:colcon.colcon_core.event_handler.log_command:Invoked command in '/home/ros2/assignment/build/car_gazebo_plugin' returned '0': AMENT_PREFIX_PATH=/home/ros2/assignment/install/smartcar_msgs:/home/ros2/assignment/install/ackermann_msgs:${AMENT_PREFIX_PATH} CMAKE_PREFIX_PATH=/home/ros2/assignment/install/smartcar_msgs:/home/ros2/assignment/install/ackermann_msgs:/opt/ros/humble LD_LIBRARY_PATH=/home/ros2/assignment/install/smartcar_msgs/lib:/home/ros2/assignment/install/ackermann_msgs/lib:/usr/lib/x86_64-linux-gnu/gazebo-11/plugins:/opt/ros/humble/opt/rviz_ogre_vendor/lib:/opt/ros/humble/lib/x86_64-linux-gnu:/opt/ros/humble/lib:/usr/lib/x86_64-linux-gnu/gazebo-11/plugins PYTHONPATH=/home/ros2/assignment/install/smartcar_msgs/local/lib/python3.10/dist-packages:/home/ros2/assignment/install/ackermann_msgs/local/lib/python3.10/dist-packages:${PYTHONPATH} /usr/bin/cmake --build /home/ros2/assignment/build/car_gazebo_plugin -- -j8 -l8
[2.542s] DEBUG:colcon.colcon_core.event_handler.log_command:Invoking command in '/home/ros2/assignment/build/car_gazebo_plugin': AMENT_PREFIX_PATH=/home/ros2/assignment/install/smartcar_msgs:/home/ros2/assignment/install/ackermann_msgs:${AMENT_PREFIX_PATH} CMAKE_PREFIX_PATH=/home/ros2/assignment/install/smartcar_msgs:/home/ros2/assignment/install/ackermann_msgs:/opt/ros/humble LD_LIBRARY_PATH=/home/ros2/assignment/install/smartcar_msgs/lib:/home/ros2/assignment/install/ackermann_msgs/lib:/usr/lib/x86_64-linux-gnu/gazebo-11/plugins:/opt/ros/humble/opt/rviz_ogre_vendor/lib:/opt/ros/humble/lib/x86_64-linux-gnu:/opt/ros/humble/lib:/usr/lib/x86_64-linux-gnu/gazebo-11/plugins PYTHONPATH=/home/ros2/assignment/install/smartcar_msgs/local/lib/python3.10/dist-packages:/home/ros2/assignment/install/ackermann_msgs/local/lib/python3.10/dist-packages:${PYTHONPATH} /usr/bin/cmake --install /home/ros2/assignment/build/car_gazebo_plugin
[2.565s] Level 1:colcon.colcon_core.environment:create_environment_scripts_only(car_gazebo_plugin)
[2.566s] Level 1:colcon.colcon_core.environment:checking '/home/ros2/assignment/install/car_gazebo_plugin' for CMake module files
[2.567s] DEBUG:colcon.colcon_core.event_handler.log_command:Invoked command in '/home/ros2/assignment/build/car_gazebo_plugin' returned '0': AMENT_PREFIX_PATH=/home/ros2/assignment/install/smartcar_msgs:/home/ros2/assignment/install/ackermann_msgs:${AMENT_PREFIX_PATH} CMAKE_PREFIX_PATH=/home/ros2/assignment/install/smartcar_msgs:/home/ros2/assignment/install/ackermann_msgs:/opt/ros/humble LD_LIBRARY_PATH=/home/ros2/assignment/install/smartcar_msgs/lib:/home/ros2/assignment/install/ackermann_msgs/lib:/usr/lib/x86_64-linux-gnu/gazebo-11/plugins:/opt/ros/humble/opt/rviz_ogre_vendor/lib:/opt/ros/humble/lib/x86_64-linux-gnu:/opt/ros/humble/lib:/usr/lib/x86_64-linux-gnu/gazebo-11/plugins PYTHONPATH=/home/ros2/assignment/install/smartcar_msgs/local/lib/python3.10/dist-packages:/home/ros2/assignment/install/ackermann_msgs/local/lib/python3.10/dist-packages:${PYTHONPATH} /usr/bin/cmake --install /home/ros2/assignment/build/car_gazebo_plugin
[2.568s] Level 1:colcon.colcon_core.environment:checking '/home/ros2/assignment/install/car_gazebo_plugin' for CMake config files
[2.569s] Level 1:colcon.colcon_core.shell:create_environment_hook('car_gazebo_plugin', 'cmake_prefix_path')
[2.570s] INFO:colcon.colcon_core.shell:Creating environment hook '/home/ros2/assignment/install/car_gazebo_plugin/share/car_gazebo_plugin/hook/cmake_prefix_path.ps1'
[2.571s] INFO:colcon.colcon_core.shell:Creating environment descriptor '/home/ros2/assignment/install/car_gazebo_plugin/share/car_gazebo_plugin/hook/cmake_prefix_path.dsv'
[2.571s] INFO:colcon.colcon_core.shell:Creating environment hook '/home/ros2/assignment/install/car_gazebo_plugin/share/car_gazebo_plugin/hook/cmake_prefix_path.sh'
[2.572s] Level 1:colcon.colcon_core.environment:checking '/home/ros2/assignment/install/car_gazebo_plugin/lib'
[2.572s] Level 1:colcon.colcon_core.shell:create_environment_hook('car_gazebo_plugin', 'ld_library_path_lib')
[2.573s] INFO:colcon.colcon_core.shell:Creating environment hook '/home/ros2/assignment/install/car_gazebo_plugin/share/car_gazebo_plugin/hook/ld_library_path_lib.ps1'
[2.573s] INFO:colcon.colcon_core.shell:Creating environment descriptor '/home/ros2/assignment/install/car_gazebo_plugin/share/car_gazebo_plugin/hook/ld_library_path_lib.dsv'
[2.574s] INFO:colcon.colcon_core.shell:Creating environment hook '/home/ros2/assignment/install/car_gazebo_plugin/share/car_gazebo_plugin/hook/ld_library_path_lib.sh'
[2.574s] Level 1:colcon.colcon_core.environment:checking '/home/ros2/assignment/install/car_gazebo_plugin/bin'
[2.574s] Level 1:colcon.colcon_core.environment:checking '/home/ros2/assignment/install/car_gazebo_plugin/lib/pkgconfig/car_gazebo_plugin.pc'
[2.575s] Level 1:colcon.colcon_core.environment:checking '/home/ros2/assignment/install/car_gazebo_plugin/lib/python3.10/site-packages'
[2.575s] Level 1:colcon.colcon_core.environment:checking '/home/ros2/assignment/install/car_gazebo_plugin/bin'
[2.576s] INFO:colcon.colcon_core.shell:Creating package script '/home/ros2/assignment/install/car_gazebo_plugin/share/car_gazebo_plugin/package.ps1'
[2.576s] INFO:colcon.colcon_core.shell:Creating package descriptor '/home/ros2/assignment/install/car_gazebo_plugin/share/car_gazebo_plugin/package.dsv'
[2.577s] INFO:colcon.colcon_core.shell:Creating package script '/home/ros2/assignment/install/car_gazebo_plugin/share/car_gazebo_plugin/package.sh'
[2.578s] INFO:colcon.colcon_core.shell:Creating package script '/home/ros2/assignment/install/car_gazebo_plugin/share/car_gazebo_plugin/package.bash'
[2.578s] INFO:colcon.colcon_core.shell:Creating package script '/home/ros2/assignment/install/car_gazebo_plugin/share/car_gazebo_plugin/package.zsh'
[2.579s] Level 1:colcon.colcon_core.environment:create_file_with_runtime_dependencies(/home/ros2/assignment/install/car_gazebo_plugin/share/colcon-core/packages/car_gazebo_plugin)
[2.580s] Level 1:colcon.colcon_core.environment:create_environment_scripts_only(car_gazebo_plugin)
[2.580s] Level 1:colcon.colcon_core.environment:checking '/home/ros2/assignment/install/car_gazebo_plugin' for CMake module files
[2.581s] Level 1:colcon.colcon_core.environment:checking '/home/ros2/assignment/install/car_gazebo_plugin' for CMake config files
[2.581s] Level 1:colcon.colcon_core.shell:create_environment_hook('car_gazebo_plugin', 'cmake_prefix_path')
[2.581s] INFO:colcon.colcon_core.shell:Creating environment hook '/home/ros2/assignment/install/car_gazebo_plugin/share/car_gazebo_plugin/hook/cmake_prefix_path.ps1'
[2.582s] INFO:colcon.colcon_core.shell:Creating environment descriptor '/home/ros2/assignment/install/car_gazebo_plugin/share/car_gazebo_plugin/hook/cmake_prefix_path.dsv'
[2.582s] INFO:colcon.colcon_core.shell:Creating environment hook '/home/ros2/assignment/install/car_gazebo_plugin/share/car_gazebo_plugin/hook/cmake_prefix_path.sh'
[2.583s] Level 1:colcon.colcon_core.environment:checking '/home/ros2/assignment/install/car_gazebo_plugin/lib'
[2.583s] Level 1:colcon.colcon_core.shell:create_environment_hook('car_gazebo_plugin', 'ld_library_path_lib')
[2.583s] INFO:colcon.colcon_core.shell:Creating environment hook '/home/ros2/assignment/install/car_gazebo_plugin/share/car_gazebo_plugin/hook/ld_library_path_lib.ps1'
[2.584s] INFO:colcon.colcon_core.shell:Creating environment descriptor '/home/ros2/assignment/install/car_gazebo_plugin/share/car_gazebo_plugin/hook/ld_library_path_lib.dsv'
[2.584s] INFO:colcon.colcon_core.shell:Creating environment hook '/home/ros2/assignment/install/car_gazebo_plugin/share/car_gazebo_plugin/hook/ld_library_path_lib.sh'
[2.585s] Level 1:colcon.colcon_core.environment:checking '/home/ros2/assignment/install/car_gazebo_plugin/bin'
[2.585s] Level 1:colcon.colcon_core.environment:checking '/home/ros2/assignment/install/car_gazebo_plugin/lib/pkgconfig/car_gazebo_plugin.pc'
[2.585s] Level 1:colcon.colcon_core.environment:checking '/home/ros2/assignment/install/car_gazebo_plugin/lib/python3.10/site-packages'
[2.586s] Level 1:colcon.colcon_core.environment:checking '/home/ros2/assignment/install/car_gazebo_plugin/bin'
[2.587s] INFO:colcon.colcon_core.shell:Creating package script '/home/ros2/assignment/install/car_gazebo_plugin/share/car_gazebo_plugin/package.ps1'
[2.588s] INFO:colcon.colcon_core.shell:Creating package descriptor '/home/ros2/assignment/install/car_gazebo_plugin/share/car_gazebo_plugin/package.dsv'
[2.588s] INFO:colcon.colcon_core.shell:Creating package script '/home/ros2/assignment/install/car_gazebo_plugin/share/car_gazebo_plugin/package.sh'
[2.589s] INFO:colcon.colcon_core.shell:Creating package script '/home/ros2/assignment/install/car_gazebo_plugin/share/car_gazebo_plugin/package.bash'
[2.590s] INFO:colcon.colcon_core.shell:Creating package script '/home/ros2/assignment/install/car_gazebo_plugin/share/car_gazebo_plugin/package.zsh'
[2.590s] Level 1:colcon.colcon_core.environment:create_file_with_runtime_dependencies(/home/ros2/assignment/install/car_gazebo_plugin/share/colcon-core/packages/car_gazebo_plugin)
[2.591s] DEBUG:colcon.colcon_parallel_executor.executor.parallel:closing loop
[2.592s] DEBUG:colcon.colcon_parallel_executor.executor.parallel:loop closed
[2.592s] DEBUG:colcon.colcon_parallel_executor.executor.parallel:run_until_complete finished with '0'
[2.592s] DEBUG:colcon.colcon_core.event_reactor:joining thread
[2.602s] INFO:colcon.colcon_core.plugin_system:Skipping extension 'colcon_notification.desktop_notification.terminal_notifier': Not used on non-Darwin systems
[2.602s] INFO:colcon.colcon_core.plugin_system:Skipping extension 'colcon_notification.desktop_notification.win32': Not used on non-Windows systems
[2.602s] INFO:colcon.colcon_notification.desktop_notification:Sending desktop notification using 'notify2'
[2.632s] DEBUG:colcon.colcon_core.event_reactor:joined thread
[2.632s] INFO:colcon.colcon_core.shell:Creating prefix script '/home/ros2/assignment/install/local_setup.ps1'
[2.634s] INFO:colcon.colcon_core.shell:Creating prefix util module '/home/ros2/assignment/install/_local_setup_util_ps1.py'
[2.639s] INFO:colcon.colcon_core.shell:Creating prefix chain script '/home/ros2/assignment/install/setup.ps1'
[2.642s] INFO:colcon.colcon_core.shell:Creating prefix script '/home/ros2/assignment/install/local_setup.sh'
[2.643s] INFO:colcon.colcon_core.shell:Creating prefix util module '/home/ros2/assignment/install/_local_setup_util_sh.py'
[2.645s] INFO:colcon.colcon_core.shell:Creating prefix chain script '/home/ros2/assignment/install/setup.sh'
[2.646s] INFO:colcon.colcon_core.shell:Creating prefix script '/home/ros2/assignment/install/local_setup.bash'
[2.648s] INFO:colcon.colcon_core.shell:Creating prefix chain script '/home/ros2/assignment/install/setup.bash'
[2.650s] INFO:colcon.colcon_core.shell:Creating prefix script '/home/ros2/assignment/install/local_setup.zsh'
[2.651s] INFO:colcon.colcon_core.shell:Creating prefix chain script '/home/ros2/assignment/install/setup.zsh'
