[0.042s] Invoking command in '/home/ros2/assignment/build/smartcar_msgs': CMAKE_PREFIX_PATH=${CMAKE_PREFIX_PATH}:/opt/ros/humble /usr/bin/cmake --build /home/ros2/assignment/build/smartcar_msgs -- -j8 -l8
[0.192s] [  3%] Built target smartcar_msgs__cpp
[0.283s] [  3%] Built target ament_cmake_python_copy_smartcar_msgs
[0.330s] [ 12%] Built target smartcar_msgs__rosidl_typesupport_fastrtps_cpp
[0.865s] running egg_info
[0.866s] writing smartcar_msgs.egg-info/PKG-INFO
[0.866s] writing dependency_links to smartcar_msgs.egg-info/dependency_links.txt
[0.867s] writing top-level names to smartcar_msgs.egg-info/top_level.txt
[0.872s] reading manifest file 'smartcar_msgs.egg-info/SOURCES.txt'
[0.873s] writing manifest file 'smartcar_msgs.egg-info/SOURCES.txt'
[0.927s] [ 12%] Built target ament_cmake_python_build_smartcar_msgs_egg
[0.967s] [ 22%] Built target smartcar_msgs__rosidl_typesupport_cpp
[1.005s] [ 32%] Built target smartcar_msgs__rosidl_typesupport_introspection_cpp
[1.038s] [ 41%] Built target smartcar_msgs__rosidl_generator_c
[1.079s] [ 51%] Built target smartcar_msgs__rosidl_typesupport_fastrtps_c
[1.116s] [ 61%] Built target smartcar_msgs__rosidl_typesupport_c
[1.155s] [ 70%] Built target smartcar_msgs__rosidl_typesupport_introspection_c
[1.196s] [ 70%] Built target smartcar_msgs
[1.231s] [ 74%] Built target smartcar_msgs__py
[1.292s] [ 80%] Built target smartcar_msgs__rosidl_generator_py
[1.335s] [ 87%] Built target smartcar_msgs__rosidl_typesupport_fastrtps_c__pyext
[1.380s] [ 93%] Built target smartcar_msgs__rosidl_typesupport_c__pyext
[1.420s] [100%] Built target smartcar_msgs__rosidl_typesupport_introspection_c__pyext
[1.440s] Invoked command in '/home/ros2/assignment/build/smartcar_msgs' returned '0': CMAKE_PREFIX_PATH=${CMAKE_PREFIX_PATH}:/opt/ros/humble /usr/bin/cmake --build /home/ros2/assignment/build/smartcar_msgs -- -j8 -l8
[1.461s] Invoking command in '/home/ros2/assignment/build/smartcar_msgs': CMAKE_PREFIX_PATH=${CMAKE_PREFIX_PATH}:/opt/ros/humble /usr/bin/cmake --install /home/ros2/assignment/build/smartcar_msgs
[1.478s] -- Install configuration: ""
[1.479s] -- Up-to-date: /home/ros2/assignment/install/smartcar_msgs/share/ament_index/resource_index/rosidl_interfaces/smartcar_msgs
[1.479s] -- Up-to-date: /home/ros2/assignment/install/smartcar_msgs/include/smartcar_msgs/smartcar_msgs
[1.479s] -- Up-to-date: /home/ros2/assignment/install/smartcar_msgs/include/smartcar_msgs/smartcar_msgs/msg
[1.480s] -- Up-to-date: /home/ros2/assignment/install/smartcar_msgs/include/smartcar_msgs/smartcar_msgs/msg/status.h
[1.480s] -- Up-to-date: /home/ros2/assignment/install/smartcar_msgs/include/smartcar_msgs/smartcar_msgs/msg/rosidl_generator_c__visibility_control.h
[1.480s] -- Up-to-date: /home/ros2/assignment/install/smartcar_msgs/include/smartcar_msgs/smartcar_msgs/msg/detail
[1.480s] -- Up-to-date: /home/ros2/assignment/install/smartcar_msgs/include/smartcar_msgs/smartcar_msgs/msg/detail/status__type_support.h
[1.481s] -- Up-to-date: /home/ros2/assignment/install/smartcar_msgs/include/smartcar_msgs/smartcar_msgs/msg/detail/status__functions.h
[1.481s] -- Up-to-date: /home/ros2/assignment/install/smartcar_msgs/include/smartcar_msgs/smartcar_msgs/msg/detail/status__struct.h
[1.481s] -- Up-to-date: /home/ros2/assignment/install/smartcar_msgs/include/smartcar_msgs/smartcar_msgs/msg/detail/status__functions.c
[1.481s] -- Up-to-date: /home/ros2/assignment/install/smartcar_msgs/share/smartcar_msgs/environment/library_path.sh
[1.481s] -- Up-to-date: /home/ros2/assignment/install/smartcar_msgs/share/smartcar_msgs/environment/library_path.dsv
[1.482s] -- Up-to-date: /home/ros2/assignment/install/smartcar_msgs/lib/libsmartcar_msgs__rosidl_generator_c.so
[1.482s] -- Up-to-date: /home/ros2/assignment/install/smartcar_msgs/include/smartcar_msgs/smartcar_msgs
[1.482s] -- Up-to-date: /home/ros2/assignment/install/smartcar_msgs/include/smartcar_msgs/smartcar_msgs/msg
[1.482s] -- Up-to-date: /home/ros2/assignment/install/smartcar_msgs/include/smartcar_msgs/smartcar_msgs/msg/rosidl_typesupport_fastrtps_c__visibility_control.h
[1.482s] -- Up-to-date: /home/ros2/assignment/install/smartcar_msgs/include/smartcar_msgs/smartcar_msgs/msg/detail
[1.483s] -- Up-to-date: /home/ros2/assignment/install/smartcar_msgs/include/smartcar_msgs/smartcar_msgs/msg/detail/status__rosidl_typesupport_fastrtps_c.h
[1.483s] -- Up-to-date: /home/ros2/assignment/install/smartcar_msgs/lib/libsmartcar_msgs__rosidl_typesupport_fastrtps_c.so
[1.483s] -- Up-to-date: /home/ros2/assignment/install/smartcar_msgs/include/smartcar_msgs/smartcar_msgs
[1.483s] -- Up-to-date: /home/ros2/assignment/install/smartcar_msgs/include/smartcar_msgs/smartcar_msgs/msg
[1.483s] -- Up-to-date: /home/ros2/assignment/install/smartcar_msgs/include/smartcar_msgs/smartcar_msgs/msg/detail
[1.484s] -- Up-to-date: /home/ros2/assignment/install/smartcar_msgs/include/smartcar_msgs/smartcar_msgs/msg/detail/status__type_support.c
[1.484s] -- Up-to-date: /home/ros2/assignment/install/smartcar_msgs/include/smartcar_msgs/smartcar_msgs/msg/detail/status__rosidl_typesupport_introspection_c.h
[1.484s] -- Up-to-date: /home/ros2/assignment/install/smartcar_msgs/include/smartcar_msgs/smartcar_msgs/msg/rosidl_typesupport_introspection_c__visibility_control.h
[1.484s] -- Up-to-date: /home/ros2/assignment/install/smartcar_msgs/lib/libsmartcar_msgs__rosidl_typesupport_introspection_c.so
[1.485s] -- Up-to-date: /home/ros2/assignment/install/smartcar_msgs/lib/libsmartcar_msgs__rosidl_typesupport_c.so
[1.485s] -- Up-to-date: /home/ros2/assignment/install/smartcar_msgs/include/smartcar_msgs/smartcar_msgs
[1.485s] -- Up-to-date: /home/ros2/assignment/install/smartcar_msgs/include/smartcar_msgs/smartcar_msgs/msg
[1.485s] -- Up-to-date: /home/ros2/assignment/install/smartcar_msgs/include/smartcar_msgs/smartcar_msgs/msg/rosidl_generator_cpp__visibility_control.hpp
[1.485s] -- Up-to-date: /home/ros2/assignment/install/smartcar_msgs/include/smartcar_msgs/smartcar_msgs/msg/detail
[1.486s] -- Up-to-date: /home/ros2/assignment/install/smartcar_msgs/include/smartcar_msgs/smartcar_msgs/msg/detail/status__traits.hpp
[1.486s] -- Up-to-date: /home/ros2/assignment/install/smartcar_msgs/include/smartcar_msgs/smartcar_msgs/msg/detail/status__struct.hpp
[1.486s] -- Up-to-date: /home/ros2/assignment/install/smartcar_msgs/include/smartcar_msgs/smartcar_msgs/msg/detail/status__type_support.hpp
[1.487s] -- Up-to-date: /home/ros2/assignment/install/smartcar_msgs/include/smartcar_msgs/smartcar_msgs/msg/detail/status__builder.hpp
[1.487s] -- Up-to-date: /home/ros2/assignment/install/smartcar_msgs/include/smartcar_msgs/smartcar_msgs/msg/status.hpp
[1.487s] -- Up-to-date: /home/ros2/assignment/install/smartcar_msgs/include/smartcar_msgs/smartcar_msgs
[1.487s] -- Up-to-date: /home/ros2/assignment/install/smartcar_msgs/include/smartcar_msgs/smartcar_msgs/msg
[1.487s] -- Up-to-date: /home/ros2/assignment/install/smartcar_msgs/include/smartcar_msgs/smartcar_msgs/msg/rosidl_typesupport_fastrtps_cpp__visibility_control.h
[1.487s] -- Up-to-date: /home/ros2/assignment/install/smartcar_msgs/include/smartcar_msgs/smartcar_msgs/msg/detail
[1.487s] -- Up-to-date: /home/ros2/assignment/install/smartcar_msgs/include/smartcar_msgs/smartcar_msgs/msg/detail/status__rosidl_typesupport_fastrtps_cpp.hpp
[1.488s] -- Up-to-date: /home/ros2/assignment/install/smartcar_msgs/include/smartcar_msgs/smartcar_msgs/msg/detail/dds_fastrtps
[1.488s] -- Up-to-date: /home/ros2/assignment/install/smartcar_msgs/lib/libsmartcar_msgs__rosidl_typesupport_fastrtps_cpp.so
[1.488s] -- Up-to-date: /home/ros2/assignment/install/smartcar_msgs/include/smartcar_msgs/smartcar_msgs
[1.488s] -- Up-to-date: /home/ros2/assignment/install/smartcar_msgs/include/smartcar_msgs/smartcar_msgs/msg
[1.488s] -- Up-to-date: /home/ros2/assignment/install/smartcar_msgs/include/smartcar_msgs/smartcar_msgs/msg/detail
[1.488s] -- Up-to-date: /home/ros2/assignment/install/smartcar_msgs/include/smartcar_msgs/smartcar_msgs/msg/detail/status__type_support.cpp
[1.489s] -- Up-to-date: /home/ros2/assignment/install/smartcar_msgs/include/smartcar_msgs/smartcar_msgs/msg/detail/status__rosidl_typesupport_introspection_cpp.hpp
[1.489s] -- Up-to-date: /home/ros2/assignment/install/smartcar_msgs/lib/libsmartcar_msgs__rosidl_typesupport_introspection_cpp.so
[1.489s] -- Up-to-date: /home/ros2/assignment/install/smartcar_msgs/lib/libsmartcar_msgs__rosidl_typesupport_cpp.so
[1.489s] -- Up-to-date: /home/ros2/assignment/install/smartcar_msgs/share/smartcar_msgs/environment/pythonpath.sh
[1.489s] -- Up-to-date: /home/ros2/assignment/install/smartcar_msgs/share/smartcar_msgs/environment/pythonpath.dsv
[1.489s] -- Up-to-date: /home/ros2/assignment/install/smartcar_msgs/local/lib/python3.10/dist-packages/smartcar_msgs-0.0.0-py3.10.egg-info
[1.489s] -- Installing: /home/ros2/assignment/install/smartcar_msgs/local/lib/python3.10/dist-packages/smartcar_msgs-0.0.0-py3.10.egg-info/SOURCES.txt
[1.489s] -- Installing: /home/ros2/assignment/install/smartcar_msgs/local/lib/python3.10/dist-packages/smartcar_msgs-0.0.0-py3.10.egg-info/PKG-INFO
[1.489s] -- Installing: /home/ros2/assignment/install/smartcar_msgs/local/lib/python3.10/dist-packages/smartcar_msgs-0.0.0-py3.10.egg-info/top_level.txt
[1.490s] -- Installing: /home/ros2/assignment/install/smartcar_msgs/local/lib/python3.10/dist-packages/smartcar_msgs-0.0.0-py3.10.egg-info/dependency_links.txt
[1.490s] -- Up-to-date: /home/ros2/assignment/install/smartcar_msgs/local/lib/python3.10/dist-packages/smartcar_msgs
[1.490s] -- Up-to-date: /home/ros2/assignment/install/smartcar_msgs/local/lib/python3.10/dist-packages/smartcar_msgs/__init__.py
[1.490s] -- Up-to-date: /home/ros2/assignment/install/smartcar_msgs/local/lib/python3.10/dist-packages/smartcar_msgs/libsmartcar_msgs__rosidl_generator_py.so
[1.490s] -- Up-to-date: /home/ros2/assignment/install/smartcar_msgs/local/lib/python3.10/dist-packages/smartcar_msgs/smartcar_msgs_s__rosidl_typesupport_introspection_c.cpython-310-x86_64-linux-gnu.so
[1.490s] -- Up-to-date: /home/ros2/assignment/install/smartcar_msgs/local/lib/python3.10/dist-packages/smartcar_msgs/_smartcar_msgs_s.ep.rosidl_typesupport_c.c
[1.491s] -- Up-to-date: /home/ros2/assignment/install/smartcar_msgs/local/lib/python3.10/dist-packages/smartcar_msgs/_smartcar_msgs_s.ep.rosidl_typesupport_fastrtps_c.c
[1.491s] -- Up-to-date: /home/ros2/assignment/install/smartcar_msgs/local/lib/python3.10/dist-packages/smartcar_msgs/smartcar_msgs_s__rosidl_typesupport_fastrtps_c.cpython-310-x86_64-linux-gnu.so
[1.491s] -- Up-to-date: /home/ros2/assignment/install/smartcar_msgs/local/lib/python3.10/dist-packages/smartcar_msgs/smartcar_msgs_s__rosidl_typesupport_c.cpython-310-x86_64-linux-gnu.so
[1.491s] -- Up-to-date: /home/ros2/assignment/install/smartcar_msgs/local/lib/python3.10/dist-packages/smartcar_msgs/_smartcar_msgs_s.ep.rosidl_typesupport_introspection_c.c
[1.491s] -- Up-to-date: /home/ros2/assignment/install/smartcar_msgs/local/lib/python3.10/dist-packages/smartcar_msgs/msg
[1.491s] -- Up-to-date: /home/ros2/assignment/install/smartcar_msgs/local/lib/python3.10/dist-packages/smartcar_msgs/msg/__init__.py
[1.491s] -- Up-to-date: /home/ros2/assignment/install/smartcar_msgs/local/lib/python3.10/dist-packages/smartcar_msgs/msg/_status_s.c
[1.492s] -- Up-to-date: /home/ros2/assignment/install/smartcar_msgs/local/lib/python3.10/dist-packages/smartcar_msgs/msg/_status.py
[1.543s] Listing '/home/ros2/assignment/install/smartcar_msgs/local/lib/python3.10/dist-packages/smartcar_msgs'...
[1.544s] Listing '/home/ros2/assignment/install/smartcar_msgs/local/lib/python3.10/dist-packages/smartcar_msgs/msg'...
[1.554s] -- Up-to-date: /home/ros2/assignment/install/smartcar_msgs/local/lib/python3.10/dist-packages/smartcar_msgs/smartcar_msgs_s__rosidl_typesupport_fastrtps_c.cpython-310-x86_64-linux-gnu.so
[1.554s] -- Up-to-date: /home/ros2/assignment/install/smartcar_msgs/local/lib/python3.10/dist-packages/smartcar_msgs/smartcar_msgs_s__rosidl_typesupport_introspection_c.cpython-310-x86_64-linux-gnu.so
[1.554s] -- Up-to-date: /home/ros2/assignment/install/smartcar_msgs/local/lib/python3.10/dist-packages/smartcar_msgs/smartcar_msgs_s__rosidl_typesupport_c.cpython-310-x86_64-linux-gnu.so
[1.555s] -- Up-to-date: /home/ros2/assignment/install/smartcar_msgs/lib/libsmartcar_msgs__rosidl_generator_py.so
[1.556s] -- Up-to-date: /home/ros2/assignment/install/smartcar_msgs/share/smartcar_msgs/msg/Status.idl
[1.556s] -- Up-to-date: /home/ros2/assignment/install/smartcar_msgs/share/smartcar_msgs/msg/Status.msg
[1.557s] -- Up-to-date: /home/ros2/assignment/install/smartcar_msgs/share/ament_index/resource_index/package_run_dependencies/smartcar_msgs
[1.558s] -- Up-to-date: /home/ros2/assignment/install/smartcar_msgs/share/ament_index/resource_index/parent_prefix_path/smartcar_msgs
[1.558s] -- Up-to-date: /home/ros2/assignment/install/smartcar_msgs/share/smartcar_msgs/environment/ament_prefix_path.sh
[1.559s] -- Up-to-date: /home/ros2/assignment/install/smartcar_msgs/share/smartcar_msgs/environment/ament_prefix_path.dsv
[1.559s] -- Up-to-date: /home/ros2/assignment/install/smartcar_msgs/share/smartcar_msgs/environment/path.sh
[1.559s] -- Up-to-date: /home/ros2/assignment/install/smartcar_msgs/share/smartcar_msgs/environment/path.dsv
[1.559s] -- Up-to-date: /home/ros2/assignment/install/smartcar_msgs/share/smartcar_msgs/local_setup.bash
[1.559s] -- Up-to-date: /home/ros2/assignment/install/smartcar_msgs/share/smartcar_msgs/local_setup.sh
[1.559s] -- Up-to-date: /home/ros2/assignment/install/smartcar_msgs/share/smartcar_msgs/local_setup.zsh
[1.559s] -- Up-to-date: /home/ros2/assignment/install/smartcar_msgs/share/smartcar_msgs/local_setup.dsv
[1.559s] -- Installing: /home/ros2/assignment/install/smartcar_msgs/share/smartcar_msgs/package.dsv
[1.560s] -- Up-to-date: /home/ros2/assignment/install/smartcar_msgs/share/ament_index/resource_index/packages/smartcar_msgs
[1.560s] -- Up-to-date: /home/ros2/assignment/install/smartcar_msgs/share/smartcar_msgs/cmake/export_smartcar_msgs__rosidl_generator_cExport.cmake
[1.560s] -- Up-to-date: /home/ros2/assignment/install/smartcar_msgs/share/smartcar_msgs/cmake/export_smartcar_msgs__rosidl_generator_cExport-noconfig.cmake
[1.560s] -- Up-to-date: /home/ros2/assignment/install/smartcar_msgs/share/smartcar_msgs/cmake/export_smartcar_msgs__rosidl_typesupport_fastrtps_cExport.cmake
[1.560s] -- Up-to-date: /home/ros2/assignment/install/smartcar_msgs/share/smartcar_msgs/cmake/export_smartcar_msgs__rosidl_typesupport_fastrtps_cExport-noconfig.cmake
[1.560s] -- Up-to-date: /home/ros2/assignment/install/smartcar_msgs/share/smartcar_msgs/cmake/smartcar_msgs__rosidl_typesupport_introspection_cExport.cmake
[1.560s] -- Up-to-date: /home/ros2/assignment/install/smartcar_msgs/share/smartcar_msgs/cmake/smartcar_msgs__rosidl_typesupport_introspection_cExport-noconfig.cmake
[1.561s] -- Up-to-date: /home/ros2/assignment/install/smartcar_msgs/share/smartcar_msgs/cmake/smartcar_msgs__rosidl_typesupport_cExport.cmake
[1.561s] -- Up-to-date: /home/ros2/assignment/install/smartcar_msgs/share/smartcar_msgs/cmake/smartcar_msgs__rosidl_typesupport_cExport-noconfig.cmake
[1.561s] -- Up-to-date: /home/ros2/assignment/install/smartcar_msgs/share/smartcar_msgs/cmake/export_smartcar_msgs__rosidl_generator_cppExport.cmake
[1.561s] -- Up-to-date: /home/ros2/assignment/install/smartcar_msgs/share/smartcar_msgs/cmake/export_smartcar_msgs__rosidl_typesupport_fastrtps_cppExport.cmake
[1.561s] -- Up-to-date: /home/ros2/assignment/install/smartcar_msgs/share/smartcar_msgs/cmake/export_smartcar_msgs__rosidl_typesupport_fastrtps_cppExport-noconfig.cmake
[1.561s] -- Up-to-date: /home/ros2/assignment/install/smartcar_msgs/share/smartcar_msgs/cmake/smartcar_msgs__rosidl_typesupport_introspection_cppExport.cmake
[1.561s] -- Up-to-date: /home/ros2/assignment/install/smartcar_msgs/share/smartcar_msgs/cmake/smartcar_msgs__rosidl_typesupport_introspection_cppExport-noconfig.cmake
[1.561s] -- Up-to-date: /home/ros2/assignment/install/smartcar_msgs/share/smartcar_msgs/cmake/smartcar_msgs__rosidl_typesupport_cppExport.cmake
[1.561s] -- Up-to-date: /home/ros2/assignment/install/smartcar_msgs/share/smartcar_msgs/cmake/smartcar_msgs__rosidl_typesupport_cppExport-noconfig.cmake
[1.562s] -- Up-to-date: /home/ros2/assignment/install/smartcar_msgs/share/smartcar_msgs/cmake/export_smartcar_msgs__rosidl_generator_pyExport.cmake
[1.562s] -- Up-to-date: /home/ros2/assignment/install/smartcar_msgs/share/smartcar_msgs/cmake/export_smartcar_msgs__rosidl_generator_pyExport-noconfig.cmake
[1.562s] -- Up-to-date: /home/ros2/assignment/install/smartcar_msgs/share/smartcar_msgs/cmake/rosidl_cmake-extras.cmake
[1.562s] -- Up-to-date: /home/ros2/assignment/install/smartcar_msgs/share/smartcar_msgs/cmake/ament_cmake_export_include_directories-extras.cmake
[1.562s] -- Up-to-date: /home/ros2/assignment/install/smartcar_msgs/share/smartcar_msgs/cmake/ament_cmake_export_libraries-extras.cmake
[1.562s] -- Up-to-date: /home/ros2/assignment/install/smartcar_msgs/share/smartcar_msgs/cmake/ament_cmake_export_targets-extras.cmake
[1.563s] -- Up-to-date: /home/ros2/assignment/install/smartcar_msgs/share/smartcar_msgs/cmake/rosidl_cmake_export_typesupport_targets-extras.cmake
[1.563s] -- Up-to-date: /home/ros2/assignment/install/smartcar_msgs/share/smartcar_msgs/cmake/ament_cmake_export_dependencies-extras.cmake
[1.563s] -- Up-to-date: /home/ros2/assignment/install/smartcar_msgs/share/smartcar_msgs/cmake/rosidl_cmake_export_typesupport_libraries-extras.cmake
[1.563s] -- Up-to-date: /home/ros2/assignment/install/smartcar_msgs/share/smartcar_msgs/cmake/smartcar_msgsConfig.cmake
[1.563s] -- Up-to-date: /home/ros2/assignment/install/smartcar_msgs/share/smartcar_msgs/cmake/smartcar_msgsConfig-version.cmake
[1.563s] -- Up-to-date: /home/ros2/assignment/install/smartcar_msgs/share/smartcar_msgs/package.xml
[1.565s] Invoked command in '/home/ros2/assignment/build/smartcar_msgs' returned '0': CMAKE_PREFIX_PATH=${CMAKE_PREFIX_PATH}:/opt/ros/humble /usr/bin/cmake --install /home/ros2/assignment/build/smartcar_msgs
