-- Found ament_cmake: 1.3.12 (/opt/ros/humble/share/ament_cmake/cmake)
-- Found rosidl_default_generators: 1.2.0 (/opt/ros/humble/share/rosidl_default_generators/cmake)
-- Using all available rosidl_typesupport_c: rosidl_typesupport_fastrtps_c;rosidl_typesupport_introspection_c
-- Found rosidl_adapter: 3.1.7 (/opt/ros/humble/share/rosidl_adapter/cmake)
-- Using all available rosidl_typesupport_cpp: rosidl_typesupport_fastrtps_cpp;rosidl_typesupport_introspection_cpp
-- Found ament_cmake_ros: 0.10.0 (/opt/ros/humble/share/ament_cmake_ros/cmake)
-- Using all available rosidl_typesupport_c: rosidl_typesupport_fastrtps_c;rosidl_typesupport_introspection_c
-- Using all available rosidl_typesupport_cpp: rosidl_typesupport_fastrtps_cpp;rosidl_typesupport_introspection_cpp
-- Found python_cmake_module: 0.10.0 (/opt/ros/humble/share/python_cmake_module/cmake)
-- Using PYTHON_EXECUTABLE: /usr/bin/python3
-- Using PYTHON_INCLUDE_DIRS: /usr/include/python3.10
-- Using PYTHON_LIBRARIES: /usr/lib/x86_64-linux-gnu/libpython3.10.so
-- Configuring done
-- Generating done
-- Build files have been written to: /home/ros2/assignment/build/smartcar_msgs
[35m[1mConsolidate compiler generated dependencies of target smartcar_msgs__rosidl_generator_c[0m
[  6%] Built target smartcar_msgs__cpp
[  6%] [32mBuilding C object CMakeFiles/smartcar_msgs__rosidl_generator_c.dir/rosidl_generator_c/smartcar_msgs/msg/detail/status__functions.c.o[0m
[  6%] Built target ament_cmake_python_copy_smartcar_msgs
[35m[1mConsolidate compiler generated dependencies of target smartcar_msgs__rosidl_typesupport_introspection_cpp[0m
[35m[1mConsolidate compiler generated dependencies of target smartcar_msgs__rosidl_typesupport_cpp[0m
[35m[1mConsolidate compiler generated dependencies of target smartcar_msgs__rosidl_typesupport_fastrtps_cpp[0m
[  9%] [32mBuilding CXX object CMakeFiles/smartcar_msgs__rosidl_typesupport_cpp.dir/rosidl_typesupport_cpp/smartcar_msgs/msg/status__type_support.cpp.o[0m
[ 12%] [32mBuilding CXX object CMakeFiles/smartcar_msgs__rosidl_typesupport_fastrtps_cpp.dir/rosidl_typesupport_fastrtps_cpp/smartcar_msgs/msg/detail/dds_fastrtps/status__type_support.cpp.o[0m
[ 16%] [32mBuilding CXX object CMakeFiles/smartcar_msgs__rosidl_typesupport_introspection_cpp.dir/rosidl_typesupport_introspection_cpp/smartcar_msgs/msg/detail/status__type_support.cpp.o[0m
[ 19%] [32m[1mLinking C shared library libsmartcar_msgs__rosidl_generator_c.so[0m
[ 22%] [32m[1mLinking CXX shared library libsmartcar_msgs__rosidl_typesupport_fastrtps_cpp.so[0m
[ 25%] [32m[1mLinking CXX shared library libsmartcar_msgs__rosidl_typesupport_introspection_cpp.so[0m
[ 29%] [32m[1mLinking CXX shared library libsmartcar_msgs__rosidl_typesupport_cpp.so[0m
[ 32%] Built target smartcar_msgs__rosidl_generator_c
[ 35%] Built target smartcar_msgs__rosidl_typesupport_cpp
[ 38%] Built target smartcar_msgs__rosidl_typesupport_introspection_cpp
[35m[1mConsolidate compiler generated dependencies of target smartcar_msgs__rosidl_typesupport_introspection_c[0m
[35m[1mConsolidate compiler generated dependencies of target smartcar_msgs__rosidl_typesupport_fastrtps_c[0m
[35m[1mConsolidate compiler generated dependencies of target smartcar_msgs__rosidl_typesupport_c[0m
[ 41%] [32mBuilding CXX object CMakeFiles/smartcar_msgs__rosidl_typesupport_c.dir/rosidl_typesupport_c/smartcar_msgs/msg/status__type_support.cpp.o[0m
[ 45%] [32mBuilding C object CMakeFiles/smartcar_msgs__rosidl_typesupport_introspection_c.dir/rosidl_typesupport_introspection_c/smartcar_msgs/msg/detail/status__type_support.c.o[0m
[ 48%] [32mBuilding CXX object CMakeFiles/smartcar_msgs__rosidl_typesupport_fastrtps_c.dir/rosidl_typesupport_fastrtps_c/smartcar_msgs/msg/detail/status__type_support_c.cpp.o[0m
[ 51%] [32m[1mLinking CXX shared library libsmartcar_msgs__rosidl_typesupport_c.so[0m
[ 54%] [32m[1mLinking C shared library libsmartcar_msgs__rosidl_typesupport_introspection_c.so[0m
[ 58%] [32m[1mLinking CXX shared library libsmartcar_msgs__rosidl_typesupport_fastrtps_c.so[0m
[ 61%] Built target smartcar_msgs__rosidl_typesupport_introspection_c
[ 64%] Built target smartcar_msgs__rosidl_typesupport_c
[ 67%] Built target smartcar_msgs__rosidl_typesupport_fastrtps_cpp
running egg_info
writing smartcar_msgs.egg-info/PKG-INFO
writing dependency_links to smartcar_msgs.egg-info/dependency_links.txt
writing top-level names to smartcar_msgs.egg-info/top_level.txt
reading manifest file 'smartcar_msgs.egg-info/SOURCES.txt'
[ 70%] Built target smartcar_msgs__rosidl_typesupport_fastrtps_c
writing manifest file 'smartcar_msgs.egg-info/SOURCES.txt'
[ 70%] Built target smartcar_msgs
[ 70%] Built target ament_cmake_python_build_smartcar_msgs_egg
[ 74%] Built target smartcar_msgs__py
[35m[1mConsolidate compiler generated dependencies of target smartcar_msgs__rosidl_generator_py[0m
[ 77%] [32mBuilding C object CMakeFiles/smartcar_msgs__rosidl_generator_py.dir/rosidl_generator_py/smartcar_msgs/msg/_status_s.c.o[0m
[ 80%] [32m[1mLinking C shared library rosidl_generator_py/smartcar_msgs/libsmartcar_msgs__rosidl_generator_py.so[0m
[ 80%] Built target smartcar_msgs__rosidl_generator_py
[35m[1mConsolidate compiler generated dependencies of target smartcar_msgs__rosidl_typesupport_c__pyext[0m
[35m[1mConsolidate compiler generated dependencies of target smartcar_msgs__rosidl_typesupport_introspection_c__pyext[0m
[35m[1mConsolidate compiler generated dependencies of target smartcar_msgs__rosidl_typesupport_fastrtps_c__pyext[0m
[ 83%] [32mBuilding C object CMakeFiles/smartcar_msgs__rosidl_typesupport_c__pyext.dir/rosidl_generator_py/smartcar_msgs/_smartcar_msgs_s.ep.rosidl_typesupport_c.c.o[0m
[ 87%] [32mBuilding C object CMakeFiles/smartcar_msgs__rosidl_typesupport_introspection_c__pyext.dir/rosidl_generator_py/smartcar_msgs/_smartcar_msgs_s.ep.rosidl_typesupport_introspection_c.c.o[0m
[ 90%] [32mBuilding C object CMakeFiles/smartcar_msgs__rosidl_typesupport_fastrtps_c__pyext.dir/rosidl_generator_py/smartcar_msgs/_smartcar_msgs_s.ep.rosidl_typesupport_fastrtps_c.c.o[0m
[ 93%] [32m[1mLinking C shared library rosidl_generator_py/smartcar_msgs/smartcar_msgs_s__rosidl_typesupport_c.cpython-310-x86_64-linux-gnu.so[0m
[ 96%] [32m[1mLinking C shared library rosidl_generator_py/smartcar_msgs/smartcar_msgs_s__rosidl_typesupport_introspection_c.cpython-310-x86_64-linux-gnu.so[0m
[100%] [32m[1mLinking C shared library rosidl_generator_py/smartcar_msgs/smartcar_msgs_s__rosidl_typesupport_fastrtps_c.cpython-310-x86_64-linux-gnu.so[0m
[100%] Built target smartcar_msgs__rosidl_typesupport_introspection_c__pyext
[100%] Built target smartcar_msgs__rosidl_typesupport_c__pyext
[100%] Built target smartcar_msgs__rosidl_typesupport_fastrtps_c__pyext
-- Install configuration: ""
-- Up-to-date: /home/ros2/assignment/install/smartcar_msgs/share/ament_index/resource_index/rosidl_interfaces/smartcar_msgs
-- Up-to-date: /home/ros2/assignment/install/smartcar_msgs/include/smartcar_msgs/smartcar_msgs
-- Up-to-date: /home/ros2/assignment/install/smartcar_msgs/include/smartcar_msgs/smartcar_msgs/msg
-- Up-to-date: /home/ros2/assignment/install/smartcar_msgs/include/smartcar_msgs/smartcar_msgs/msg/status.h
-- Up-to-date: /home/ros2/assignment/install/smartcar_msgs/include/smartcar_msgs/smartcar_msgs/msg/rosidl_generator_c__visibility_control.h
-- Up-to-date: /home/ros2/assignment/install/smartcar_msgs/include/smartcar_msgs/smartcar_msgs/msg/detail
-- Up-to-date: /home/ros2/assignment/install/smartcar_msgs/include/smartcar_msgs/smartcar_msgs/msg/detail/status__type_support.h
-- Up-to-date: /home/ros2/assignment/install/smartcar_msgs/include/smartcar_msgs/smartcar_msgs/msg/detail/status__functions.h
-- Up-to-date: /home/ros2/assignment/install/smartcar_msgs/include/smartcar_msgs/smartcar_msgs/msg/detail/status__struct.h
-- Up-to-date: /home/ros2/assignment/install/smartcar_msgs/include/smartcar_msgs/smartcar_msgs/msg/detail/status__functions.c
-- Installing: /home/ros2/assignment/install/smartcar_msgs/share/smartcar_msgs/environment/library_path.sh
-- Installing: /home/ros2/assignment/install/smartcar_msgs/share/smartcar_msgs/environment/library_path.dsv
-- Installing: /home/ros2/assignment/install/smartcar_msgs/lib/libsmartcar_msgs__rosidl_generator_c.so
-- Set runtime path of "/home/ros2/assignment/install/smartcar_msgs/lib/libsmartcar_msgs__rosidl_generator_c.so" to ""
-- Up-to-date: /home/ros2/assignment/install/smartcar_msgs/include/smartcar_msgs/smartcar_msgs
-- Up-to-date: /home/ros2/assignment/install/smartcar_msgs/include/smartcar_msgs/smartcar_msgs/msg
-- Up-to-date: /home/ros2/assignment/install/smartcar_msgs/include/smartcar_msgs/smartcar_msgs/msg/rosidl_typesupport_fastrtps_c__visibility_control.h
-- Up-to-date: /home/ros2/assignment/install/smartcar_msgs/include/smartcar_msgs/smartcar_msgs/msg/detail
-- Up-to-date: /home/ros2/assignment/install/smartcar_msgs/include/smartcar_msgs/smartcar_msgs/msg/detail/status__rosidl_typesupport_fastrtps_c.h
-- Installing: /home/ros2/assignment/install/smartcar_msgs/lib/libsmartcar_msgs__rosidl_typesupport_fastrtps_c.so
-- Set runtime path of "/home/ros2/assignment/install/smartcar_msgs/lib/libsmartcar_msgs__rosidl_typesupport_fastrtps_c.so" to ""
-- Up-to-date: /home/ros2/assignment/install/smartcar_msgs/include/smartcar_msgs/smartcar_msgs
-- Up-to-date: /home/ros2/assignment/install/smartcar_msgs/include/smartcar_msgs/smartcar_msgs/msg
-- Up-to-date: /home/ros2/assignment/install/smartcar_msgs/include/smartcar_msgs/smartcar_msgs/msg/detail
-- Up-to-date: /home/ros2/assignment/install/smartcar_msgs/include/smartcar_msgs/smartcar_msgs/msg/detail/status__type_support.c
-- Up-to-date: /home/ros2/assignment/install/smartcar_msgs/include/smartcar_msgs/smartcar_msgs/msg/detail/status__rosidl_typesupport_introspection_c.h
-- Up-to-date: /home/ros2/assignment/install/smartcar_msgs/include/smartcar_msgs/smartcar_msgs/msg/rosidl_typesupport_introspection_c__visibility_control.h
-- Installing: /home/ros2/assignment/install/smartcar_msgs/lib/libsmartcar_msgs__rosidl_typesupport_introspection_c.so
-- Set runtime path of "/home/ros2/assignment/install/smartcar_msgs/lib/libsmartcar_msgs__rosidl_typesupport_introspection_c.so" to ""
-- Installing: /home/ros2/assignment/install/smartcar_msgs/lib/libsmartcar_msgs__rosidl_typesupport_c.so
-- Set runtime path of "/home/ros2/assignment/install/smartcar_msgs/lib/libsmartcar_msgs__rosidl_typesupport_c.so" to ""
-- Up-to-date: /home/ros2/assignment/install/smartcar_msgs/include/smartcar_msgs/smartcar_msgs
-- Up-to-date: /home/ros2/assignment/install/smartcar_msgs/include/smartcar_msgs/smartcar_msgs/msg
-- Up-to-date: /home/ros2/assignment/install/smartcar_msgs/include/smartcar_msgs/smartcar_msgs/msg/rosidl_generator_cpp__visibility_control.hpp
-- Up-to-date: /home/ros2/assignment/install/smartcar_msgs/include/smartcar_msgs/smartcar_msgs/msg/detail
-- Up-to-date: /home/ros2/assignment/install/smartcar_msgs/include/smartcar_msgs/smartcar_msgs/msg/detail/status__traits.hpp
-- Up-to-date: /home/ros2/assignment/install/smartcar_msgs/include/smartcar_msgs/smartcar_msgs/msg/detail/status__struct.hpp
-- Up-to-date: /home/ros2/assignment/install/smartcar_msgs/include/smartcar_msgs/smartcar_msgs/msg/detail/status__type_support.hpp
-- Up-to-date: /home/ros2/assignment/install/smartcar_msgs/include/smartcar_msgs/smartcar_msgs/msg/detail/status__builder.hpp
-- Up-to-date: /home/ros2/assignment/install/smartcar_msgs/include/smartcar_msgs/smartcar_msgs/msg/status.hpp
-- Up-to-date: /home/ros2/assignment/install/smartcar_msgs/include/smartcar_msgs/smartcar_msgs
-- Up-to-date: /home/ros2/assignment/install/smartcar_msgs/include/smartcar_msgs/smartcar_msgs/msg
-- Up-to-date: /home/ros2/assignment/install/smartcar_msgs/include/smartcar_msgs/smartcar_msgs/msg/rosidl_typesupport_fastrtps_cpp__visibility_control.h
-- Up-to-date: /home/ros2/assignment/install/smartcar_msgs/include/smartcar_msgs/smartcar_msgs/msg/detail
-- Up-to-date: /home/ros2/assignment/install/smartcar_msgs/include/smartcar_msgs/smartcar_msgs/msg/detail/status__rosidl_typesupport_fastrtps_cpp.hpp
-- Installing: /home/ros2/assignment/install/smartcar_msgs/include/smartcar_msgs/smartcar_msgs/msg/detail/dds_fastrtps
-- Installing: /home/ros2/assignment/install/smartcar_msgs/lib/libsmartcar_msgs__rosidl_typesupport_fastrtps_cpp.so
-- Set runtime path of "/home/ros2/assignment/install/smartcar_msgs/lib/libsmartcar_msgs__rosidl_typesupport_fastrtps_cpp.so" to ""
-- Up-to-date: /home/ros2/assignment/install/smartcar_msgs/include/smartcar_msgs/smartcar_msgs
-- Up-to-date: /home/ros2/assignment/install/smartcar_msgs/include/smartcar_msgs/smartcar_msgs/msg
-- Up-to-date: /home/ros2/assignment/install/smartcar_msgs/include/smartcar_msgs/smartcar_msgs/msg/detail
-- Up-to-date: /home/ros2/assignment/install/smartcar_msgs/include/smartcar_msgs/smartcar_msgs/msg/detail/status__type_support.cpp
-- Up-to-date: /home/ros2/assignment/install/smartcar_msgs/include/smartcar_msgs/smartcar_msgs/msg/detail/status__rosidl_typesupport_introspection_cpp.hpp
-- Installing: /home/ros2/assignment/install/smartcar_msgs/lib/libsmartcar_msgs__rosidl_typesupport_introspection_cpp.so
-- Set runtime path of "/home/ros2/assignment/install/smartcar_msgs/lib/libsmartcar_msgs__rosidl_typesupport_introspection_cpp.so" to ""
-- Installing: /home/ros2/assignment/install/smartcar_msgs/lib/libsmartcar_msgs__rosidl_typesupport_cpp.so
-- Set runtime path of "/home/ros2/assignment/install/smartcar_msgs/lib/libsmartcar_msgs__rosidl_typesupport_cpp.so" to ""
-- Up-to-date: /home/ros2/assignment/install/smartcar_msgs/share/smartcar_msgs/environment/pythonpath.sh
-- Installing: /home/ros2/assignment/install/smartcar_msgs/share/smartcar_msgs/environment/pythonpath.dsv
-- Up-to-date: /home/ros2/assignment/install/smartcar_msgs/local/lib/python3.10/dist-packages/smartcar_msgs-0.0.0-py3.10.egg-info
-- Installing: /home/ros2/assignment/install/smartcar_msgs/local/lib/python3.10/dist-packages/smartcar_msgs-0.0.0-py3.10.egg-info/SOURCES.txt
-- Installing: /home/ros2/assignment/install/smartcar_msgs/local/lib/python3.10/dist-packages/smartcar_msgs-0.0.0-py3.10.egg-info/PKG-INFO
-- Installing: /home/ros2/assignment/install/smartcar_msgs/local/lib/python3.10/dist-packages/smartcar_msgs-0.0.0-py3.10.egg-info/top_level.txt
-- Installing: /home/ros2/assignment/install/smartcar_msgs/local/lib/python3.10/dist-packages/smartcar_msgs-0.0.0-py3.10.egg-info/dependency_links.txt
-- Up-to-date: /home/ros2/assignment/install/smartcar_msgs/local/lib/python3.10/dist-packages/smartcar_msgs
-- Installing: /home/ros2/assignment/install/smartcar_msgs/local/lib/python3.10/dist-packages/smartcar_msgs/__init__.py
-- Installing: /home/ros2/assignment/install/smartcar_msgs/local/lib/python3.10/dist-packages/smartcar_msgs/libsmartcar_msgs__rosidl_generator_py.so
-- Installing: /home/ros2/assignment/install/smartcar_msgs/local/lib/python3.10/dist-packages/smartcar_msgs/smartcar_msgs_s__rosidl_typesupport_introspection_c.cpython-310-x86_64-linux-gnu.so
-- Up-to-date: /home/ros2/assignment/install/smartcar_msgs/local/lib/python3.10/dist-packages/smartcar_msgs/_smartcar_msgs_s.ep.rosidl_typesupport_c.c
-- Up-to-date: /home/ros2/assignment/install/smartcar_msgs/local/lib/python3.10/dist-packages/smartcar_msgs/_smartcar_msgs_s.ep.rosidl_typesupport_fastrtps_c.c
-- Installing: /home/ros2/assignment/install/smartcar_msgs/local/lib/python3.10/dist-packages/smartcar_msgs/smartcar_msgs_s__rosidl_typesupport_fastrtps_c.cpython-310-x86_64-linux-gnu.so
-- Installing: /home/ros2/assignment/install/smartcar_msgs/local/lib/python3.10/dist-packages/smartcar_msgs/smartcar_msgs_s__rosidl_typesupport_c.cpython-310-x86_64-linux-gnu.so
-- Up-to-date: /home/ros2/assignment/install/smartcar_msgs/local/lib/python3.10/dist-packages/smartcar_msgs/_smartcar_msgs_s.ep.rosidl_typesupport_introspection_c.c
-- Up-to-date: /home/ros2/assignment/install/smartcar_msgs/local/lib/python3.10/dist-packages/smartcar_msgs/msg
-- Up-to-date: /home/ros2/assignment/install/smartcar_msgs/local/lib/python3.10/dist-packages/smartcar_msgs/msg/__init__.py
-- Up-to-date: /home/ros2/assignment/install/smartcar_msgs/local/lib/python3.10/dist-packages/smartcar_msgs/msg/_status_s.c
-- Up-to-date: /home/ros2/assignment/install/smartcar_msgs/local/lib/python3.10/dist-packages/smartcar_msgs/msg/_status.py
Listing '/home/ros2/assignment/install/smartcar_msgs/local/lib/python3.10/dist-packages/smartcar_msgs'...
Compiling '/home/ros2/assignment/install/smartcar_msgs/local/lib/python3.10/dist-packages/smartcar_msgs/__init__.py'...
Listing '/home/ros2/assignment/install/smartcar_msgs/local/lib/python3.10/dist-packages/smartcar_msgs/msg'...
Compiling '/home/ros2/assignment/install/smartcar_msgs/local/lib/python3.10/dist-packages/smartcar_msgs/msg/__init__.py'...
Compiling '/home/ros2/assignment/install/smartcar_msgs/local/lib/python3.10/dist-packages/smartcar_msgs/msg/_status.py'...
-- Installing: /home/ros2/assignment/install/smartcar_msgs/local/lib/python3.10/dist-packages/smartcar_msgs/smartcar_msgs_s__rosidl_typesupport_fastrtps_c.cpython-310-x86_64-linux-gnu.so
-- Set runtime path of "/home/ros2/assignment/install/smartcar_msgs/local/lib/python3.10/dist-packages/smartcar_msgs/smartcar_msgs_s__rosidl_typesupport_fastrtps_c.cpython-310-x86_64-linux-gnu.so" to ""
-- Installing: /home/ros2/assignment/install/smartcar_msgs/local/lib/python3.10/dist-packages/smartcar_msgs/smartcar_msgs_s__rosidl_typesupport_introspection_c.cpython-310-x86_64-linux-gnu.so
-- Set runtime path of "/home/ros2/assignment/install/smartcar_msgs/local/lib/python3.10/dist-packages/smartcar_msgs/smartcar_msgs_s__rosidl_typesupport_introspection_c.cpython-310-x86_64-linux-gnu.so" to ""
-- Installing: /home/ros2/assignment/install/smartcar_msgs/local/lib/python3.10/dist-packages/smartcar_msgs/smartcar_msgs_s__rosidl_typesupport_c.cpython-310-x86_64-linux-gnu.so
-- Set runtime path of "/home/ros2/assignment/install/smartcar_msgs/local/lib/python3.10/dist-packages/smartcar_msgs/smartcar_msgs_s__rosidl_typesupport_c.cpython-310-x86_64-linux-gnu.so" to ""
-- Installing: /home/ros2/assignment/install/smartcar_msgs/lib/libsmartcar_msgs__rosidl_generator_py.so
-- Set runtime path of "/home/ros2/assignment/install/smartcar_msgs/lib/libsmartcar_msgs__rosidl_generator_py.so" to ""
-- Up-to-date: /home/ros2/assignment/install/smartcar_msgs/share/smartcar_msgs/msg/Status.idl
-- Up-to-date: /home/ros2/assignment/install/smartcar_msgs/share/smartcar_msgs/msg/Status.msg
-- Up-to-date: /home/ros2/assignment/install/smartcar_msgs/share/ament_index/resource_index/package_run_dependencies/smartcar_msgs
-- Installing: /home/ros2/assignment/install/smartcar_msgs/share/ament_index/resource_index/parent_prefix_path/smartcar_msgs
-- Installing: /home/ros2/assignment/install/smartcar_msgs/share/smartcar_msgs/environment/ament_prefix_path.sh
-- Installing: /home/ros2/assignment/install/smartcar_msgs/share/smartcar_msgs/environment/ament_prefix_path.dsv
-- Installing: /home/ros2/assignment/install/smartcar_msgs/share/smartcar_msgs/environment/path.sh
-- Installing: /home/ros2/assignment/install/smartcar_msgs/share/smartcar_msgs/environment/path.dsv
-- Up-to-date: /home/ros2/assignment/install/smartcar_msgs/share/smartcar_msgs/local_setup.bash
-- Up-to-date: /home/ros2/assignment/install/smartcar_msgs/share/smartcar_msgs/local_setup.sh
-- Up-to-date: /home/ros2/assignment/install/smartcar_msgs/share/smartcar_msgs/local_setup.zsh
-- Installing: /home/ros2/assignment/install/smartcar_msgs/share/smartcar_msgs/local_setup.dsv
-- Installing: /home/ros2/assignment/install/smartcar_msgs/share/smartcar_msgs/package.dsv
-- Up-to-date: /home/ros2/assignment/install/smartcar_msgs/share/ament_index/resource_index/packages/smartcar_msgs
-- Up-to-date: /home/ros2/assignment/install/smartcar_msgs/share/smartcar_msgs/cmake/export_smartcar_msgs__rosidl_generator_cExport.cmake
-- Up-to-date: /home/ros2/assignment/install/smartcar_msgs/share/smartcar_msgs/cmake/export_smartcar_msgs__rosidl_generator_cExport-noconfig.cmake
-- Up-to-date: /home/ros2/assignment/install/smartcar_msgs/share/smartcar_msgs/cmake/export_smartcar_msgs__rosidl_typesupport_fastrtps_cExport.cmake
-- Up-to-date: /home/ros2/assignment/install/smartcar_msgs/share/smartcar_msgs/cmake/export_smartcar_msgs__rosidl_typesupport_fastrtps_cExport-noconfig.cmake
-- Up-to-date: /home/ros2/assignment/install/smartcar_msgs/share/smartcar_msgs/cmake/smartcar_msgs__rosidl_typesupport_introspection_cExport.cmake
-- Up-to-date: /home/ros2/assignment/install/smartcar_msgs/share/smartcar_msgs/cmake/smartcar_msgs__rosidl_typesupport_introspection_cExport-noconfig.cmake
-- Up-to-date: /home/ros2/assignment/install/smartcar_msgs/share/smartcar_msgs/cmake/smartcar_msgs__rosidl_typesupport_cExport.cmake
-- Up-to-date: /home/ros2/assignment/install/smartcar_msgs/share/smartcar_msgs/cmake/smartcar_msgs__rosidl_typesupport_cExport-noconfig.cmake
-- Up-to-date: /home/ros2/assignment/install/smartcar_msgs/share/smartcar_msgs/cmake/export_smartcar_msgs__rosidl_generator_cppExport.cmake
-- Up-to-date: /home/ros2/assignment/install/smartcar_msgs/share/smartcar_msgs/cmake/export_smartcar_msgs__rosidl_typesupport_fastrtps_cppExport.cmake
-- Up-to-date: /home/ros2/assignment/install/smartcar_msgs/share/smartcar_msgs/cmake/export_smartcar_msgs__rosidl_typesupport_fastrtps_cppExport-noconfig.cmake
-- Up-to-date: /home/ros2/assignment/install/smartcar_msgs/share/smartcar_msgs/cmake/smartcar_msgs__rosidl_typesupport_introspection_cppExport.cmake
-- Up-to-date: /home/ros2/assignment/install/smartcar_msgs/share/smartcar_msgs/cmake/smartcar_msgs__rosidl_typesupport_introspection_cppExport-noconfig.cmake
-- Up-to-date: /home/ros2/assignment/install/smartcar_msgs/share/smartcar_msgs/cmake/smartcar_msgs__rosidl_typesupport_cppExport.cmake
-- Up-to-date: /home/ros2/assignment/install/smartcar_msgs/share/smartcar_msgs/cmake/smartcar_msgs__rosidl_typesupport_cppExport-noconfig.cmake
-- Up-to-date: /home/ros2/assignment/install/smartcar_msgs/share/smartcar_msgs/cmake/export_smartcar_msgs__rosidl_generator_pyExport.cmake
-- Up-to-date: /home/ros2/assignment/install/smartcar_msgs/share/smartcar_msgs/cmake/export_smartcar_msgs__rosidl_generator_pyExport-noconfig.cmake
-- Up-to-date: /home/ros2/assignment/install/smartcar_msgs/share/smartcar_msgs/cmake/rosidl_cmake-extras.cmake
-- Up-to-date: /home/ros2/assignment/install/smartcar_msgs/share/smartcar_msgs/cmake/ament_cmake_export_include_directories-extras.cmake
-- Up-to-date: /home/ros2/assignment/install/smartcar_msgs/share/smartcar_msgs/cmake/ament_cmake_export_libraries-extras.cmake
-- Up-to-date: /home/ros2/assignment/install/smartcar_msgs/share/smartcar_msgs/cmake/ament_cmake_export_targets-extras.cmake
-- Up-to-date: /home/ros2/assignment/install/smartcar_msgs/share/smartcar_msgs/cmake/rosidl_cmake_export_typesupport_targets-extras.cmake
-- Up-to-date: /home/ros2/assignment/install/smartcar_msgs/share/smartcar_msgs/cmake/ament_cmake_export_dependencies-extras.cmake
-- Up-to-date: /home/ros2/assignment/install/smartcar_msgs/share/smartcar_msgs/cmake/rosidl_cmake_export_typesupport_libraries-extras.cmake
-- Up-to-date: /home/ros2/assignment/install/smartcar_msgs/share/smartcar_msgs/cmake/smartcar_msgsConfig.cmake
-- Up-to-date: /home/ros2/assignment/install/smartcar_msgs/share/smartcar_msgs/cmake/smartcar_msgsConfig-version.cmake
-- Up-to-date: /home/ros2/assignment/install/smartcar_msgs/share/smartcar_msgs/package.xml
