[0.035s] Invoking command in '/home/ros2/assignment/build/smartcar_msgs': CMAKE_PREFIX_PATH=${CMAKE_PREFIX_PATH}:/opt/ros/humble /usr/bin/cmake --build /home/ros2/assignment/build/smartcar_msgs -- -j8 -l8
[0.105s] -- Found ament_cmake: 1.3.12 (/opt/ros/humble/share/ament_cmake/cmake)
[0.336s] -- Found rosidl_default_generators: 1.2.0 (/opt/ros/humble/share/rosidl_default_generators/cmake)
[0.340s] -- Using all available rosidl_typesupport_c: rosidl_typesupport_fastrtps_c;rosidl_typesupport_introspection_c
[0.346s] -- Found rosidl_adapter: 3.1.7 (/opt/ros/humble/share/rosidl_adapter/cmake)
[0.401s] -- Using all available rosidl_typesupport_cpp: rosidl_typesupport_fastrtps_cpp;rosidl_typesupport_introspection_cpp
[0.898s] -- Found ament_cmake_ros: 0.10.0 (/opt/ros/humble/share/ament_cmake_ros/cmake)
[1.233s] -- Using all available rosidl_typesupport_c: rosidl_typesupport_fastrtps_c;rosidl_typesupport_introspection_c
[1.638s] -- Using all available rosidl_typesupport_cpp: rosidl_typesupport_fastrtps_cpp;rosidl_typesupport_introspection_cpp
[1.685s] -- Found python_cmake_module: 0.10.0 (/opt/ros/humble/share/python_cmake_module/cmake)
[1.725s] -- Using PYTHON_EXECUTABLE: /usr/bin/python3
[1.725s] -- Using PYTHON_INCLUDE_DIRS: /usr/include/python3.10
[1.726s] -- Using PYTHON_LIBRARIES: /usr/lib/x86_64-linux-gnu/libpython3.10.so
[1.757s] -- Configuring done
[1.820s] -- Generating done
[1.841s] -- Build files have been written to: /home/ros2/assignment/build/smartcar_msgs
[1.890s] [35m[1mConsolidate compiler generated dependencies of target smartcar_msgs__rosidl_generator_c[0m
[1.910s] [  6%] Built target smartcar_msgs__cpp
[1.910s] [  6%] [32mBuilding C object CMakeFiles/smartcar_msgs__rosidl_generator_c.dir/rosidl_generator_c/smartcar_msgs/msg/detail/status__functions.c.o[0m
[1.927s] [  6%] Built target ament_cmake_python_copy_smartcar_msgs
[1.929s] [35m[1mConsolidate compiler generated dependencies of target smartcar_msgs__rosidl_typesupport_introspection_cpp[0m
[1.930s] [35m[1mConsolidate compiler generated dependencies of target smartcar_msgs__rosidl_typesupport_cpp[0m
[1.930s] [35m[1mConsolidate compiler generated dependencies of target smartcar_msgs__rosidl_typesupport_fastrtps_cpp[0m
[1.955s] [  9%] [32mBuilding CXX object CMakeFiles/smartcar_msgs__rosidl_typesupport_cpp.dir/rosidl_typesupport_cpp/smartcar_msgs/msg/status__type_support.cpp.o[0m
[1.955s] [ 12%] [32mBuilding CXX object CMakeFiles/smartcar_msgs__rosidl_typesupport_fastrtps_cpp.dir/rosidl_typesupport_fastrtps_cpp/smartcar_msgs/msg/detail/dds_fastrtps/status__type_support.cpp.o[0m
[1.955s] [ 16%] [32mBuilding CXX object CMakeFiles/smartcar_msgs__rosidl_typesupport_introspection_cpp.dir/rosidl_typesupport_introspection_cpp/smartcar_msgs/msg/detail/status__type_support.cpp.o[0m
[1.980s] [ 19%] [32m[1mLinking C shared library libsmartcar_msgs__rosidl_generator_c.so[0m
[2.033s] [ 22%] [32m[1mLinking CXX shared library libsmartcar_msgs__rosidl_typesupport_fastrtps_cpp.so[0m
[2.033s] [ 25%] [32m[1mLinking CXX shared library libsmartcar_msgs__rosidl_typesupport_introspection_cpp.so[0m
[2.033s] [ 29%] [32m[1mLinking CXX shared library libsmartcar_msgs__rosidl_typesupport_cpp.so[0m
[2.116s] [ 32%] Built target smartcar_msgs__rosidl_generator_c
[2.129s] [ 35%] Built target smartcar_msgs__rosidl_typesupport_cpp
[2.132s] [ 38%] Built target smartcar_msgs__rosidl_typesupport_introspection_cpp
[2.138s] [35m[1mConsolidate compiler generated dependencies of target smartcar_msgs__rosidl_typesupport_introspection_c[0m
[2.138s] [35m[1mConsolidate compiler generated dependencies of target smartcar_msgs__rosidl_typesupport_fastrtps_c[0m
[2.138s] [35m[1mConsolidate compiler generated dependencies of target smartcar_msgs__rosidl_typesupport_c[0m
[2.158s] [ 41%] [32mBuilding CXX object CMakeFiles/smartcar_msgs__rosidl_typesupport_c.dir/rosidl_typesupport_c/smartcar_msgs/msg/status__type_support.cpp.o[0m
[2.161s] [ 45%] [32mBuilding C object CMakeFiles/smartcar_msgs__rosidl_typesupport_introspection_c.dir/rosidl_typesupport_introspection_c/smartcar_msgs/msg/detail/status__type_support.c.o[0m
[2.161s] [ 48%] [32mBuilding CXX object CMakeFiles/smartcar_msgs__rosidl_typesupport_fastrtps_c.dir/rosidl_typesupport_fastrtps_c/smartcar_msgs/msg/detail/status__type_support_c.cpp.o[0m
[2.193s] [ 51%] [32m[1mLinking CXX shared library libsmartcar_msgs__rosidl_typesupport_c.so[0m
[2.193s] [ 54%] [32m[1mLinking C shared library libsmartcar_msgs__rosidl_typesupport_introspection_c.so[0m
[2.206s] [ 58%] [32m[1mLinking CXX shared library libsmartcar_msgs__rosidl_typesupport_fastrtps_c.so[0m
[2.260s] [ 61%] Built target smartcar_msgs__rosidl_typesupport_introspection_c
[2.295s] [ 64%] Built target smartcar_msgs__rosidl_typesupport_c
[2.321s] [ 67%] Built target smartcar_msgs__rosidl_typesupport_fastrtps_cpp
[2.520s] running egg_info
[2.522s] writing smartcar_msgs.egg-info/PKG-INFO
[2.523s] writing dependency_links to smartcar_msgs.egg-info/dependency_links.txt
[2.524s] writing top-level names to smartcar_msgs.egg-info/top_level.txt
[2.530s] reading manifest file 'smartcar_msgs.egg-info/SOURCES.txt'
[2.533s] [ 70%] Built target smartcar_msgs__rosidl_typesupport_fastrtps_c
[2.533s] writing manifest file 'smartcar_msgs.egg-info/SOURCES.txt'
[2.584s] [ 70%] Built target smartcar_msgs
[2.631s] [ 70%] Built target ament_cmake_python_build_smartcar_msgs_egg
[2.639s] [ 74%] Built target smartcar_msgs__py
[2.662s] [35m[1mConsolidate compiler generated dependencies of target smartcar_msgs__rosidl_generator_py[0m
[2.692s] [ 77%] [32mBuilding C object CMakeFiles/smartcar_msgs__rosidl_generator_py.dir/rosidl_generator_py/smartcar_msgs/msg/_status_s.c.o[0m
[2.765s] [ 80%] [32m[1mLinking C shared library rosidl_generator_py/smartcar_msgs/libsmartcar_msgs__rosidl_generator_py.so[0m
[2.849s] [ 80%] Built target smartcar_msgs__rosidl_generator_py
[2.869s] [35m[1mConsolidate compiler generated dependencies of target smartcar_msgs__rosidl_typesupport_c__pyext[0m
[2.869s] [35m[1mConsolidate compiler generated dependencies of target smartcar_msgs__rosidl_typesupport_introspection_c__pyext[0m
[2.870s] [35m[1mConsolidate compiler generated dependencies of target smartcar_msgs__rosidl_typesupport_fastrtps_c__pyext[0m
[2.893s] [ 83%] [32mBuilding C object CMakeFiles/smartcar_msgs__rosidl_typesupport_c__pyext.dir/rosidl_generator_py/smartcar_msgs/_smartcar_msgs_s.ep.rosidl_typesupport_c.c.o[0m
[2.900s] [ 87%] [32mBuilding C object CMakeFiles/smartcar_msgs__rosidl_typesupport_introspection_c__pyext.dir/rosidl_generator_py/smartcar_msgs/_smartcar_msgs_s.ep.rosidl_typesupport_introspection_c.c.o[0m
[2.912s] [ 90%] [32mBuilding C object CMakeFiles/smartcar_msgs__rosidl_typesupport_fastrtps_c__pyext.dir/rosidl_generator_py/smartcar_msgs/_smartcar_msgs_s.ep.rosidl_typesupport_fastrtps_c.c.o[0m
[2.928s] [ 93%] [32m[1mLinking C shared library rosidl_generator_py/smartcar_msgs/smartcar_msgs_s__rosidl_typesupport_c.cpython-310-x86_64-linux-gnu.so[0m
[2.928s] [ 96%] [32m[1mLinking C shared library rosidl_generator_py/smartcar_msgs/smartcar_msgs_s__rosidl_typesupport_introspection_c.cpython-310-x86_64-linux-gnu.so[0m
[2.941s] [100%] [32m[1mLinking C shared library rosidl_generator_py/smartcar_msgs/smartcar_msgs_s__rosidl_typesupport_fastrtps_c.cpython-310-x86_64-linux-gnu.so[0m
[2.998s] [100%] Built target smartcar_msgs__rosidl_typesupport_introspection_c__pyext
[3.002s] [100%] Built target smartcar_msgs__rosidl_typesupport_c__pyext
[3.018s] [100%] Built target smartcar_msgs__rosidl_typesupport_fastrtps_c__pyext
[3.039s] Invoked command in '/home/ros2/assignment/build/smartcar_msgs' returned '0': CMAKE_PREFIX_PATH=${CMAKE_PREFIX_PATH}:/opt/ros/humble /usr/bin/cmake --build /home/ros2/assignment/build/smartcar_msgs -- -j8 -l8
[3.057s] Invoking command in '/home/ros2/assignment/build/smartcar_msgs': CMAKE_PREFIX_PATH=${CMAKE_PREFIX_PATH}:/opt/ros/humble /usr/bin/cmake --install /home/ros2/assignment/build/smartcar_msgs
[3.070s] -- Install configuration: ""
[3.070s] -- Up-to-date: /home/ros2/assignment/install/smartcar_msgs/share/ament_index/resource_index/rosidl_interfaces/smartcar_msgs
[3.071s] -- Up-to-date: /home/ros2/assignment/install/smartcar_msgs/include/smartcar_msgs/smartcar_msgs
[3.071s] -- Up-to-date: /home/ros2/assignment/install/smartcar_msgs/include/smartcar_msgs/smartcar_msgs/msg
[3.071s] -- Up-to-date: /home/ros2/assignment/install/smartcar_msgs/include/smartcar_msgs/smartcar_msgs/msg/status.h
[3.071s] -- Up-to-date: /home/ros2/assignment/install/smartcar_msgs/include/smartcar_msgs/smartcar_msgs/msg/rosidl_generator_c__visibility_control.h
[3.071s] -- Up-to-date: /home/ros2/assignment/install/smartcar_msgs/include/smartcar_msgs/smartcar_msgs/msg/detail
[3.071s] -- Up-to-date: /home/ros2/assignment/install/smartcar_msgs/include/smartcar_msgs/smartcar_msgs/msg/detail/status__type_support.h
[3.072s] -- Up-to-date: /home/ros2/assignment/install/smartcar_msgs/include/smartcar_msgs/smartcar_msgs/msg/detail/status__functions.h
[3.072s] -- Up-to-date: /home/ros2/assignment/install/smartcar_msgs/include/smartcar_msgs/smartcar_msgs/msg/detail/status__struct.h
[3.072s] -- Up-to-date: /home/ros2/assignment/install/smartcar_msgs/include/smartcar_msgs/smartcar_msgs/msg/detail/status__functions.c
[3.080s] -- Installing: /home/ros2/assignment/install/smartcar_msgs/share/smartcar_msgs/environment/library_path.sh
[3.080s] -- Installing: /home/ros2/assignment/install/smartcar_msgs/share/smartcar_msgs/environment/library_path.dsv
[3.080s] -- Installing: /home/ros2/assignment/install/smartcar_msgs/lib/libsmartcar_msgs__rosidl_generator_c.so
[3.080s] -- Set runtime path of "/home/ros2/assignment/install/smartcar_msgs/lib/libsmartcar_msgs__rosidl_generator_c.so" to ""
[3.081s] -- Up-to-date: /home/ros2/assignment/install/smartcar_msgs/include/smartcar_msgs/smartcar_msgs
[3.081s] -- Up-to-date: /home/ros2/assignment/install/smartcar_msgs/include/smartcar_msgs/smartcar_msgs/msg
[3.081s] -- Up-to-date: /home/ros2/assignment/install/smartcar_msgs/include/smartcar_msgs/smartcar_msgs/msg/rosidl_typesupport_fastrtps_c__visibility_control.h
[3.081s] -- Up-to-date: /home/ros2/assignment/install/smartcar_msgs/include/smartcar_msgs/smartcar_msgs/msg/detail
[3.082s] -- Up-to-date: /home/ros2/assignment/install/smartcar_msgs/include/smartcar_msgs/smartcar_msgs/msg/detail/status__rosidl_typesupport_fastrtps_c.h
[3.083s] -- Installing: /home/ros2/assignment/install/smartcar_msgs/lib/libsmartcar_msgs__rosidl_typesupport_fastrtps_c.so
[3.083s] -- Set runtime path of "/home/ros2/assignment/install/smartcar_msgs/lib/libsmartcar_msgs__rosidl_typesupport_fastrtps_c.so" to ""
[3.083s] -- Up-to-date: /home/ros2/assignment/install/smartcar_msgs/include/smartcar_msgs/smartcar_msgs
[3.083s] -- Up-to-date: /home/ros2/assignment/install/smartcar_msgs/include/smartcar_msgs/smartcar_msgs/msg
[3.083s] -- Up-to-date: /home/ros2/assignment/install/smartcar_msgs/include/smartcar_msgs/smartcar_msgs/msg/detail
[3.083s] -- Up-to-date: /home/ros2/assignment/install/smartcar_msgs/include/smartcar_msgs/smartcar_msgs/msg/detail/status__type_support.c
[3.083s] -- Up-to-date: /home/ros2/assignment/install/smartcar_msgs/include/smartcar_msgs/smartcar_msgs/msg/detail/status__rosidl_typesupport_introspection_c.h
[3.084s] -- Up-to-date: /home/ros2/assignment/install/smartcar_msgs/include/smartcar_msgs/smartcar_msgs/msg/rosidl_typesupport_introspection_c__visibility_control.h
[3.084s] -- Installing: /home/ros2/assignment/install/smartcar_msgs/lib/libsmartcar_msgs__rosidl_typesupport_introspection_c.so
[3.084s] -- Set runtime path of "/home/ros2/assignment/install/smartcar_msgs/lib/libsmartcar_msgs__rosidl_typesupport_introspection_c.so" to ""
[3.086s] -- Installing: /home/ros2/assignment/install/smartcar_msgs/lib/libsmartcar_msgs__rosidl_typesupport_c.so
[3.087s] -- Set runtime path of "/home/ros2/assignment/install/smartcar_msgs/lib/libsmartcar_msgs__rosidl_typesupport_c.so" to ""
[3.087s] -- Up-to-date: /home/ros2/assignment/install/smartcar_msgs/include/smartcar_msgs/smartcar_msgs
[3.087s] -- Up-to-date: /home/ros2/assignment/install/smartcar_msgs/include/smartcar_msgs/smartcar_msgs/msg
[3.087s] -- Up-to-date: /home/ros2/assignment/install/smartcar_msgs/include/smartcar_msgs/smartcar_msgs/msg/rosidl_generator_cpp__visibility_control.hpp
[3.088s] -- Up-to-date: /home/ros2/assignment/install/smartcar_msgs/include/smartcar_msgs/smartcar_msgs/msg/detail
[3.088s] -- Up-to-date: /home/ros2/assignment/install/smartcar_msgs/include/smartcar_msgs/smartcar_msgs/msg/detail/status__traits.hpp
[3.088s] -- Up-to-date: /home/ros2/assignment/install/smartcar_msgs/include/smartcar_msgs/smartcar_msgs/msg/detail/status__struct.hpp
[3.088s] -- Up-to-date: /home/ros2/assignment/install/smartcar_msgs/include/smartcar_msgs/smartcar_msgs/msg/detail/status__type_support.hpp
[3.088s] -- Up-to-date: /home/ros2/assignment/install/smartcar_msgs/include/smartcar_msgs/smartcar_msgs/msg/detail/status__builder.hpp
[3.088s] -- Up-to-date: /home/ros2/assignment/install/smartcar_msgs/include/smartcar_msgs/smartcar_msgs/msg/status.hpp
[3.089s] -- Up-to-date: /home/ros2/assignment/install/smartcar_msgs/include/smartcar_msgs/smartcar_msgs
[3.089s] -- Up-to-date: /home/ros2/assignment/install/smartcar_msgs/include/smartcar_msgs/smartcar_msgs/msg
[3.089s] -- Up-to-date: /home/ros2/assignment/install/smartcar_msgs/include/smartcar_msgs/smartcar_msgs/msg/rosidl_typesupport_fastrtps_cpp__visibility_control.h
[3.089s] -- Up-to-date: /home/ros2/assignment/install/smartcar_msgs/include/smartcar_msgs/smartcar_msgs/msg/detail
[3.089s] -- Up-to-date: /home/ros2/assignment/install/smartcar_msgs/include/smartcar_msgs/smartcar_msgs/msg/detail/status__rosidl_typesupport_fastrtps_cpp.hpp
[3.089s] -- Installing: /home/ros2/assignment/install/smartcar_msgs/include/smartcar_msgs/smartcar_msgs/msg/detail/dds_fastrtps
[3.090s] -- Installing: /home/ros2/assignment/install/smartcar_msgs/lib/libsmartcar_msgs__rosidl_typesupport_fastrtps_cpp.so
[3.090s] -- Set runtime path of "/home/ros2/assignment/install/smartcar_msgs/lib/libsmartcar_msgs__rosidl_typesupport_fastrtps_cpp.so" to ""
[3.090s] -- Up-to-date: /home/ros2/assignment/install/smartcar_msgs/include/smartcar_msgs/smartcar_msgs
[3.090s] -- Up-to-date: /home/ros2/assignment/install/smartcar_msgs/include/smartcar_msgs/smartcar_msgs/msg
[3.090s] -- Up-to-date: /home/ros2/assignment/install/smartcar_msgs/include/smartcar_msgs/smartcar_msgs/msg/detail
[3.091s] -- Up-to-date: /home/ros2/assignment/install/smartcar_msgs/include/smartcar_msgs/smartcar_msgs/msg/detail/status__type_support.cpp
[3.091s] -- Up-to-date: /home/ros2/assignment/install/smartcar_msgs/include/smartcar_msgs/smartcar_msgs/msg/detail/status__rosidl_typesupport_introspection_cpp.hpp
[3.091s] -- Installing: /home/ros2/assignment/install/smartcar_msgs/lib/libsmartcar_msgs__rosidl_typesupport_introspection_cpp.so
[3.091s] -- Set runtime path of "/home/ros2/assignment/install/smartcar_msgs/lib/libsmartcar_msgs__rosidl_typesupport_introspection_cpp.so" to ""
[3.091s] -- Installing: /home/ros2/assignment/install/smartcar_msgs/lib/libsmartcar_msgs__rosidl_typesupport_cpp.so
[3.091s] -- Set runtime path of "/home/ros2/assignment/install/smartcar_msgs/lib/libsmartcar_msgs__rosidl_typesupport_cpp.so" to ""
[3.091s] -- Up-to-date: /home/ros2/assignment/install/smartcar_msgs/share/smartcar_msgs/environment/pythonpath.sh
[3.092s] -- Installing: /home/ros2/assignment/install/smartcar_msgs/share/smartcar_msgs/environment/pythonpath.dsv
[3.092s] -- Up-to-date: /home/ros2/assignment/install/smartcar_msgs/local/lib/python3.10/dist-packages/smartcar_msgs-0.0.0-py3.10.egg-info
[3.092s] -- Installing: /home/ros2/assignment/install/smartcar_msgs/local/lib/python3.10/dist-packages/smartcar_msgs-0.0.0-py3.10.egg-info/SOURCES.txt
[3.092s] -- Installing: /home/ros2/assignment/install/smartcar_msgs/local/lib/python3.10/dist-packages/smartcar_msgs-0.0.0-py3.10.egg-info/PKG-INFO
[3.092s] -- Installing: /home/ros2/assignment/install/smartcar_msgs/local/lib/python3.10/dist-packages/smartcar_msgs-0.0.0-py3.10.egg-info/top_level.txt
[3.092s] -- Installing: /home/ros2/assignment/install/smartcar_msgs/local/lib/python3.10/dist-packages/smartcar_msgs-0.0.0-py3.10.egg-info/dependency_links.txt
[3.092s] -- Up-to-date: /home/ros2/assignment/install/smartcar_msgs/local/lib/python3.10/dist-packages/smartcar_msgs
[3.092s] -- Installing: /home/ros2/assignment/install/smartcar_msgs/local/lib/python3.10/dist-packages/smartcar_msgs/__init__.py
[3.092s] -- Installing: /home/ros2/assignment/install/smartcar_msgs/local/lib/python3.10/dist-packages/smartcar_msgs/libsmartcar_msgs__rosidl_generator_py.so
[3.092s] -- Installing: /home/ros2/assignment/install/smartcar_msgs/local/lib/python3.10/dist-packages/smartcar_msgs/smartcar_msgs_s__rosidl_typesupport_introspection_c.cpython-310-x86_64-linux-gnu.so
[3.093s] -- Up-to-date: /home/ros2/assignment/install/smartcar_msgs/local/lib/python3.10/dist-packages/smartcar_msgs/_smartcar_msgs_s.ep.rosidl_typesupport_c.c
[3.093s] -- Up-to-date: /home/ros2/assignment/install/smartcar_msgs/local/lib/python3.10/dist-packages/smartcar_msgs/_smartcar_msgs_s.ep.rosidl_typesupport_fastrtps_c.c
[3.093s] -- Installing: /home/ros2/assignment/install/smartcar_msgs/local/lib/python3.10/dist-packages/smartcar_msgs/smartcar_msgs_s__rosidl_typesupport_fastrtps_c.cpython-310-x86_64-linux-gnu.so
[3.093s] -- Installing: /home/ros2/assignment/install/smartcar_msgs/local/lib/python3.10/dist-packages/smartcar_msgs/smartcar_msgs_s__rosidl_typesupport_c.cpython-310-x86_64-linux-gnu.so
[3.094s] -- Up-to-date: /home/ros2/assignment/install/smartcar_msgs/local/lib/python3.10/dist-packages/smartcar_msgs/_smartcar_msgs_s.ep.rosidl_typesupport_introspection_c.c
[3.094s] -- Up-to-date: /home/ros2/assignment/install/smartcar_msgs/local/lib/python3.10/dist-packages/smartcar_msgs/msg
[3.094s] -- Up-to-date: /home/ros2/assignment/install/smartcar_msgs/local/lib/python3.10/dist-packages/smartcar_msgs/msg/__init__.py
[3.094s] -- Up-to-date: /home/ros2/assignment/install/smartcar_msgs/local/lib/python3.10/dist-packages/smartcar_msgs/msg/_status_s.c
[3.094s] -- Up-to-date: /home/ros2/assignment/install/smartcar_msgs/local/lib/python3.10/dist-packages/smartcar_msgs/msg/_status.py
[3.156s] Listing '/home/ros2/assignment/install/smartcar_msgs/local/lib/python3.10/dist-packages/smartcar_msgs'...
[3.157s] Compiling '/home/ros2/assignment/install/smartcar_msgs/local/lib/python3.10/dist-packages/smartcar_msgs/__init__.py'...
[3.157s] Listing '/home/ros2/assignment/install/smartcar_msgs/local/lib/python3.10/dist-packages/smartcar_msgs/msg'...
[3.157s] Compiling '/home/ros2/assignment/install/smartcar_msgs/local/lib/python3.10/dist-packages/smartcar_msgs/msg/__init__.py'...
[3.157s] Compiling '/home/ros2/assignment/install/smartcar_msgs/local/lib/python3.10/dist-packages/smartcar_msgs/msg/_status.py'...
[3.167s] -- Installing: /home/ros2/assignment/install/smartcar_msgs/local/lib/python3.10/dist-packages/smartcar_msgs/smartcar_msgs_s__rosidl_typesupport_fastrtps_c.cpython-310-x86_64-linux-gnu.so
[3.168s] -- Set runtime path of "/home/ros2/assignment/install/smartcar_msgs/local/lib/python3.10/dist-packages/smartcar_msgs/smartcar_msgs_s__rosidl_typesupport_fastrtps_c.cpython-310-x86_64-linux-gnu.so" to ""
[3.168s] -- Installing: /home/ros2/assignment/install/smartcar_msgs/local/lib/python3.10/dist-packages/smartcar_msgs/smartcar_msgs_s__rosidl_typesupport_introspection_c.cpython-310-x86_64-linux-gnu.so
[3.169s] -- Set runtime path of "/home/ros2/assignment/install/smartcar_msgs/local/lib/python3.10/dist-packages/smartcar_msgs/smartcar_msgs_s__rosidl_typesupport_introspection_c.cpython-310-x86_64-linux-gnu.so" to ""
[3.169s] -- Installing: /home/ros2/assignment/install/smartcar_msgs/local/lib/python3.10/dist-packages/smartcar_msgs/smartcar_msgs_s__rosidl_typesupport_c.cpython-310-x86_64-linux-gnu.so
[3.174s] -- Set runtime path of "/home/ros2/assignment/install/smartcar_msgs/local/lib/python3.10/dist-packages/smartcar_msgs/smartcar_msgs_s__rosidl_typesupport_c.cpython-310-x86_64-linux-gnu.so" to ""
[3.175s] -- Installing: /home/ros2/assignment/install/smartcar_msgs/lib/libsmartcar_msgs__rosidl_generator_py.so
[3.175s] -- Set runtime path of "/home/ros2/assignment/install/smartcar_msgs/lib/libsmartcar_msgs__rosidl_generator_py.so" to ""
[3.175s] -- Up-to-date: /home/ros2/assignment/install/smartcar_msgs/share/smartcar_msgs/msg/Status.idl
[3.176s] -- Up-to-date: /home/ros2/assignment/install/smartcar_msgs/share/smartcar_msgs/msg/Status.msg
[3.177s] -- Up-to-date: /home/ros2/assignment/install/smartcar_msgs/share/ament_index/resource_index/package_run_dependencies/smartcar_msgs
[3.177s] -- Installing: /home/ros2/assignment/install/smartcar_msgs/share/ament_index/resource_index/parent_prefix_path/smartcar_msgs
[3.177s] -- Installing: /home/ros2/assignment/install/smartcar_msgs/share/smartcar_msgs/environment/ament_prefix_path.sh
[3.177s] -- Installing: /home/ros2/assignment/install/smartcar_msgs/share/smartcar_msgs/environment/ament_prefix_path.dsv
[3.177s] -- Installing: /home/ros2/assignment/install/smartcar_msgs/share/smartcar_msgs/environment/path.sh
[3.177s] -- Installing: /home/ros2/assignment/install/smartcar_msgs/share/smartcar_msgs/environment/path.dsv
[3.178s] -- Up-to-date: /home/ros2/assignment/install/smartcar_msgs/share/smartcar_msgs/local_setup.bash
[3.178s] -- Up-to-date: /home/ros2/assignment/install/smartcar_msgs/share/smartcar_msgs/local_setup.sh
[3.178s] -- Up-to-date: /home/ros2/assignment/install/smartcar_msgs/share/smartcar_msgs/local_setup.zsh
[3.178s] -- Installing: /home/ros2/assignment/install/smartcar_msgs/share/smartcar_msgs/local_setup.dsv
[3.178s] -- Installing: /home/ros2/assignment/install/smartcar_msgs/share/smartcar_msgs/package.dsv
[3.178s] -- Up-to-date: /home/ros2/assignment/install/smartcar_msgs/share/ament_index/resource_index/packages/smartcar_msgs
[3.179s] -- Up-to-date: /home/ros2/assignment/install/smartcar_msgs/share/smartcar_msgs/cmake/export_smartcar_msgs__rosidl_generator_cExport.cmake
[3.179s] -- Up-to-date: /home/ros2/assignment/install/smartcar_msgs/share/smartcar_msgs/cmake/export_smartcar_msgs__rosidl_generator_cExport-noconfig.cmake
[3.179s] -- Up-to-date: /home/ros2/assignment/install/smartcar_msgs/share/smartcar_msgs/cmake/export_smartcar_msgs__rosidl_typesupport_fastrtps_cExport.cmake
[3.179s] -- Up-to-date: /home/ros2/assignment/install/smartcar_msgs/share/smartcar_msgs/cmake/export_smartcar_msgs__rosidl_typesupport_fastrtps_cExport-noconfig.cmake
[3.179s] -- Up-to-date: /home/ros2/assignment/install/smartcar_msgs/share/smartcar_msgs/cmake/smartcar_msgs__rosidl_typesupport_introspection_cExport.cmake
[3.179s] -- Up-to-date: /home/ros2/assignment/install/smartcar_msgs/share/smartcar_msgs/cmake/smartcar_msgs__rosidl_typesupport_introspection_cExport-noconfig.cmake
[3.183s] -- Up-to-date: /home/ros2/assignment/install/smartcar_msgs/share/smartcar_msgs/cmake/smartcar_msgs__rosidl_typesupport_cExport.cmake
[3.183s] -- Up-to-date: /home/ros2/assignment/install/smartcar_msgs/share/smartcar_msgs/cmake/smartcar_msgs__rosidl_typesupport_cExport-noconfig.cmake
[3.183s] -- Up-to-date: /home/ros2/assignment/install/smartcar_msgs/share/smartcar_msgs/cmake/export_smartcar_msgs__rosidl_generator_cppExport.cmake
[3.183s] -- Up-to-date: /home/ros2/assignment/install/smartcar_msgs/share/smartcar_msgs/cmake/export_smartcar_msgs__rosidl_typesupport_fastrtps_cppExport.cmake
[3.184s] -- Up-to-date: /home/ros2/assignment/install/smartcar_msgs/share/smartcar_msgs/cmake/export_smartcar_msgs__rosidl_typesupport_fastrtps_cppExport-noconfig.cmake
[3.184s] -- Up-to-date: /home/ros2/assignment/install/smartcar_msgs/share/smartcar_msgs/cmake/smartcar_msgs__rosidl_typesupport_introspection_cppExport.cmake
[3.184s] -- Up-to-date: /home/ros2/assignment/install/smartcar_msgs/share/smartcar_msgs/cmake/smartcar_msgs__rosidl_typesupport_introspection_cppExport-noconfig.cmake
[3.184s] -- Up-to-date: /home/ros2/assignment/install/smartcar_msgs/share/smartcar_msgs/cmake/smartcar_msgs__rosidl_typesupport_cppExport.cmake
[3.184s] -- Up-to-date: /home/ros2/assignment/install/smartcar_msgs/share/smartcar_msgs/cmake/smartcar_msgs__rosidl_typesupport_cppExport-noconfig.cmake
[3.184s] -- Up-to-date: /home/ros2/assignment/install/smartcar_msgs/share/smartcar_msgs/cmake/export_smartcar_msgs__rosidl_generator_pyExport.cmake
[3.184s] -- Up-to-date: /home/ros2/assignment/install/smartcar_msgs/share/smartcar_msgs/cmake/export_smartcar_msgs__rosidl_generator_pyExport-noconfig.cmake
[3.185s] -- Up-to-date: /home/ros2/assignment/install/smartcar_msgs/share/smartcar_msgs/cmake/rosidl_cmake-extras.cmake
[3.185s] -- Up-to-date: /home/ros2/assignment/install/smartcar_msgs/share/smartcar_msgs/cmake/ament_cmake_export_include_directories-extras.cmake
[3.185s] -- Up-to-date: /home/ros2/assignment/install/smartcar_msgs/share/smartcar_msgs/cmake/ament_cmake_export_libraries-extras.cmake
[3.185s] -- Up-to-date: /home/ros2/assignment/install/smartcar_msgs/share/smartcar_msgs/cmake/ament_cmake_export_targets-extras.cmake
[3.185s] -- Up-to-date: /home/ros2/assignment/install/smartcar_msgs/share/smartcar_msgs/cmake/rosidl_cmake_export_typesupport_targets-extras.cmake
[3.185s] -- Up-to-date: /home/ros2/assignment/install/smartcar_msgs/share/smartcar_msgs/cmake/ament_cmake_export_dependencies-extras.cmake
[3.185s] -- Up-to-date: /home/ros2/assignment/install/smartcar_msgs/share/smartcar_msgs/cmake/rosidl_cmake_export_typesupport_libraries-extras.cmake
[3.187s] -- Up-to-date: /home/ros2/assignment/install/smartcar_msgs/share/smartcar_msgs/cmake/smartcar_msgsConfig.cmake
[3.187s] -- Up-to-date: /home/ros2/assignment/install/smartcar_msgs/share/smartcar_msgs/cmake/smartcar_msgsConfig-version.cmake
[3.187s] -- Up-to-date: /home/ros2/assignment/install/smartcar_msgs/share/smartcar_msgs/package.xml
[3.196s] Invoked command in '/home/ros2/assignment/build/smartcar_msgs' returned '0': CMAKE_PREFIX_PATH=${CMAKE_PREFIX_PATH}:/opt/ros/humble /usr/bin/cmake --install /home/ros2/assignment/build/smartcar_msgs
