[0.027s] Invoking command in '/home/ros2/assignment/build/ackermann_msgs': CMAKE_PREFIX_PATH=${CMAKE_PREFIX_PATH}:/opt/ros/humble /usr/bin/cmake --build /home/ros2/assignment/build/ackermann_msgs -- -j8 -l8
[0.092s] -- Found ament_cmake: 1.3.12 (/opt/ros/humble/share/ament_cmake/cmake)
[0.320s] -- Found rosidl_default_generators: 1.2.0 (/opt/ros/humble/share/rosidl_default_generators/cmake)
[0.324s] -- Using all available rosidl_typesupport_c: rosidl_typesupport_fastrtps_c;rosidl_typesupport_introspection_c
[0.330s] -- Found rosidl_adapter: 3.1.7 (/opt/ros/humble/share/rosidl_adapter/cmake)
[0.381s] -- Using all available rosidl_typesupport_cpp: rosidl_typesupport_fastrtps_cpp;rosidl_typesupport_introspection_cpp
[0.431s] -- Found std_msgs: 4.9.0 (/opt/ros/humble/share/std_msgs/cmake)
[0.956s] -- Found ament_cmake_cppcheck: 0.12.14 (/opt/ros/humble/share/ament_cmake_cppcheck/cmake)
[0.959s] -- Found ament_cmake_cpplint: 0.12.14 (/opt/ros/humble/share/ament_cmake_cpplint/cmake)
[0.962s] -- Found ament_cmake_uncrustify: 0.12.14 (/opt/ros/humble/share/ament_cmake_uncrustify/cmake)
[0.964s] -- Found ament_cmake_ros: 0.10.0 (/opt/ros/humble/share/ament_cmake_ros/cmake)
[1.351s] -- Using all available rosidl_typesupport_c: rosidl_typesupport_fastrtps_c;rosidl_typesupport_introspection_c
[1.872s] -- Using all available rosidl_typesupport_cpp: rosidl_typesupport_fastrtps_cpp;rosidl_typesupport_introspection_cpp
[1.921s] -- Found python_cmake_module: 0.10.0 (/opt/ros/humble/share/python_cmake_module/cmake)
[1.971s] -- Using PYTHON_EXECUTABLE: /usr/bin/python3
[1.971s] -- Using PYTHON_INCLUDE_DIRS: /usr/include/python3.10
[1.971s] -- Using PYTHON_LIBRARIES: /usr/lib/x86_64-linux-gnu/libpython3.10.so
[2.034s] -- Found ament_cmake_flake8: 0.12.14 (/opt/ros/humble/share/ament_cmake_flake8/cmake)
[2.038s] -- Found ament_cmake_pep257: 0.12.14 (/opt/ros/humble/share/ament_cmake_pep257/cmake)
[2.074s] -- Configuring done
[2.135s] -- Generating done
[2.163s] -- Build files have been written to: /home/ros2/assignment/build/ackermann_msgs
[2.224s] [35m[1mConsolidate compiler generated dependencies of target ackermann_msgs__rosidl_generator_c[0m
[2.242s] [  2%] Built target ackermann_msgs__cpp
[2.278s] [  5%] [32mBuilding C object CMakeFiles/ackermann_msgs__rosidl_generator_c.dir/rosidl_generator_c/ackermann_msgs/msg/detail/ackermann_drive__functions.c.o[0m
[2.279s] [  7%] [32mBuilding C object CMakeFiles/ackermann_msgs__rosidl_generator_c.dir/rosidl_generator_c/ackermann_msgs/msg/detail/ackermann_drive_stamped__functions.c.o[0m
[2.279s] [35m[1mConsolidate compiler generated dependencies of target ackermann_msgs__rosidl_typesupport_introspection_cpp[0m
[2.279s] [35m[1mConsolidate compiler generated dependencies of target ackermann_msgs__rosidl_typesupport_cpp[0m
[2.285s] [  7%] Built target ament_cmake_python_copy_ackermann_msgs
[2.286s] [35m[1mConsolidate compiler generated dependencies of target ackermann_msgs__rosidl_typesupport_fastrtps_cpp[0m
[2.309s] [ 10%] [32mBuilding CXX object CMakeFiles/ackermann_msgs__rosidl_typesupport_cpp.dir/rosidl_typesupport_cpp/ackermann_msgs/msg/ackermann_drive__type_support.cpp.o[0m
[2.310s] [ 12%] [32mBuilding CXX object CMakeFiles/ackermann_msgs__rosidl_typesupport_introspection_cpp.dir/rosidl_typesupport_introspection_cpp/ackermann_msgs/msg/detail/ackermann_drive__type_support.cpp.o[0m
[2.311s] [ 15%] [32mBuilding CXX object CMakeFiles/ackermann_msgs__rosidl_typesupport_cpp.dir/rosidl_typesupport_cpp/ackermann_msgs/msg/ackermann_drive_stamped__type_support.cpp.o[0m
[2.312s] [ 17%] [32mBuilding CXX object CMakeFiles/ackermann_msgs__rosidl_typesupport_fastrtps_cpp.dir/rosidl_typesupport_fastrtps_cpp/ackermann_msgs/msg/detail/dds_fastrtps/ackermann_drive__type_support.cpp.o[0m
[2.325s] [ 23%] [32mBuilding CXX object CMakeFiles/ackermann_msgs__rosidl_typesupport_fastrtps_cpp.dir/rosidl_typesupport_fastrtps_cpp/ackermann_msgs/msg/detail/dds_fastrtps/ackermann_drive_stamped__type_support.cpp.o[0m
[2.327s] [ 23%] [32mBuilding CXX object CMakeFiles/ackermann_msgs__rosidl_typesupport_introspection_cpp.dir/rosidl_typesupport_introspection_cpp/ackermann_msgs/msg/detail/ackermann_drive_stamped__type_support.cpp.o[0m
[2.327s] [ 25%] [32m[1mLinking C shared library libackermann_msgs__rosidl_generator_c.so[0m
[2.351s] [ 28%] [32m[1mLinking CXX shared library libackermann_msgs__rosidl_typesupport_cpp.so[0m
[2.368s] [ 30%] [32m[1mLinking CXX shared library libackermann_msgs__rosidl_typesupport_fastrtps_cpp.so[0m
[2.369s] [ 33%] [32m[1mLinking CXX shared library libackermann_msgs__rosidl_typesupport_introspection_cpp.so[0m
[2.444s] [ 35%] Built target ackermann_msgs__rosidl_generator_c
[2.464s] [ 38%] Built target ackermann_msgs__rosidl_typesupport_cpp
[2.470s] [35m[1mConsolidate compiler generated dependencies of target ackermann_msgs__rosidl_typesupport_fastrtps_c[0m
[2.476s] [35m[1mConsolidate compiler generated dependencies of target ackermann_msgs__rosidl_typesupport_introspection_c[0m
[2.491s] [35m[1mConsolidate compiler generated dependencies of target ackermann_msgs__rosidl_typesupport_c[0m
[2.506s] [ 41%] [32mBuilding CXX object CMakeFiles/ackermann_msgs__rosidl_typesupport_fastrtps_c.dir/rosidl_typesupport_fastrtps_c/ackermann_msgs/msg/detail/ackermann_drive__type_support_c.cpp.o[0m
[2.513s] [ 43%] [32mBuilding CXX object CMakeFiles/ackermann_msgs__rosidl_typesupport_fastrtps_c.dir/rosidl_typesupport_fastrtps_c/ackermann_msgs/msg/detail/ackermann_drive_stamped__type_support_c.cpp.o[0m
[2.516s] [ 48%] [32mBuilding C object CMakeFiles/ackermann_msgs__rosidl_typesupport_introspection_c.dir/rosidl_typesupport_introspection_c/ackermann_msgs/msg/detail/ackermann_drive_stamped__type_support.c.o[0m
[2.516s] [ 48%] [32mBuilding C object CMakeFiles/ackermann_msgs__rosidl_typesupport_introspection_c.dir/rosidl_typesupport_introspection_c/ackermann_msgs/msg/detail/ackermann_drive__type_support.c.o[0m
[2.532s] [ 51%] [32mBuilding CXX object CMakeFiles/ackermann_msgs__rosidl_typesupport_c.dir/rosidl_typesupport_c/ackermann_msgs/msg/ackermann_drive__type_support.cpp.o[0m
[2.547s] [ 53%] [32mBuilding CXX object CMakeFiles/ackermann_msgs__rosidl_typesupport_c.dir/rosidl_typesupport_c/ackermann_msgs/msg/ackermann_drive_stamped__type_support.cpp.o[0m
[2.557s] [ 56%] [32m[1mLinking CXX shared library libackermann_msgs__rosidl_typesupport_fastrtps_c.so[0m
[2.563s] [ 58%] [32m[1mLinking C shared library libackermann_msgs__rosidl_typesupport_introspection_c.so[0m
[2.575s] [ 61%] [32m[1mLinking CXX shared library libackermann_msgs__rosidl_typesupport_c.so[0m
[2.608s] [ 64%] Built target ackermann_msgs__rosidl_typesupport_introspection_cpp
[2.660s] [ 66%] Built target ackermann_msgs__rosidl_typesupport_introspection_c
[2.683s] [ 69%] Built target ackermann_msgs__rosidl_typesupport_fastrtps_cpp
[2.687s] [ 71%] Built target ackermann_msgs__rosidl_typesupport_c
[2.807s] [ 74%] Built target ackermann_msgs__rosidl_typesupport_fastrtps_c
[2.844s] [ 74%] Built target ackermann_msgs
[2.846s] running egg_info
[2.848s] writing ackermann_msgs.egg-info/PKG-INFO
[2.848s] writing dependency_links to ackermann_msgs.egg-info/dependency_links.txt
[2.849s] writing top-level names to ackermann_msgs.egg-info/top_level.txt
[2.855s] reading manifest file 'ackermann_msgs.egg-info/SOURCES.txt'
[2.856s] writing manifest file 'ackermann_msgs.egg-info/SOURCES.txt'
[2.894s] [ 76%] Built target ackermann_msgs__py
[2.913s] [35m[1mConsolidate compiler generated dependencies of target ackermann_msgs__rosidl_generator_py[0m
[2.922s] [ 76%] Built target ament_cmake_python_build_ackermann_msgs_egg
[2.936s] [ 79%] [32mBuilding C object CMakeFiles/ackermann_msgs__rosidl_generator_py.dir/rosidl_generator_py/ackermann_msgs/msg/_ackermann_drive_s.c.o[0m
[2.937s] [ 82%] [32mBuilding C object CMakeFiles/ackermann_msgs__rosidl_generator_py.dir/rosidl_generator_py/ackermann_msgs/msg/_ackermann_drive_stamped_s.c.o[0m
[2.967s] [ 84%] [32m[1mLinking C shared library rosidl_generator_py/ackermann_msgs/libackermann_msgs__rosidl_generator_py.so[0m
[3.045s] [ 84%] Built target ackermann_msgs__rosidl_generator_py
[3.072s] [35m[1mConsolidate compiler generated dependencies of target ackermann_msgs__rosidl_typesupport_c__pyext[0m
[3.073s] [35m[1mConsolidate compiler generated dependencies of target ackermann_msgs__rosidl_typesupport_fastrtps_c__pyext[0m
[3.078s] [35m[1mConsolidate compiler generated dependencies of target ackermann_msgs__rosidl_typesupport_introspection_c__pyext[0m
[3.091s] [ 89%] [32mBuilding C object CMakeFiles/ackermann_msgs__rosidl_typesupport_c__pyext.dir/rosidl_generator_py/ackermann_msgs/_ackermann_msgs_s.ep.rosidl_typesupport_c.c.o[0m
[3.092s] [ 89%] [32mBuilding C object CMakeFiles/ackermann_msgs__rosidl_typesupport_fastrtps_c__pyext.dir/rosidl_generator_py/ackermann_msgs/_ackermann_msgs_s.ep.rosidl_typesupport_fastrtps_c.c.o[0m
[3.102s] [ 92%] [32mBuilding C object CMakeFiles/ackermann_msgs__rosidl_typesupport_introspection_c__pyext.dir/rosidl_generator_py/ackermann_msgs/_ackermann_msgs_s.ep.rosidl_typesupport_introspection_c.c.o[0m
[3.121s] [ 94%] [32m[1mLinking C shared library rosidl_generator_py/ackermann_msgs/ackermann_msgs_s__rosidl_typesupport_c.cpython-310-x86_64-linux-gnu.so[0m
[3.122s] [ 97%] [32m[1mLinking C shared library rosidl_generator_py/ackermann_msgs/ackermann_msgs_s__rosidl_typesupport_fastrtps_c.cpython-310-x86_64-linux-gnu.so[0m
[3.130s] [100%] [32m[1mLinking C shared library rosidl_generator_py/ackermann_msgs/ackermann_msgs_s__rosidl_typesupport_introspection_c.cpython-310-x86_64-linux-gnu.so[0m
[3.206s] [100%] Built target ackermann_msgs__rosidl_typesupport_c__pyext
[3.209s] [100%] Built target ackermann_msgs__rosidl_typesupport_fastrtps_c__pyext
[3.214s] [100%] Built target ackermann_msgs__rosidl_typesupport_introspection_c__pyext
[3.237s] Invoked command in '/home/ros2/assignment/build/ackermann_msgs' returned '0': CMAKE_PREFIX_PATH=${CMAKE_PREFIX_PATH}:/opt/ros/humble /usr/bin/cmake --build /home/ros2/assignment/build/ackermann_msgs -- -j8 -l8
[3.240s] Invoking command in '/home/ros2/assignment/build/ackermann_msgs': CMAKE_PREFIX_PATH=${CMAKE_PREFIX_PATH}:/opt/ros/humble /usr/bin/cmake --install /home/ros2/assignment/build/ackermann_msgs
[3.256s] -- Install configuration: ""
[3.256s] -- Up-to-date: /home/ros2/assignment/install/ackermann_msgs/share/ament_index/resource_index/rosidl_interfaces/ackermann_msgs
[3.257s] -- Up-to-date: /home/ros2/assignment/install/ackermann_msgs/include/ackermann_msgs/ackermann_msgs
[3.257s] -- Up-to-date: /home/ros2/assignment/install/ackermann_msgs/include/ackermann_msgs/ackermann_msgs/msg
[3.257s] -- Up-to-date: /home/ros2/assignment/install/ackermann_msgs/include/ackermann_msgs/ackermann_msgs/msg/rosidl_generator_c__visibility_control.h
[3.257s] -- Up-to-date: /home/ros2/assignment/install/ackermann_msgs/include/ackermann_msgs/ackermann_msgs/msg/ackermann_drive.h
[3.257s] -- Up-to-date: /home/ros2/assignment/install/ackermann_msgs/include/ackermann_msgs/ackermann_msgs/msg/ackermann_drive_stamped.h
[3.258s] -- Up-to-date: /home/ros2/assignment/install/ackermann_msgs/include/ackermann_msgs/ackermann_msgs/msg/detail
[3.258s] -- Up-to-date: /home/ros2/assignment/install/ackermann_msgs/include/ackermann_msgs/ackermann_msgs/msg/detail/ackermann_drive_stamped__functions.h
[3.258s] -- Up-to-date: /home/ros2/assignment/install/ackermann_msgs/include/ackermann_msgs/ackermann_msgs/msg/detail/ackermann_drive_stamped__functions.c
[3.258s] -- Up-to-date: /home/ros2/assignment/install/ackermann_msgs/include/ackermann_msgs/ackermann_msgs/msg/detail/ackermann_drive__struct.h
[3.258s] -- Up-to-date: /home/ros2/assignment/install/ackermann_msgs/include/ackermann_msgs/ackermann_msgs/msg/detail/ackermann_drive__functions.c
[3.258s] -- Up-to-date: /home/ros2/assignment/install/ackermann_msgs/include/ackermann_msgs/ackermann_msgs/msg/detail/ackermann_drive_stamped__type_support.h
[3.259s] -- Up-to-date: /home/ros2/assignment/install/ackermann_msgs/include/ackermann_msgs/ackermann_msgs/msg/detail/ackermann_drive__functions.h
[3.259s] -- Up-to-date: /home/ros2/assignment/install/ackermann_msgs/include/ackermann_msgs/ackermann_msgs/msg/detail/ackermann_drive__type_support.h
[3.259s] -- Up-to-date: /home/ros2/assignment/install/ackermann_msgs/include/ackermann_msgs/ackermann_msgs/msg/detail/ackermann_drive_stamped__struct.h
[3.259s] -- Installing: /home/ros2/assignment/install/ackermann_msgs/share/ackermann_msgs/environment/library_path.sh
[3.260s] -- Installing: /home/ros2/assignment/install/ackermann_msgs/share/ackermann_msgs/environment/library_path.dsv
[3.260s] -- Installing: /home/ros2/assignment/install/ackermann_msgs/lib/libackermann_msgs__rosidl_generator_c.so
[3.260s] -- Set runtime path of "/home/ros2/assignment/install/ackermann_msgs/lib/libackermann_msgs__rosidl_generator_c.so" to ""
[3.260s] -- Up-to-date: /home/ros2/assignment/install/ackermann_msgs/include/ackermann_msgs/ackermann_msgs
[3.260s] -- Up-to-date: /home/ros2/assignment/install/ackermann_msgs/include/ackermann_msgs/ackermann_msgs/msg
[3.261s] -- Up-to-date: /home/ros2/assignment/install/ackermann_msgs/include/ackermann_msgs/ackermann_msgs/msg/rosidl_typesupport_fastrtps_c__visibility_control.h
[3.261s] -- Up-to-date: /home/ros2/assignment/install/ackermann_msgs/include/ackermann_msgs/ackermann_msgs/msg/detail
[3.261s] -- Up-to-date: /home/ros2/assignment/install/ackermann_msgs/include/ackermann_msgs/ackermann_msgs/msg/detail/ackermann_drive__rosidl_typesupport_fastrtps_c.h
[3.261s] -- Up-to-date: /home/ros2/assignment/install/ackermann_msgs/include/ackermann_msgs/ackermann_msgs/msg/detail/ackermann_drive_stamped__rosidl_typesupport_fastrtps_c.h
[3.261s] -- Installing: /home/ros2/assignment/install/ackermann_msgs/lib/libackermann_msgs__rosidl_typesupport_fastrtps_c.so
[3.262s] -- Set runtime path of "/home/ros2/assignment/install/ackermann_msgs/lib/libackermann_msgs__rosidl_typesupport_fastrtps_c.so" to ""
[3.262s] -- Up-to-date: /home/ros2/assignment/install/ackermann_msgs/include/ackermann_msgs/ackermann_msgs
[3.262s] -- Up-to-date: /home/ros2/assignment/install/ackermann_msgs/include/ackermann_msgs/ackermann_msgs/msg
[3.262s] -- Up-to-date: /home/ros2/assignment/install/ackermann_msgs/include/ackermann_msgs/ackermann_msgs/msg/detail
[3.263s] -- Up-to-date: /home/ros2/assignment/install/ackermann_msgs/include/ackermann_msgs/ackermann_msgs/msg/detail/ackermann_drive_stamped__rosidl_typesupport_introspection_c.h
[3.263s] -- Up-to-date: /home/ros2/assignment/install/ackermann_msgs/include/ackermann_msgs/ackermann_msgs/msg/detail/ackermann_drive__rosidl_typesupport_introspection_c.h
[3.263s] -- Up-to-date: /home/ros2/assignment/install/ackermann_msgs/include/ackermann_msgs/ackermann_msgs/msg/detail/ackermann_drive__type_support.c
[3.263s] -- Up-to-date: /home/ros2/assignment/install/ackermann_msgs/include/ackermann_msgs/ackermann_msgs/msg/detail/ackermann_drive_stamped__type_support.c
[3.263s] -- Up-to-date: /home/ros2/assignment/install/ackermann_msgs/include/ackermann_msgs/ackermann_msgs/msg/rosidl_typesupport_introspection_c__visibility_control.h
[3.263s] -- Installing: /home/ros2/assignment/install/ackermann_msgs/lib/libackermann_msgs__rosidl_typesupport_introspection_c.so
[3.263s] -- Set runtime path of "/home/ros2/assignment/install/ackermann_msgs/lib/libackermann_msgs__rosidl_typesupport_introspection_c.so" to ""
[3.263s] -- Installing: /home/ros2/assignment/install/ackermann_msgs/lib/libackermann_msgs__rosidl_typesupport_c.so
[3.264s] -- Set runtime path of "/home/ros2/assignment/install/ackermann_msgs/lib/libackermann_msgs__rosidl_typesupport_c.so" to ""
[3.264s] -- Up-to-date: /home/ros2/assignment/install/ackermann_msgs/include/ackermann_msgs/ackermann_msgs
[3.264s] -- Up-to-date: /home/ros2/assignment/install/ackermann_msgs/include/ackermann_msgs/ackermann_msgs/msg
[3.264s] -- Up-to-date: /home/ros2/assignment/install/ackermann_msgs/include/ackermann_msgs/ackermann_msgs/msg/ackermann_drive_stamped.hpp
[3.264s] -- Up-to-date: /home/ros2/assignment/install/ackermann_msgs/include/ackermann_msgs/ackermann_msgs/msg/rosidl_generator_cpp__visibility_control.hpp
[3.264s] -- Up-to-date: /home/ros2/assignment/install/ackermann_msgs/include/ackermann_msgs/ackermann_msgs/msg/ackermann_drive.hpp
[3.264s] -- Up-to-date: /home/ros2/assignment/install/ackermann_msgs/include/ackermann_msgs/ackermann_msgs/msg/detail
[3.264s] -- Up-to-date: /home/ros2/assignment/install/ackermann_msgs/include/ackermann_msgs/ackermann_msgs/msg/detail/ackermann_drive__builder.hpp
[3.264s] -- Up-to-date: /home/ros2/assignment/install/ackermann_msgs/include/ackermann_msgs/ackermann_msgs/msg/detail/ackermann_drive__type_support.hpp
[3.265s] -- Up-to-date: /home/ros2/assignment/install/ackermann_msgs/include/ackermann_msgs/ackermann_msgs/msg/detail/ackermann_drive__struct.hpp
[3.265s] -- Up-to-date: /home/ros2/assignment/install/ackermann_msgs/include/ackermann_msgs/ackermann_msgs/msg/detail/ackermann_drive_stamped__struct.hpp
[3.265s] -- Up-to-date: /home/ros2/assignment/install/ackermann_msgs/include/ackermann_msgs/ackermann_msgs/msg/detail/ackermann_drive__traits.hpp
[3.265s] -- Up-to-date: /home/ros2/assignment/install/ackermann_msgs/include/ackermann_msgs/ackermann_msgs/msg/detail/ackermann_drive_stamped__type_support.hpp
[3.265s] -- Up-to-date: /home/ros2/assignment/install/ackermann_msgs/include/ackermann_msgs/ackermann_msgs/msg/detail/ackermann_drive_stamped__builder.hpp
[3.265s] -- Up-to-date: /home/ros2/assignment/install/ackermann_msgs/include/ackermann_msgs/ackermann_msgs/msg/detail/ackermann_drive_stamped__traits.hpp
[3.265s] -- Up-to-date: /home/ros2/assignment/install/ackermann_msgs/include/ackermann_msgs/ackermann_msgs
[3.265s] -- Up-to-date: /home/ros2/assignment/install/ackermann_msgs/include/ackermann_msgs/ackermann_msgs/msg
[3.265s] -- Up-to-date: /home/ros2/assignment/install/ackermann_msgs/include/ackermann_msgs/ackermann_msgs/msg/rosidl_typesupport_fastrtps_cpp__visibility_control.h
[3.265s] -- Up-to-date: /home/ros2/assignment/install/ackermann_msgs/include/ackermann_msgs/ackermann_msgs/msg/detail
[3.265s] -- Up-to-date: /home/ros2/assignment/install/ackermann_msgs/include/ackermann_msgs/ackermann_msgs/msg/detail/ackermann_drive__rosidl_typesupport_fastrtps_cpp.hpp
[3.266s] -- Up-to-date: /home/ros2/assignment/install/ackermann_msgs/include/ackermann_msgs/ackermann_msgs/msg/detail/ackermann_drive_stamped__rosidl_typesupport_fastrtps_cpp.hpp
[3.266s] -- Installing: /home/ros2/assignment/install/ackermann_msgs/include/ackermann_msgs/ackermann_msgs/msg/detail/dds_fastrtps
[3.266s] -- Installing: /home/ros2/assignment/install/ackermann_msgs/lib/libackermann_msgs__rosidl_typesupport_fastrtps_cpp.so
[3.266s] -- Set runtime path of "/home/ros2/assignment/install/ackermann_msgs/lib/libackermann_msgs__rosidl_typesupport_fastrtps_cpp.so" to ""
[3.266s] -- Up-to-date: /home/ros2/assignment/install/ackermann_msgs/include/ackermann_msgs/ackermann_msgs
[3.267s] -- Up-to-date: /home/ros2/assignment/install/ackermann_msgs/include/ackermann_msgs/ackermann_msgs/msg
[3.267s] -- Up-to-date: /home/ros2/assignment/install/ackermann_msgs/include/ackermann_msgs/ackermann_msgs/msg/detail
[3.267s] -- Up-to-date: /home/ros2/assignment/install/ackermann_msgs/include/ackermann_msgs/ackermann_msgs/msg/detail/ackermann_drive_stamped__rosidl_typesupport_introspection_cpp.hpp
[3.267s] -- Up-to-date: /home/ros2/assignment/install/ackermann_msgs/include/ackermann_msgs/ackermann_msgs/msg/detail/ackermann_drive_stamped__type_support.cpp
[3.267s] -- Up-to-date: /home/ros2/assignment/install/ackermann_msgs/include/ackermann_msgs/ackermann_msgs/msg/detail/ackermann_drive__type_support.cpp
[3.267s] -- Up-to-date: /home/ros2/assignment/install/ackermann_msgs/include/ackermann_msgs/ackermann_msgs/msg/detail/ackermann_drive__rosidl_typesupport_introspection_cpp.hpp
[3.268s] -- Installing: /home/ros2/assignment/install/ackermann_msgs/lib/libackermann_msgs__rosidl_typesupport_introspection_cpp.so
[3.268s] -- Set runtime path of "/home/ros2/assignment/install/ackermann_msgs/lib/libackermann_msgs__rosidl_typesupport_introspection_cpp.so" to ""
[3.268s] -- Installing: /home/ros2/assignment/install/ackermann_msgs/lib/libackermann_msgs__rosidl_typesupport_cpp.so
[3.268s] -- Set runtime path of "/home/ros2/assignment/install/ackermann_msgs/lib/libackermann_msgs__rosidl_typesupport_cpp.so" to ""
[3.268s] -- Up-to-date: /home/ros2/assignment/install/ackermann_msgs/share/ackermann_msgs/environment/pythonpath.sh
[3.268s] -- Installing: /home/ros2/assignment/install/ackermann_msgs/share/ackermann_msgs/environment/pythonpath.dsv
[3.269s] -- Up-to-date: /home/ros2/assignment/install/ackermann_msgs/local/lib/python3.10/dist-packages/ackermann_msgs-2.0.2-py3.10.egg-info
[3.269s] -- Installing: /home/ros2/assignment/install/ackermann_msgs/local/lib/python3.10/dist-packages/ackermann_msgs-2.0.2-py3.10.egg-info/SOURCES.txt
[3.269s] -- Installing: /home/ros2/assignment/install/ackermann_msgs/local/lib/python3.10/dist-packages/ackermann_msgs-2.0.2-py3.10.egg-info/PKG-INFO
[3.269s] -- Installing: /home/ros2/assignment/install/ackermann_msgs/local/lib/python3.10/dist-packages/ackermann_msgs-2.0.2-py3.10.egg-info/top_level.txt
[3.269s] -- Installing: /home/ros2/assignment/install/ackermann_msgs/local/lib/python3.10/dist-packages/ackermann_msgs-2.0.2-py3.10.egg-info/dependency_links.txt
[3.269s] -- Up-to-date: /home/ros2/assignment/install/ackermann_msgs/local/lib/python3.10/dist-packages/ackermann_msgs
[3.269s] -- Installing: /home/ros2/assignment/install/ackermann_msgs/local/lib/python3.10/dist-packages/ackermann_msgs/__init__.py
[3.269s] -- Up-to-date: /home/ros2/assignment/install/ackermann_msgs/local/lib/python3.10/dist-packages/ackermann_msgs/_ackermann_msgs_s.ep.rosidl_typesupport_c.c
[3.270s] -- Installing: /home/ros2/assignment/install/ackermann_msgs/local/lib/python3.10/dist-packages/ackermann_msgs/ackermann_msgs_s__rosidl_typesupport_fastrtps_c.cpython-310-x86_64-linux-gnu.so
[3.270s] -- Installing: /home/ros2/assignment/install/ackermann_msgs/local/lib/python3.10/dist-packages/ackermann_msgs/libackermann_msgs__rosidl_generator_py.so
[3.270s] -- Installing: /home/ros2/assignment/install/ackermann_msgs/local/lib/python3.10/dist-packages/ackermann_msgs/ackermann_msgs_s__rosidl_typesupport_c.cpython-310-x86_64-linux-gnu.so
[3.270s] -- Installing: /home/ros2/assignment/install/ackermann_msgs/local/lib/python3.10/dist-packages/ackermann_msgs/ackermann_msgs_s__rosidl_typesupport_introspection_c.cpython-310-x86_64-linux-gnu.so
[3.270s] -- Up-to-date: /home/ros2/assignment/install/ackermann_msgs/local/lib/python3.10/dist-packages/ackermann_msgs/_ackermann_msgs_s.ep.rosidl_typesupport_introspection_c.c
[3.270s] -- Up-to-date: /home/ros2/assignment/install/ackermann_msgs/local/lib/python3.10/dist-packages/ackermann_msgs/_ackermann_msgs_s.ep.rosidl_typesupport_fastrtps_c.c
[3.270s] -- Up-to-date: /home/ros2/assignment/install/ackermann_msgs/local/lib/python3.10/dist-packages/ackermann_msgs/msg
[3.270s] -- Up-to-date: /home/ros2/assignment/install/ackermann_msgs/local/lib/python3.10/dist-packages/ackermann_msgs/msg/__init__.py
[3.270s] -- Up-to-date: /home/ros2/assignment/install/ackermann_msgs/local/lib/python3.10/dist-packages/ackermann_msgs/msg/_ackermann_drive_stamped.py
[3.271s] -- Up-to-date: /home/ros2/assignment/install/ackermann_msgs/local/lib/python3.10/dist-packages/ackermann_msgs/msg/_ackermann_drive.py
[3.271s] -- Up-to-date: /home/ros2/assignment/install/ackermann_msgs/local/lib/python3.10/dist-packages/ackermann_msgs/msg/_ackermann_drive_s.c
[3.271s] -- Up-to-date: /home/ros2/assignment/install/ackermann_msgs/local/lib/python3.10/dist-packages/ackermann_msgs/msg/_ackermann_drive_stamped_s.c
[3.331s] Listing '/home/ros2/assignment/install/ackermann_msgs/local/lib/python3.10/dist-packages/ackermann_msgs'...
[3.331s] Compiling '/home/ros2/assignment/install/ackermann_msgs/local/lib/python3.10/dist-packages/ackermann_msgs/__init__.py'...
[3.332s] Listing '/home/ros2/assignment/install/ackermann_msgs/local/lib/python3.10/dist-packages/ackermann_msgs/msg'...
[3.332s] Compiling '/home/ros2/assignment/install/ackermann_msgs/local/lib/python3.10/dist-packages/ackermann_msgs/msg/__init__.py'...
[3.332s] Compiling '/home/ros2/assignment/install/ackermann_msgs/local/lib/python3.10/dist-packages/ackermann_msgs/msg/_ackermann_drive.py'...
[3.332s] Compiling '/home/ros2/assignment/install/ackermann_msgs/local/lib/python3.10/dist-packages/ackermann_msgs/msg/_ackermann_drive_stamped.py'...
[3.340s] -- Installing: /home/ros2/assignment/install/ackermann_msgs/local/lib/python3.10/dist-packages/ackermann_msgs/ackermann_msgs_s__rosidl_typesupport_fastrtps_c.cpython-310-x86_64-linux-gnu.so
[3.340s] -- Set runtime path of "/home/ros2/assignment/install/ackermann_msgs/local/lib/python3.10/dist-packages/ackermann_msgs/ackermann_msgs_s__rosidl_typesupport_fastrtps_c.cpython-310-x86_64-linux-gnu.so" to ""
[3.341s] -- Installing: /home/ros2/assignment/install/ackermann_msgs/local/lib/python3.10/dist-packages/ackermann_msgs/ackermann_msgs_s__rosidl_typesupport_introspection_c.cpython-310-x86_64-linux-gnu.so
[3.341s] -- Set runtime path of "/home/ros2/assignment/install/ackermann_msgs/local/lib/python3.10/dist-packages/ackermann_msgs/ackermann_msgs_s__rosidl_typesupport_introspection_c.cpython-310-x86_64-linux-gnu.so" to ""
[3.342s] -- Installing: /home/ros2/assignment/install/ackermann_msgs/local/lib/python3.10/dist-packages/ackermann_msgs/ackermann_msgs_s__rosidl_typesupport_c.cpython-310-x86_64-linux-gnu.so
[3.343s] -- Set runtime path of "/home/ros2/assignment/install/ackermann_msgs/local/lib/python3.10/dist-packages/ackermann_msgs/ackermann_msgs_s__rosidl_typesupport_c.cpython-310-x86_64-linux-gnu.so" to ""
[3.343s] -- Installing: /home/ros2/assignment/install/ackermann_msgs/lib/libackermann_msgs__rosidl_generator_py.so
[3.344s] -- Set runtime path of "/home/ros2/assignment/install/ackermann_msgs/lib/libackermann_msgs__rosidl_generator_py.so" to ""
[3.344s] -- Up-to-date: /home/ros2/assignment/install/ackermann_msgs/share/ackermann_msgs/msg/AckermannDrive.idl
[3.344s] -- Up-to-date: /home/ros2/assignment/install/ackermann_msgs/share/ackermann_msgs/msg/AckermannDriveStamped.idl
[3.344s] -- Up-to-date: /home/ros2/assignment/install/ackermann_msgs/share/ackermann_msgs/msg/AckermannDrive.msg
[3.345s] -- Up-to-date: /home/ros2/assignment/install/ackermann_msgs/share/ackermann_msgs/msg/AckermannDriveStamped.msg
[3.345s] -- Up-to-date: /home/ros2/assignment/install/ackermann_msgs/share/ament_index/resource_index/package_run_dependencies/ackermann_msgs
[3.345s] -- Installing: /home/ros2/assignment/install/ackermann_msgs/share/ament_index/resource_index/parent_prefix_path/ackermann_msgs
[3.345s] -- Installing: /home/ros2/assignment/install/ackermann_msgs/share/ackermann_msgs/environment/ament_prefix_path.sh
[3.345s] -- Installing: /home/ros2/assignment/install/ackermann_msgs/share/ackermann_msgs/environment/ament_prefix_path.dsv
[3.346s] -- Installing: /home/ros2/assignment/install/ackermann_msgs/share/ackermann_msgs/environment/path.sh
[3.346s] -- Installing: /home/ros2/assignment/install/ackermann_msgs/share/ackermann_msgs/environment/path.dsv
[3.346s] -- Up-to-date: /home/ros2/assignment/install/ackermann_msgs/share/ackermann_msgs/local_setup.bash
[3.347s] -- Up-to-date: /home/ros2/assignment/install/ackermann_msgs/share/ackermann_msgs/local_setup.sh
[3.347s] -- Up-to-date: /home/ros2/assignment/install/ackermann_msgs/share/ackermann_msgs/local_setup.zsh
[3.347s] -- Installing: /home/ros2/assignment/install/ackermann_msgs/share/ackermann_msgs/local_setup.dsv
[3.347s] -- Installing: /home/ros2/assignment/install/ackermann_msgs/share/ackermann_msgs/package.dsv
[3.347s] -- Up-to-date: /home/ros2/assignment/install/ackermann_msgs/share/ament_index/resource_index/packages/ackermann_msgs
[3.347s] -- Up-to-date: /home/ros2/assignment/install/ackermann_msgs/share/ackermann_msgs/cmake/export_ackermann_msgs__rosidl_generator_cExport.cmake
[3.348s] -- Up-to-date: /home/ros2/assignment/install/ackermann_msgs/share/ackermann_msgs/cmake/export_ackermann_msgs__rosidl_generator_cExport-noconfig.cmake
[3.348s] -- Up-to-date: /home/ros2/assignment/install/ackermann_msgs/share/ackermann_msgs/cmake/export_ackermann_msgs__rosidl_typesupport_fastrtps_cExport.cmake
[3.348s] -- Up-to-date: /home/ros2/assignment/install/ackermann_msgs/share/ackermann_msgs/cmake/export_ackermann_msgs__rosidl_typesupport_fastrtps_cExport-noconfig.cmake
[3.348s] -- Up-to-date: /home/ros2/assignment/install/ackermann_msgs/share/ackermann_msgs/cmake/ackermann_msgs__rosidl_typesupport_introspection_cExport.cmake
[3.349s] -- Up-to-date: /home/ros2/assignment/install/ackermann_msgs/share/ackermann_msgs/cmake/ackermann_msgs__rosidl_typesupport_introspection_cExport-noconfig.cmake
[3.349s] -- Up-to-date: /home/ros2/assignment/install/ackermann_msgs/share/ackermann_msgs/cmake/ackermann_msgs__rosidl_typesupport_cExport.cmake
[3.349s] -- Up-to-date: /home/ros2/assignment/install/ackermann_msgs/share/ackermann_msgs/cmake/ackermann_msgs__rosidl_typesupport_cExport-noconfig.cmake
[3.349s] -- Up-to-date: /home/ros2/assignment/install/ackermann_msgs/share/ackermann_msgs/cmake/export_ackermann_msgs__rosidl_generator_cppExport.cmake
[3.350s] -- Up-to-date: /home/ros2/assignment/install/ackermann_msgs/share/ackermann_msgs/cmake/export_ackermann_msgs__rosidl_typesupport_fastrtps_cppExport.cmake
[3.350s] -- Up-to-date: /home/ros2/assignment/install/ackermann_msgs/share/ackermann_msgs/cmake/export_ackermann_msgs__rosidl_typesupport_fastrtps_cppExport-noconfig.cmake
[3.350s] -- Up-to-date: /home/ros2/assignment/install/ackermann_msgs/share/ackermann_msgs/cmake/ackermann_msgs__rosidl_typesupport_introspection_cppExport.cmake
[3.350s] -- Up-to-date: /home/ros2/assignment/install/ackermann_msgs/share/ackermann_msgs/cmake/ackermann_msgs__rosidl_typesupport_introspection_cppExport-noconfig.cmake
[3.350s] -- Up-to-date: /home/ros2/assignment/install/ackermann_msgs/share/ackermann_msgs/cmake/ackermann_msgs__rosidl_typesupport_cppExport.cmake
[3.350s] -- Up-to-date: /home/ros2/assignment/install/ackermann_msgs/share/ackermann_msgs/cmake/ackermann_msgs__rosidl_typesupport_cppExport-noconfig.cmake
[3.350s] -- Up-to-date: /home/ros2/assignment/install/ackermann_msgs/share/ackermann_msgs/cmake/export_ackermann_msgs__rosidl_generator_pyExport.cmake
[3.350s] -- Up-to-date: /home/ros2/assignment/install/ackermann_msgs/share/ackermann_msgs/cmake/export_ackermann_msgs__rosidl_generator_pyExport-noconfig.cmake
[3.351s] -- Up-to-date: /home/ros2/assignment/install/ackermann_msgs/share/ackermann_msgs/cmake/rosidl_cmake-extras.cmake
[3.351s] -- Up-to-date: /home/ros2/assignment/install/ackermann_msgs/share/ackermann_msgs/cmake/ament_cmake_export_dependencies-extras.cmake
[3.351s] -- Up-to-date: /home/ros2/assignment/install/ackermann_msgs/share/ackermann_msgs/cmake/ament_cmake_export_include_directories-extras.cmake
[3.351s] -- Up-to-date: /home/ros2/assignment/install/ackermann_msgs/share/ackermann_msgs/cmake/ament_cmake_export_libraries-extras.cmake
[3.351s] -- Up-to-date: /home/ros2/assignment/install/ackermann_msgs/share/ackermann_msgs/cmake/ament_cmake_export_targets-extras.cmake
[3.351s] -- Up-to-date: /home/ros2/assignment/install/ackermann_msgs/share/ackermann_msgs/cmake/rosidl_cmake_export_typesupport_targets-extras.cmake
[3.351s] -- Up-to-date: /home/ros2/assignment/install/ackermann_msgs/share/ackermann_msgs/cmake/rosidl_cmake_export_typesupport_libraries-extras.cmake
[3.351s] -- Up-to-date: /home/ros2/assignment/install/ackermann_msgs/share/ackermann_msgs/cmake/ackermann_msgsConfig.cmake
[3.351s] -- Up-to-date: /home/ros2/assignment/install/ackermann_msgs/share/ackermann_msgs/cmake/ackermann_msgsConfig-version.cmake
[3.352s] -- Up-to-date: /home/ros2/assignment/install/ackermann_msgs/share/ackermann_msgs/package.xml
[3.359s] Invoked command in '/home/ros2/assignment/build/ackermann_msgs' returned '0': CMAKE_PREFIX_PATH=${CMAKE_PREFIX_PATH}:/opt/ros/humble /usr/bin/cmake --install /home/ros2/assignment/build/ackermann_msgs
