[0.032s] Invoking command in '/home/ros2/assignment/build/ackermann_msgs': CMAKE_PREFIX_PATH=${CMAKE_PREFIX_PATH}:/opt/ros/humble /usr/bin/cmake --build /home/ros2/assignment/build/ackermann_msgs -- -j8 -l8
[0.158s] [  2%] Built target ackermann_msgs__cpp
[0.221s] [  2%] Built target ament_cmake_python_copy_ackermann_msgs
[0.269s] [ 12%] Built target ackermann_msgs__rosidl_typesupport_introspection_cpp
[0.739s] running egg_info
[0.741s] writing ackermann_msgs.egg-info/PKG-INFO
[0.741s] writing dependency_links to ackermann_msgs.egg-info/dependency_links.txt
[0.742s] writing top-level names to ackermann_msgs.egg-info/top_level.txt
[0.747s] reading manifest file 'ackermann_msgs.egg-info/SOURCES.txt'
[0.749s] writing manifest file 'ackermann_msgs.egg-info/SOURCES.txt'
[0.828s] [ 12%] Built target ament_cmake_python_build_ackermann_msgs_egg
[0.870s] [ 23%] Built target ackermann_msgs__rosidl_typesupport_fastrtps_cpp
[0.909s] [ 33%] Built target ackermann_msgs__rosidl_typesupport_cpp
[0.945s] [ 43%] Built target ackermann_msgs__rosidl_generator_c
[0.984s] [ 53%] Built target ackermann_msgs__rosidl_typesupport_fastrtps_c
[1.019s] [ 64%] Built target ackermann_msgs__rosidl_typesupport_c
[1.056s] [ 74%] Built target ackermann_msgs__rosidl_typesupport_introspection_c
[1.088s] [ 74%] Built target ackermann_msgs
[1.125s] [ 76%] Built target ackermann_msgs__py
[1.162s] [ 84%] Built target ackermann_msgs__rosidl_generator_py
[1.198s] [ 89%] Built target ackermann_msgs__rosidl_typesupport_fastrtps_c__pyext
[1.237s] [ 94%] Built target ackermann_msgs__rosidl_typesupport_c__pyext
[1.275s] [100%] Built target ackermann_msgs__rosidl_typesupport_introspection_c__pyext
[1.316s] Invoked command in '/home/ros2/assignment/build/ackermann_msgs' returned '0': CMAKE_PREFIX_PATH=${CMAKE_PREFIX_PATH}:/opt/ros/humble /usr/bin/cmake --build /home/ros2/assignment/build/ackermann_msgs -- -j8 -l8
[1.317s] Invoking command in '/home/ros2/assignment/build/ackermann_msgs': CMAKE_PREFIX_PATH=${CMAKE_PREFIX_PATH}:/opt/ros/humble /usr/bin/cmake --install /home/ros2/assignment/build/ackermann_msgs
[1.332s] -- Install configuration: ""
[1.332s] -- Up-to-date: /home/ros2/assignment/install/ackermann_msgs/share/ament_index/resource_index/rosidl_interfaces/ackermann_msgs
[1.332s] -- Up-to-date: /home/ros2/assignment/install/ackermann_msgs/include/ackermann_msgs/ackermann_msgs
[1.333s] -- Up-to-date: /home/ros2/assignment/install/ackermann_msgs/include/ackermann_msgs/ackermann_msgs/msg
[1.333s] -- Up-to-date: /home/ros2/assignment/install/ackermann_msgs/include/ackermann_msgs/ackermann_msgs/msg/rosidl_generator_c__visibility_control.h
[1.333s] -- Up-to-date: /home/ros2/assignment/install/ackermann_msgs/include/ackermann_msgs/ackermann_msgs/msg/ackermann_drive.h
[1.334s] -- Up-to-date: /home/ros2/assignment/install/ackermann_msgs/include/ackermann_msgs/ackermann_msgs/msg/ackermann_drive_stamped.h
[1.334s] -- Up-to-date: /home/ros2/assignment/install/ackermann_msgs/include/ackermann_msgs/ackermann_msgs/msg/detail
[1.334s] -- Up-to-date: /home/ros2/assignment/install/ackermann_msgs/include/ackermann_msgs/ackermann_msgs/msg/detail/ackermann_drive_stamped__functions.h
[1.335s] -- Up-to-date: /home/ros2/assignment/install/ackermann_msgs/include/ackermann_msgs/ackermann_msgs/msg/detail/ackermann_drive_stamped__functions.c
[1.335s] -- Up-to-date: /home/ros2/assignment/install/ackermann_msgs/include/ackermann_msgs/ackermann_msgs/msg/detail/ackermann_drive__struct.h
[1.335s] -- Up-to-date: /home/ros2/assignment/install/ackermann_msgs/include/ackermann_msgs/ackermann_msgs/msg/detail/ackermann_drive__functions.c
[1.335s] -- Up-to-date: /home/ros2/assignment/install/ackermann_msgs/include/ackermann_msgs/ackermann_msgs/msg/detail/ackermann_drive_stamped__type_support.h
[1.335s] -- Up-to-date: /home/ros2/assignment/install/ackermann_msgs/include/ackermann_msgs/ackermann_msgs/msg/detail/ackermann_drive__functions.h
[1.336s] -- Up-to-date: /home/ros2/assignment/install/ackermann_msgs/include/ackermann_msgs/ackermann_msgs/msg/detail/ackermann_drive__type_support.h
[1.336s] -- Up-to-date: /home/ros2/assignment/install/ackermann_msgs/include/ackermann_msgs/ackermann_msgs/msg/detail/ackermann_drive_stamped__struct.h
[1.340s] -- Up-to-date: /home/ros2/assignment/install/ackermann_msgs/share/ackermann_msgs/environment/library_path.sh
[1.341s] -- Up-to-date: /home/ros2/assignment/install/ackermann_msgs/share/ackermann_msgs/environment/library_path.dsv
[1.343s] -- Up-to-date: /home/ros2/assignment/install/ackermann_msgs/lib/libackermann_msgs__rosidl_generator_c.so
[1.343s] -- Up-to-date: /home/ros2/assignment/install/ackermann_msgs/include/ackermann_msgs/ackermann_msgs
[1.343s] -- Up-to-date: /home/ros2/assignment/install/ackermann_msgs/include/ackermann_msgs/ackermann_msgs/msg
[1.343s] -- Up-to-date: /home/ros2/assignment/install/ackermann_msgs/include/ackermann_msgs/ackermann_msgs/msg/rosidl_typesupport_fastrtps_c__visibility_control.h
[1.343s] -- Up-to-date: /home/ros2/assignment/install/ackermann_msgs/include/ackermann_msgs/ackermann_msgs/msg/detail
[1.343s] -- Up-to-date: /home/ros2/assignment/install/ackermann_msgs/include/ackermann_msgs/ackermann_msgs/msg/detail/ackermann_drive__rosidl_typesupport_fastrtps_c.h
[1.344s] -- Up-to-date: /home/ros2/assignment/install/ackermann_msgs/include/ackermann_msgs/ackermann_msgs/msg/detail/ackermann_drive_stamped__rosidl_typesupport_fastrtps_c.h
[1.344s] -- Up-to-date: /home/ros2/assignment/install/ackermann_msgs/lib/libackermann_msgs__rosidl_typesupport_fastrtps_c.so
[1.345s] -- Up-to-date: /home/ros2/assignment/install/ackermann_msgs/include/ackermann_msgs/ackermann_msgs
[1.346s] -- Up-to-date: /home/ros2/assignment/install/ackermann_msgs/include/ackermann_msgs/ackermann_msgs/msg
[1.346s] -- Up-to-date: /home/ros2/assignment/install/ackermann_msgs/include/ackermann_msgs/ackermann_msgs/msg/detail
[1.347s] -- Up-to-date: /home/ros2/assignment/install/ackermann_msgs/include/ackermann_msgs/ackermann_msgs/msg/detail/ackermann_drive_stamped__rosidl_typesupport_introspection_c.h
[1.347s] -- Up-to-date: /home/ros2/assignment/install/ackermann_msgs/include/ackermann_msgs/ackermann_msgs/msg/detail/ackermann_drive__rosidl_typesupport_introspection_c.h
[1.347s] -- Up-to-date: /home/ros2/assignment/install/ackermann_msgs/include/ackermann_msgs/ackermann_msgs/msg/detail/ackermann_drive__type_support.c
[1.347s] -- Up-to-date: /home/ros2/assignment/install/ackermann_msgs/include/ackermann_msgs/ackermann_msgs/msg/detail/ackermann_drive_stamped__type_support.c
[1.347s] -- Up-to-date: /home/ros2/assignment/install/ackermann_msgs/include/ackermann_msgs/ackermann_msgs/msg/rosidl_typesupport_introspection_c__visibility_control.h
[1.347s] -- Up-to-date: /home/ros2/assignment/install/ackermann_msgs/lib/libackermann_msgs__rosidl_typesupport_introspection_c.so
[1.348s] -- Up-to-date: /home/ros2/assignment/install/ackermann_msgs/lib/libackermann_msgs__rosidl_typesupport_c.so
[1.348s] -- Up-to-date: /home/ros2/assignment/install/ackermann_msgs/include/ackermann_msgs/ackermann_msgs
[1.348s] -- Up-to-date: /home/ros2/assignment/install/ackermann_msgs/include/ackermann_msgs/ackermann_msgs/msg
[1.348s] -- Up-to-date: /home/ros2/assignment/install/ackermann_msgs/include/ackermann_msgs/ackermann_msgs/msg/ackermann_drive_stamped.hpp
[1.348s] -- Up-to-date: /home/ros2/assignment/install/ackermann_msgs/include/ackermann_msgs/ackermann_msgs/msg/rosidl_generator_cpp__visibility_control.hpp
[1.348s] -- Up-to-date: /home/ros2/assignment/install/ackermann_msgs/include/ackermann_msgs/ackermann_msgs/msg/ackermann_drive.hpp
[1.348s] -- Up-to-date: /home/ros2/assignment/install/ackermann_msgs/include/ackermann_msgs/ackermann_msgs/msg/detail
[1.349s] -- Up-to-date: /home/ros2/assignment/install/ackermann_msgs/include/ackermann_msgs/ackermann_msgs/msg/detail/ackermann_drive__builder.hpp
[1.349s] -- Up-to-date: /home/ros2/assignment/install/ackermann_msgs/include/ackermann_msgs/ackermann_msgs/msg/detail/ackermann_drive__type_support.hpp
[1.349s] -- Up-to-date: /home/ros2/assignment/install/ackermann_msgs/include/ackermann_msgs/ackermann_msgs/msg/detail/ackermann_drive__struct.hpp
[1.349s] -- Up-to-date: /home/ros2/assignment/install/ackermann_msgs/include/ackermann_msgs/ackermann_msgs/msg/detail/ackermann_drive_stamped__struct.hpp
[1.349s] -- Up-to-date: /home/ros2/assignment/install/ackermann_msgs/include/ackermann_msgs/ackermann_msgs/msg/detail/ackermann_drive__traits.hpp
[1.349s] -- Up-to-date: /home/ros2/assignment/install/ackermann_msgs/include/ackermann_msgs/ackermann_msgs/msg/detail/ackermann_drive_stamped__type_support.hpp
[1.349s] -- Up-to-date: /home/ros2/assignment/install/ackermann_msgs/include/ackermann_msgs/ackermann_msgs/msg/detail/ackermann_drive_stamped__builder.hpp
[1.350s] -- Up-to-date: /home/ros2/assignment/install/ackermann_msgs/include/ackermann_msgs/ackermann_msgs/msg/detail/ackermann_drive_stamped__traits.hpp
[1.350s] -- Up-to-date: /home/ros2/assignment/install/ackermann_msgs/include/ackermann_msgs/ackermann_msgs
[1.350s] -- Up-to-date: /home/ros2/assignment/install/ackermann_msgs/include/ackermann_msgs/ackermann_msgs/msg
[1.350s] -- Up-to-date: /home/ros2/assignment/install/ackermann_msgs/include/ackermann_msgs/ackermann_msgs/msg/rosidl_typesupport_fastrtps_cpp__visibility_control.h
[1.350s] -- Up-to-date: /home/ros2/assignment/install/ackermann_msgs/include/ackermann_msgs/ackermann_msgs/msg/detail
[1.350s] -- Up-to-date: /home/ros2/assignment/install/ackermann_msgs/include/ackermann_msgs/ackermann_msgs/msg/detail/ackermann_drive__rosidl_typesupport_fastrtps_cpp.hpp
[1.351s] -- Up-to-date: /home/ros2/assignment/install/ackermann_msgs/include/ackermann_msgs/ackermann_msgs/msg/detail/ackermann_drive_stamped__rosidl_typesupport_fastrtps_cpp.hpp
[1.351s] -- Up-to-date: /home/ros2/assignment/install/ackermann_msgs/include/ackermann_msgs/ackermann_msgs/msg/detail/dds_fastrtps
[1.351s] -- Up-to-date: /home/ros2/assignment/install/ackermann_msgs/lib/libackermann_msgs__rosidl_typesupport_fastrtps_cpp.so
[1.351s] -- Up-to-date: /home/ros2/assignment/install/ackermann_msgs/include/ackermann_msgs/ackermann_msgs
[1.351s] -- Up-to-date: /home/ros2/assignment/install/ackermann_msgs/include/ackermann_msgs/ackermann_msgs/msg
[1.351s] -- Up-to-date: /home/ros2/assignment/install/ackermann_msgs/include/ackermann_msgs/ackermann_msgs/msg/detail
[1.352s] -- Up-to-date: /home/ros2/assignment/install/ackermann_msgs/include/ackermann_msgs/ackermann_msgs/msg/detail/ackermann_drive_stamped__rosidl_typesupport_introspection_cpp.hpp
[1.352s] -- Up-to-date: /home/ros2/assignment/install/ackermann_msgs/include/ackermann_msgs/ackermann_msgs/msg/detail/ackermann_drive_stamped__type_support.cpp
[1.352s] -- Up-to-date: /home/ros2/assignment/install/ackermann_msgs/include/ackermann_msgs/ackermann_msgs/msg/detail/ackermann_drive__type_support.cpp
[1.352s] -- Up-to-date: /home/ros2/assignment/install/ackermann_msgs/include/ackermann_msgs/ackermann_msgs/msg/detail/ackermann_drive__rosidl_typesupport_introspection_cpp.hpp
[1.352s] -- Up-to-date: /home/ros2/assignment/install/ackermann_msgs/lib/libackermann_msgs__rosidl_typesupport_introspection_cpp.so
[1.352s] -- Up-to-date: /home/ros2/assignment/install/ackermann_msgs/lib/libackermann_msgs__rosidl_typesupport_cpp.so
[1.352s] -- Up-to-date: /home/ros2/assignment/install/ackermann_msgs/share/ackermann_msgs/environment/pythonpath.sh
[1.352s] -- Up-to-date: /home/ros2/assignment/install/ackermann_msgs/share/ackermann_msgs/environment/pythonpath.dsv
[1.352s] -- Up-to-date: /home/ros2/assignment/install/ackermann_msgs/local/lib/python3.10/dist-packages/ackermann_msgs-2.0.2-py3.10.egg-info
[1.352s] -- Installing: /home/ros2/assignment/install/ackermann_msgs/local/lib/python3.10/dist-packages/ackermann_msgs-2.0.2-py3.10.egg-info/SOURCES.txt
[1.353s] -- Installing: /home/ros2/assignment/install/ackermann_msgs/local/lib/python3.10/dist-packages/ackermann_msgs-2.0.2-py3.10.egg-info/PKG-INFO
[1.353s] -- Installing: /home/ros2/assignment/install/ackermann_msgs/local/lib/python3.10/dist-packages/ackermann_msgs-2.0.2-py3.10.egg-info/top_level.txt
[1.353s] -- Installing: /home/ros2/assignment/install/ackermann_msgs/local/lib/python3.10/dist-packages/ackermann_msgs-2.0.2-py3.10.egg-info/dependency_links.txt
[1.353s] -- Up-to-date: /home/ros2/assignment/install/ackermann_msgs/local/lib/python3.10/dist-packages/ackermann_msgs
[1.353s] -- Up-to-date: /home/ros2/assignment/install/ackermann_msgs/local/lib/python3.10/dist-packages/ackermann_msgs/__init__.py
[1.353s] -- Up-to-date: /home/ros2/assignment/install/ackermann_msgs/local/lib/python3.10/dist-packages/ackermann_msgs/_ackermann_msgs_s.ep.rosidl_typesupport_c.c
[1.353s] -- Up-to-date: /home/ros2/assignment/install/ackermann_msgs/local/lib/python3.10/dist-packages/ackermann_msgs/ackermann_msgs_s__rosidl_typesupport_fastrtps_c.cpython-310-x86_64-linux-gnu.so
[1.353s] -- Up-to-date: /home/ros2/assignment/install/ackermann_msgs/local/lib/python3.10/dist-packages/ackermann_msgs/libackermann_msgs__rosidl_generator_py.so
[1.353s] -- Up-to-date: /home/ros2/assignment/install/ackermann_msgs/local/lib/python3.10/dist-packages/ackermann_msgs/ackermann_msgs_s__rosidl_typesupport_c.cpython-310-x86_64-linux-gnu.so
[1.353s] -- Up-to-date: /home/ros2/assignment/install/ackermann_msgs/local/lib/python3.10/dist-packages/ackermann_msgs/ackermann_msgs_s__rosidl_typesupport_introspection_c.cpython-310-x86_64-linux-gnu.so
[1.354s] -- Up-to-date: /home/ros2/assignment/install/ackermann_msgs/local/lib/python3.10/dist-packages/ackermann_msgs/_ackermann_msgs_s.ep.rosidl_typesupport_introspection_c.c
[1.354s] -- Up-to-date: /home/ros2/assignment/install/ackermann_msgs/local/lib/python3.10/dist-packages/ackermann_msgs/_ackermann_msgs_s.ep.rosidl_typesupport_fastrtps_c.c
[1.354s] -- Up-to-date: /home/ros2/assignment/install/ackermann_msgs/local/lib/python3.10/dist-packages/ackermann_msgs/msg
[1.354s] -- Up-to-date: /home/ros2/assignment/install/ackermann_msgs/local/lib/python3.10/dist-packages/ackermann_msgs/msg/__init__.py
[1.354s] -- Up-to-date: /home/ros2/assignment/install/ackermann_msgs/local/lib/python3.10/dist-packages/ackermann_msgs/msg/_ackermann_drive_stamped.py
[1.354s] -- Up-to-date: /home/ros2/assignment/install/ackermann_msgs/local/lib/python3.10/dist-packages/ackermann_msgs/msg/_ackermann_drive.py
[1.354s] -- Up-to-date: /home/ros2/assignment/install/ackermann_msgs/local/lib/python3.10/dist-packages/ackermann_msgs/msg/_ackermann_drive_s.c
[1.354s] -- Up-to-date: /home/ros2/assignment/install/ackermann_msgs/local/lib/python3.10/dist-packages/ackermann_msgs/msg/_ackermann_drive_stamped_s.c
[1.395s] Listing '/home/ros2/assignment/install/ackermann_msgs/local/lib/python3.10/dist-packages/ackermann_msgs'...
[1.395s] Listing '/home/ros2/assignment/install/ackermann_msgs/local/lib/python3.10/dist-packages/ackermann_msgs/msg'...
[1.402s] -- Up-to-date: /home/ros2/assignment/install/ackermann_msgs/local/lib/python3.10/dist-packages/ackermann_msgs/ackermann_msgs_s__rosidl_typesupport_fastrtps_c.cpython-310-x86_64-linux-gnu.so
[1.406s] -- Up-to-date: /home/ros2/assignment/install/ackermann_msgs/local/lib/python3.10/dist-packages/ackermann_msgs/ackermann_msgs_s__rosidl_typesupport_introspection_c.cpython-310-x86_64-linux-gnu.so
[1.406s] -- Up-to-date: /home/ros2/assignment/install/ackermann_msgs/local/lib/python3.10/dist-packages/ackermann_msgs/ackermann_msgs_s__rosidl_typesupport_c.cpython-310-x86_64-linux-gnu.so
[1.406s] -- Up-to-date: /home/ros2/assignment/install/ackermann_msgs/lib/libackermann_msgs__rosidl_generator_py.so
[1.406s] -- Up-to-date: /home/ros2/assignment/install/ackermann_msgs/share/ackermann_msgs/msg/AckermannDrive.idl
[1.407s] -- Up-to-date: /home/ros2/assignment/install/ackermann_msgs/share/ackermann_msgs/msg/AckermannDriveStamped.idl
[1.407s] -- Up-to-date: /home/ros2/assignment/install/ackermann_msgs/share/ackermann_msgs/msg/AckermannDrive.msg
[1.407s] -- Up-to-date: /home/ros2/assignment/install/ackermann_msgs/share/ackermann_msgs/msg/AckermannDriveStamped.msg
[1.407s] -- Up-to-date: /home/ros2/assignment/install/ackermann_msgs/share/ament_index/resource_index/package_run_dependencies/ackermann_msgs
[1.407s] -- Up-to-date: /home/ros2/assignment/install/ackermann_msgs/share/ament_index/resource_index/parent_prefix_path/ackermann_msgs
[1.407s] -- Up-to-date: /home/ros2/assignment/install/ackermann_msgs/share/ackermann_msgs/environment/ament_prefix_path.sh
[1.408s] -- Up-to-date: /home/ros2/assignment/install/ackermann_msgs/share/ackermann_msgs/environment/ament_prefix_path.dsv
[1.409s] -- Up-to-date: /home/ros2/assignment/install/ackermann_msgs/share/ackermann_msgs/environment/path.sh
[1.414s] -- Up-to-date: /home/ros2/assignment/install/ackermann_msgs/share/ackermann_msgs/environment/path.dsv
[1.414s] -- Up-to-date: /home/ros2/assignment/install/ackermann_msgs/share/ackermann_msgs/local_setup.bash
[1.416s] -- Up-to-date: /home/ros2/assignment/install/ackermann_msgs/share/ackermann_msgs/local_setup.sh
[1.416s] -- Up-to-date: /home/ros2/assignment/install/ackermann_msgs/share/ackermann_msgs/local_setup.zsh
[1.416s] -- Up-to-date: /home/ros2/assignment/install/ackermann_msgs/share/ackermann_msgs/local_setup.dsv
[1.417s] -- Installing: /home/ros2/assignment/install/ackermann_msgs/share/ackermann_msgs/package.dsv
[1.417s] -- Up-to-date: /home/ros2/assignment/install/ackermann_msgs/share/ament_index/resource_index/packages/ackermann_msgs
[1.417s] -- Up-to-date: /home/ros2/assignment/install/ackermann_msgs/share/ackermann_msgs/cmake/export_ackermann_msgs__rosidl_generator_cExport.cmake
[1.417s] -- Up-to-date: /home/ros2/assignment/install/ackermann_msgs/share/ackermann_msgs/cmake/export_ackermann_msgs__rosidl_generator_cExport-noconfig.cmake
[1.417s] -- Up-to-date: /home/ros2/assignment/install/ackermann_msgs/share/ackermann_msgs/cmake/export_ackermann_msgs__rosidl_typesupport_fastrtps_cExport.cmake
[1.418s] -- Up-to-date: /home/ros2/assignment/install/ackermann_msgs/share/ackermann_msgs/cmake/export_ackermann_msgs__rosidl_typesupport_fastrtps_cExport-noconfig.cmake
[1.418s] -- Up-to-date: /home/ros2/assignment/install/ackermann_msgs/share/ackermann_msgs/cmake/ackermann_msgs__rosidl_typesupport_introspection_cExport.cmake
[1.418s] -- Up-to-date: /home/ros2/assignment/install/ackermann_msgs/share/ackermann_msgs/cmake/ackermann_msgs__rosidl_typesupport_introspection_cExport-noconfig.cmake
[1.420s] -- Up-to-date: /home/ros2/assignment/install/ackermann_msgs/share/ackermann_msgs/cmake/ackermann_msgs__rosidl_typesupport_cExport.cmake
[1.420s] -- Up-to-date: /home/ros2/assignment/install/ackermann_msgs/share/ackermann_msgs/cmake/ackermann_msgs__rosidl_typesupport_cExport-noconfig.cmake
[1.420s] -- Up-to-date: /home/ros2/assignment/install/ackermann_msgs/share/ackermann_msgs/cmake/export_ackermann_msgs__rosidl_generator_cppExport.cmake
[1.421s] -- Up-to-date: /home/ros2/assignment/install/ackermann_msgs/share/ackermann_msgs/cmake/export_ackermann_msgs__rosidl_typesupport_fastrtps_cppExport.cmake
[1.421s] -- Up-to-date: /home/ros2/assignment/install/ackermann_msgs/share/ackermann_msgs/cmake/export_ackermann_msgs__rosidl_typesupport_fastrtps_cppExport-noconfig.cmake
[1.421s] -- Up-to-date: /home/ros2/assignment/install/ackermann_msgs/share/ackermann_msgs/cmake/ackermann_msgs__rosidl_typesupport_introspection_cppExport.cmake
[1.422s] -- Up-to-date: /home/ros2/assignment/install/ackermann_msgs/share/ackermann_msgs/cmake/ackermann_msgs__rosidl_typesupport_introspection_cppExport-noconfig.cmake
[1.422s] -- Up-to-date: /home/ros2/assignment/install/ackermann_msgs/share/ackermann_msgs/cmake/ackermann_msgs__rosidl_typesupport_cppExport.cmake
[1.422s] -- Up-to-date: /home/ros2/assignment/install/ackermann_msgs/share/ackermann_msgs/cmake/ackermann_msgs__rosidl_typesupport_cppExport-noconfig.cmake
[1.423s] -- Up-to-date: /home/ros2/assignment/install/ackermann_msgs/share/ackermann_msgs/cmake/export_ackermann_msgs__rosidl_generator_pyExport.cmake
[1.423s] -- Up-to-date: /home/ros2/assignment/install/ackermann_msgs/share/ackermann_msgs/cmake/export_ackermann_msgs__rosidl_generator_pyExport-noconfig.cmake
[1.423s] -- Up-to-date: /home/ros2/assignment/install/ackermann_msgs/share/ackermann_msgs/cmake/rosidl_cmake-extras.cmake
[1.423s] -- Up-to-date: /home/ros2/assignment/install/ackermann_msgs/share/ackermann_msgs/cmake/ament_cmake_export_dependencies-extras.cmake
[1.424s] -- Up-to-date: /home/ros2/assignment/install/ackermann_msgs/share/ackermann_msgs/cmake/ament_cmake_export_include_directories-extras.cmake
[1.424s] -- Up-to-date: /home/ros2/assignment/install/ackermann_msgs/share/ackermann_msgs/cmake/ament_cmake_export_libraries-extras.cmake
[1.424s] -- Up-to-date: /home/ros2/assignment/install/ackermann_msgs/share/ackermann_msgs/cmake/ament_cmake_export_targets-extras.cmake
[1.424s] -- Up-to-date: /home/ros2/assignment/install/ackermann_msgs/share/ackermann_msgs/cmake/rosidl_cmake_export_typesupport_targets-extras.cmake
[1.425s] -- Up-to-date: /home/ros2/assignment/install/ackermann_msgs/share/ackermann_msgs/cmake/rosidl_cmake_export_typesupport_libraries-extras.cmake
[1.425s] -- Up-to-date: /home/ros2/assignment/install/ackermann_msgs/share/ackermann_msgs/cmake/ackermann_msgsConfig.cmake
[1.425s] -- Up-to-date: /home/ros2/assignment/install/ackermann_msgs/share/ackermann_msgs/cmake/ackermann_msgsConfig-version.cmake
[1.425s] -- Up-to-date: /home/ros2/assignment/install/ackermann_msgs/share/ackermann_msgs/package.xml
[1.465s] Invoked command in '/home/ros2/assignment/build/ackermann_msgs' returned '0': CMAKE_PREFIX_PATH=${CMAKE_PREFIX_PATH}:/opt/ros/humble /usr/bin/cmake --install /home/ros2/assignment/build/ackermann_msgs
