[0.024s] Invoking command in '/home/ros2/assignment/build/car_gazebo_plugin': CMAKE_PREFIX_PATH=/home/ros2/assignment/install/smartcar_msgs:/home/ros2/assignment/install/ackermann_msgs:/home/ros2/assignment/install/smart_car:/home/ros2/assignment/install/car_gazebo_plugin:/opt/ros/humble LD_LIBRARY_PATH=/home/ros2/assignment/install/smartcar_msgs/lib:/home/ros2/assignment/install/ackermann_msgs/lib:/home/ros2/assignment/install/car_gazebo_plugin/lib:/home/ros2/ass/install/car_gazebo_plugin/lib:/home/ros2/ass/install/smartcar_msgs/lib:/home/ros2/ass/install/ackermann_msgs/lib:/usr/lib/x86_64-linux-gnu/gazebo-11/plugins:/opt/ros/humble/opt/rviz_ogre_vendor/lib:/opt/ros/humble/lib/x86_64-linux-gnu:/opt/ros/humble/lib:/usr/lib/x86_64-linux-gnu/gazebo-11/plugins:/usr/lib/x86_64-linux-gnu/gazebo-11/plugins:/usr/lib/x86_64-linux-gnu/gazebo-11/plugins /usr/bin/cmake /home/ros2/assignment/src/car_gazebo_plugin -DCMAKE_INSTALL_PREFIX=/home/ros2/assignment/install/car_gazebo_plugin
[0.133s] -- The C compiler identification is GNU 11.4.0
[0.238s] -- The CXX compiler identification is GNU 11.4.0
[0.254s] -- Detecting C compiler ABI info
[0.361s] -- Detecting C compiler ABI info - done
[0.376s] -- Check for working C compiler: /usr/lib/ccache/gcc - skipped
[0.377s] -- Detecting C compile features
[0.378s] -- Detecting C compile features - done
[0.383s] -- Detecting CXX compiler ABI info
[0.507s] -- Detecting CXX compiler ABI info - done
[0.523s] -- Check for working CXX compiler: /usr/lib/ccache/g++ - skipped
[0.523s] -- Detecting CXX compile features
[0.524s] -- Detecting CXX compile features - done
[0.528s] -- Found ament_cmake: 1.3.12 (/opt/ros/humble/share/ament_cmake/cmake)
[0.773s] -- Found Python3: /usr/bin/python3 (found version "3.10.12") found components: Interpreter 
[0.961s] [33mCMake Warning (dev) at /usr/share/cmake-3.22/Modules/FindPackageHandleStandardArgs.cmake:438 (message):
[0.961s]   The package name passed to `find_package_handle_standard_args` (PkgConfig)
[0.961s]   does not match the name of the calling package (gazebo).  This can lead to
[0.961s]   problems in calling code that expects `find_package` result variables
[0.961s]   (e.g., `_FOUND`) to follow a certain pattern.
[0.961s] Call Stack (most recent call first):
[0.961s]   /usr/share/cmake-3.22/Modules/FindPkgConfig.cmake:99 (find_package_handle_standard_args)
[0.961s]   /usr/lib/x86_64-linux-gnu/cmake/gazebo/gazebo-config.cmake:72 (include)
[0.961s]   CMakeLists.txt:16 (find_package)
[0.962s] This warning is for project developers.  Use -Wno-dev to suppress it.
[0.962s] [0m
[0.962s] -- Found PkgConfig: /usr/bin/pkg-config (found version "0.29.2") 
[0.968s] -- Checking for module 'bullet>=2.82'
[0.993s] --   Found bullet, version 3.05
[1.269s] -- Found fcl: /usr/include (found suitable version "0.7.0", minimum required is "0.5.0") 
[1.374s] -- Found assimp: /usr/include (found version "5.2.0") 
[1.408s] -- Found DART: /usr/include (Required is at least version "6.6") found components: dart 
[1.705s] -- Found Boost: /usr/lib/x86_64-linux-gnu/cmake/Boost-1.74.0/BoostConfig.cmake (found suitable version "1.74.0", minimum required is "1.40.0") found components: thread system filesystem program_options regex iostreams date_time 
[1.742s] -- Found Protobuf: /usr/lib/x86_64-linux-gnu/libprotobuf.so (found version "3.12.4") 
[1.750s] -- Looking for ignition-math6 -- found version 6.15.1
[1.761s] -- Searching for dependencies of ignition-math6
[1.763s] -- Looking for OGRE...
[1.764s] -- OGRE_PREFIX_WATCH changed.
[1.773s] -- Checking for module 'OGRE'
[1.796s] --   Found OGRE, version 1.9.0
[1.862s] -- Found Ogre Ghadamon (1.9.0)
[1.881s] -- Found OGRE: optimized;/usr/lib/x86_64-linux-gnu/libOgreMain.so;debug;/usr/lib/x86_64-linux-gnu/libOgreMain.so
[1.898s] -- Looking for OGRE_Paging...
[1.911s] -- Found OGRE_Paging: optimized;/usr/lib/x86_64-linux-gnu/libOgrePaging.so;debug;/usr/lib/x86_64-linux-gnu/libOgrePaging.so
[1.912s] -- Looking for OGRE_Terrain...
[1.925s] -- Found OGRE_Terrain: optimized;/usr/lib/x86_64-linux-gnu/libOgreTerrain.so;debug;/usr/lib/x86_64-linux-gnu/libOgreTerrain.so
[1.925s] -- Looking for OGRE_Property...
[1.939s] -- Found OGRE_Property: optimized;/usr/lib/x86_64-linux-gnu/libOgreProperty.so;debug;/usr/lib/x86_64-linux-gnu/libOgreProperty.so
[1.939s] -- Looking for OGRE_RTShaderSystem...
[1.951s] -- Found OGRE_RTShaderSystem: optimized;/usr/lib/x86_64-linux-gnu/libOgreRTShaderSystem.so;debug;/usr/lib/x86_64-linux-gnu/libOgreRTShaderSystem.so
[1.951s] -- Looking for OGRE_Volume...
[1.963s] -- Found OGRE_Volume: optimized;/usr/lib/x86_64-linux-gnu/libOgreVolume.so;debug;/usr/lib/x86_64-linux-gnu/libOgreVolume.so
[1.963s] -- Looking for OGRE_Overlay...
[1.975s] -- Found OGRE_Overlay: optimized;/usr/lib/x86_64-linux-gnu/libOgreOverlay.so;debug;/usr/lib/x86_64-linux-gnu/libOgreOverlay.so
[2.255s] -- Looking for ignition-math6 -- found version 6.15.1
[2.258s] -- Looking for ignition-transport8 -- found version 8.2.1
[2.259s] -- Searching for dependencies of ignition-transport8
[2.288s] -- Found Protobuf: /usr/lib/x86_64-linux-gnu/libprotobuf.so (found suitable version "3.12.4", minimum required is "3") 
[2.304s] -- Config-file not installed for ZeroMQ -- checking for pkg-config
[2.316s] -- Checking for module 'libzmq >= 4'
[2.340s] --   Found libzmq , version 4.3.4
[2.403s] -- Found ZeroMQ: TRUE (Required is at least version "4") 
[2.415s] -- Checking for module 'uuid'
[2.437s] --   Found uuid, version 2.37.2
[2.497s] -- Found UUID: TRUE  
[2.501s] -- Looking for ignition-msgs5 -- found version 5.8.1
[2.503s] -- Searching for dependencies of ignition-msgs5
[2.536s] -- Looking for ignition-math6 -- found version 6.15.1
[2.546s] -- Checking for module 'tinyxml2'
[2.570s] --   Found tinyxml2, version 9.0.0
[2.632s] -- Looking for ignition-msgs5 -- found version 5.8.1
[2.637s] -- Looking for ignition-common3 -- found version 3.14.0
[2.637s] -- Searching for dependencies of ignition-common3
[2.638s] -- Looking for dlfcn.h - found
[2.640s] -- Looking for libdl - found
[2.642s] -- Found DL: TRUE  
[2.663s] -- Found tinyobjloader: /usr/lib/x86_64-linux-gnu/cmake/tinyobjloader/tinyobjloader-config.cmake (found version "2.0.0") 
[2.663s] -- Searching for <ignition-common3> component [graphics]
[2.667s] -- Looking for ignition-common3-graphics -- found version 3.14.0
[2.668s] -- Searching for dependencies of ignition-common3-graphics
[2.669s] -- Looking for ignition-math6 -- found version 6.15.1
[2.673s] -- Looking for ignition-fuel_tools4 -- found version 4.4.0
[2.674s] -- Searching for dependencies of ignition-fuel_tools4
[2.826s] -- Found CURL: /usr/lib/x86_64-linux-gnu/libcurl.so (found version "7.81.0")  
[2.844s] -- Checking for module 'jsoncpp'
[2.870s] --   Found jsoncpp, version 1.9.5
[2.942s] -- Found JSONCPP: TRUE  
[2.955s] -- Checking for module 'libzip'
[2.978s] --   Found libzip, version 1.7.3
[3.048s] -- Found ZIP: TRUE  
[3.049s] -- Looking for ignition-common3 -- found version 3.14.0
[3.050s] -- Looking for ignition-math6 -- found version 6.15.1
[3.051s] -- Looking for ignition-msgs5 -- found version 5.8.1
[3.061s] -- Found gazebo_ros: 3.9.0 (/opt/ros/humble/share/gazebo_ros/cmake)
[3.151s] -- Found rosidl_generator_c: 3.1.7 (/opt/ros/humble/share/rosidl_generator_c/cmake)
[3.163s] -- Found rosidl_adapter: 3.1.7 (/opt/ros/humble/share/rosidl_adapter/cmake)
[3.182s] -- Found rosidl_generator_cpp: 3.1.7 (/opt/ros/humble/share/rosidl_generator_cpp/cmake)
[3.207s] -- Using all available rosidl_typesupport_c: rosidl_typesupport_fastrtps_c;rosidl_typesupport_introspection_c
[3.260s] -- Using all available rosidl_typesupport_cpp: rosidl_typesupport_fastrtps_cpp;rosidl_typesupport_introspection_cpp
[3.371s] -- Found rmw_implementation_cmake: 6.1.2 (/opt/ros/humble/share/rmw_implementation_cmake/cmake)
[3.376s] -- Found rmw_cyclonedds_cpp: 1.3.4 (/opt/ros/humble/share/rmw_cyclonedds_cpp/cmake)
[3.429s] -- Using RMW implementation 'rmw_cyclonedds_cpp' as default
[3.452s] -- Found Threads: TRUE  
[3.604s] -- Gazebo version: 11.10
[3.604s] -- Checking for module 'tbb'
[3.631s] --   Found tbb, version 2021.5.0
[3.693s] -- Found sensor_msgs: 4.9.0 (/opt/ros/humble/share/sensor_msgs/cmake)
[3.766s] -- Found nav_msgs: 4.9.0 (/opt/ros/humble/share/nav_msgs/cmake)
[3.804s] -- Found ackermann_msgs: 2.0.2 (/home/ros2/assignment/install/ackermann_msgs/share/ackermann_msgs/cmake)
[3.834s] -- Found tf2: 0.25.16 (/opt/ros/humble/share/tf2/cmake)
[3.852s] -- Found tf2_ros: 0.25.16 (/opt/ros/humble/share/tf2_ros/cmake)
[4.042s] -- Found smartcar_msgs: 0.0.0 (/home/ros2/assignment/install/smartcar_msgs/share/smartcar_msgs/cmake)
[4.185s] -- Configuring done
[4.245s] -- Generating done
[4.257s] -- Build files have been written to: /home/ros2/assignment/build/car_gazebo_plugin
[4.286s] Invoked command in '/home/ros2/assignment/build/car_gazebo_plugin' returned '0': CMAKE_PREFIX_PATH=/home/ros2/assignment/install/smartcar_msgs:/home/ros2/assignment/install/ackermann_msgs:/home/ros2/assignment/install/smart_car:/home/ros2/assignment/install/car_gazebo_plugin:/opt/ros/humble LD_LIBRARY_PATH=/home/ros2/assignment/install/smartcar_msgs/lib:/home/ros2/assignment/install/ackermann_msgs/lib:/home/ros2/assignment/install/car_gazebo_plugin/lib:/home/ros2/ass/install/car_gazebo_plugin/lib:/home/ros2/ass/install/smartcar_msgs/lib:/home/ros2/ass/install/ackermann_msgs/lib:/usr/lib/x86_64-linux-gnu/gazebo-11/plugins:/opt/ros/humble/opt/rviz_ogre_vendor/lib:/opt/ros/humble/lib/x86_64-linux-gnu:/opt/ros/humble/lib:/usr/lib/x86_64-linux-gnu/gazebo-11/plugins:/usr/lib/x86_64-linux-gnu/gazebo-11/plugins:/usr/lib/x86_64-linux-gnu/gazebo-11/plugins /usr/bin/cmake /home/ros2/assignment/src/car_gazebo_plugin -DCMAKE_INSTALL_PREFIX=/home/ros2/assignment/install/car_gazebo_plugin
[4.289s] Invoking command in '/home/ros2/assignment/build/car_gazebo_plugin': CMAKE_PREFIX_PATH=/home/ros2/assignment/install/smartcar_msgs:/home/ros2/assignment/install/ackermann_msgs:/home/ros2/assignment/install/smart_car:/home/ros2/assignment/install/car_gazebo_plugin:/opt/ros/humble LD_LIBRARY_PATH=/home/ros2/assignment/install/smartcar_msgs/lib:/home/ros2/assignment/install/ackermann_msgs/lib:/home/ros2/assignment/install/car_gazebo_plugin/lib:/home/ros2/ass/install/car_gazebo_plugin/lib:/home/ros2/ass/install/smartcar_msgs/lib:/home/ros2/ass/install/ackermann_msgs/lib:/usr/lib/x86_64-linux-gnu/gazebo-11/plugins:/opt/ros/humble/opt/rviz_ogre_vendor/lib:/opt/ros/humble/lib/x86_64-linux-gnu:/opt/ros/humble/lib:/usr/lib/x86_64-linux-gnu/gazebo-11/plugins:/usr/lib/x86_64-linux-gnu/gazebo-11/plugins:/usr/lib/x86_64-linux-gnu/gazebo-11/plugins /usr/bin/cmake --build /home/ros2/assignment/build/car_gazebo_plugin -- -j8 -l8
[4.388s] [ 50%] [32mBuilding CXX object CMakeFiles/car_gazebo_plugin.dir/src/car_gazebo_plugin.cpp.o[0m
[4.488s] [100%] [32m[1mLinking CXX shared library libcar_gazebo_plugin.so[0m
[7.056s] [100%] Built target car_gazebo_plugin
[7.077s] Invoked command in '/home/ros2/assignment/build/car_gazebo_plugin' returned '0': CMAKE_PREFIX_PATH=/home/ros2/assignment/install/smartcar_msgs:/home/ros2/assignment/install/ackermann_msgs:/home/ros2/assignment/install/smart_car:/home/ros2/assignment/install/car_gazebo_plugin:/opt/ros/humble LD_LIBRARY_PATH=/home/ros2/assignment/install/smartcar_msgs/lib:/home/ros2/assignment/install/ackermann_msgs/lib:/home/ros2/assignment/install/car_gazebo_plugin/lib:/home/ros2/ass/install/car_gazebo_plugin/lib:/home/ros2/ass/install/smartcar_msgs/lib:/home/ros2/ass/install/ackermann_msgs/lib:/usr/lib/x86_64-linux-gnu/gazebo-11/plugins:/opt/ros/humble/opt/rviz_ogre_vendor/lib:/opt/ros/humble/lib/x86_64-linux-gnu:/opt/ros/humble/lib:/usr/lib/x86_64-linux-gnu/gazebo-11/plugins:/usr/lib/x86_64-linux-gnu/gazebo-11/plugins:/usr/lib/x86_64-linux-gnu/gazebo-11/plugins /usr/bin/cmake --build /home/ros2/assignment/build/car_gazebo_plugin -- -j8 -l8
[7.081s] Invoking command in '/home/ros2/assignment/build/car_gazebo_plugin': CMAKE_PREFIX_PATH=/home/ros2/assignment/install/smartcar_msgs:/home/ros2/assignment/install/ackermann_msgs:/home/ros2/assignment/install/smart_car:/home/ros2/assignment/install/car_gazebo_plugin:/opt/ros/humble LD_LIBRARY_PATH=/home/ros2/assignment/install/smartcar_msgs/lib:/home/ros2/assignment/install/ackermann_msgs/lib:/home/ros2/assignment/install/car_gazebo_plugin/lib:/home/ros2/ass/install/car_gazebo_plugin/lib:/home/ros2/ass/install/smartcar_msgs/lib:/home/ros2/ass/install/ackermann_msgs/lib:/usr/lib/x86_64-linux-gnu/gazebo-11/plugins:/opt/ros/humble/opt/rviz_ogre_vendor/lib:/opt/ros/humble/lib/x86_64-linux-gnu:/opt/ros/humble/lib:/usr/lib/x86_64-linux-gnu/gazebo-11/plugins:/usr/lib/x86_64-linux-gnu/gazebo-11/plugins:/usr/lib/x86_64-linux-gnu/gazebo-11/plugins /usr/bin/cmake --install /home/ros2/assignment/build/car_gazebo_plugin
[7.093s] -- Install configuration: ""
[7.094s] -- Installing: /home/ros2/assignment/install/car_gazebo_plugin/share/car_gazebo_plugin/environment/library_path.sh
[7.094s] -- Installing: /home/ros2/assignment/install/car_gazebo_plugin/share/car_gazebo_plugin/environment/library_path.dsv
[7.094s] -- Installing: /home/ros2/assignment/install/car_gazebo_plugin/lib/libcar_gazebo_plugin.so
[7.116s] -- Set runtime path of "/home/ros2/assignment/install/car_gazebo_plugin/lib/libcar_gazebo_plugin.so" to ""
[7.116s] -- Up-to-date: /home/ros2/assignment/install/car_gazebo_plugin/share/car_gazebo_plugin/
[7.117s] -- Installing: /home/ros2/assignment/install/car_gazebo_plugin/share/car_gazebo_plugin//car_gazebo.launch.py
[7.117s] -- Installing: /home/ros2/assignment/install/car_gazebo_plugin/share/ament_index/resource_index/package_run_dependencies/car_gazebo_plugin
[7.117s] -- Installing: /home/ros2/assignment/install/car_gazebo_plugin/share/ament_index/resource_index/parent_prefix_path/car_gazebo_plugin
[7.117s] -- Installing: /home/ros2/assignment/install/car_gazebo_plugin/share/car_gazebo_plugin/environment/ament_prefix_path.sh
[7.117s] -- Installing: /home/ros2/assignment/install/car_gazebo_plugin/share/car_gazebo_plugin/environment/ament_prefix_path.dsv
[7.117s] -- Installing: /home/ros2/assignment/install/car_gazebo_plugin/share/car_gazebo_plugin/environment/path.sh
[7.118s] -- Installing: /home/ros2/assignment/install/car_gazebo_plugin/share/car_gazebo_plugin/environment/path.dsv
[7.118s] -- Installing: /home/ros2/assignment/install/car_gazebo_plugin/share/car_gazebo_plugin/local_setup.bash
[7.118s] -- Installing: /home/ros2/assignment/install/car_gazebo_plugin/share/car_gazebo_plugin/local_setup.sh
[7.119s] -- Installing: /home/ros2/assignment/install/car_gazebo_plugin/share/car_gazebo_plugin/local_setup.zsh
[7.119s] -- Installing: /home/ros2/assignment/install/car_gazebo_plugin/share/car_gazebo_plugin/local_setup.dsv
[7.119s] -- Installing: /home/ros2/assignment/install/car_gazebo_plugin/share/car_gazebo_plugin/package.dsv
[7.119s] -- Installing: /home/ros2/assignment/install/car_gazebo_plugin/share/ament_index/resource_index/packages/car_gazebo_plugin
[7.120s] -- Installing: /home/ros2/assignment/install/car_gazebo_plugin/share/car_gazebo_plugin/cmake/ament_cmake_export_libraries-extras.cmake
[7.120s] -- Installing: /home/ros2/assignment/install/car_gazebo_plugin/share/car_gazebo_plugin/cmake/ament_cmake_export_include_directories-extras.cmake
[7.120s] -- Installing: /home/ros2/assignment/install/car_gazebo_plugin/share/car_gazebo_plugin/cmake/ament_cmake_export_dependencies-extras.cmake
[7.120s] -- Installing: /home/ros2/assignment/install/car_gazebo_plugin/share/car_gazebo_plugin/cmake/car_gazebo_pluginConfig.cmake
[7.121s] -- Installing: /home/ros2/assignment/install/car_gazebo_plugin/share/car_gazebo_plugin/cmake/car_gazebo_pluginConfig-version.cmake
[7.121s] -- Installing: /home/ros2/assignment/install/car_gazebo_plugin/share/car_gazebo_plugin/package.xml
[7.125s] Invoked command in '/home/ros2/assignment/build/car_gazebo_plugin' returned '0': CMAKE_PREFIX_PATH=/home/ros2/assignment/install/smartcar_msgs:/home/ros2/assignment/install/ackermann_msgs:/home/ros2/assignment/install/smart_car:/home/ros2/assignment/install/car_gazebo_plugin:/opt/ros/humble LD_LIBRARY_PATH=/home/ros2/assignment/install/smartcar_msgs/lib:/home/ros2/assignment/install/ackermann_msgs/lib:/home/ros2/assignment/install/car_gazebo_plugin/lib:/home/ros2/ass/install/car_gazebo_plugin/lib:/home/ros2/ass/install/smartcar_msgs/lib:/home/ros2/ass/install/ackermann_msgs/lib:/usr/lib/x86_64-linux-gnu/gazebo-11/plugins:/opt/ros/humble/opt/rviz_ogre_vendor/lib:/opt/ros/humble/lib/x86_64-linux-gnu:/opt/ros/humble/lib:/usr/lib/x86_64-linux-gnu/gazebo-11/plugins:/usr/lib/x86_64-linux-gnu/gazebo-11/plugins:/usr/lib/x86_64-linux-gnu/gazebo-11/plugins /usr/bin/cmake --install /home/ros2/assignment/build/car_gazebo_plugin
