[0.017s] Invoking command in '/home/ros2/assignment/build/smart_car': CMAKE_PREFIX_PATH=/home/ros2/assignment/install/smartcar_msgs:/home/ros2/assignment/install/smart_car:/home/ros2/assignment/install/car_gazebo_plugin:/home/ros2/assignment/install/ackermann_msgs:/opt/ros/humble LD_LIBRARY_PATH=/home/ros2/assignment/install/smartcar_msgs/lib:/home/ros2/assignment/install/car_gazebo_plugin/lib:/home/ros2/assignment/install/ackermann_msgs/lib:/home/ros2/ass/install/car_gazebo_plugin/lib:/home/ros2/ass/install/smartcar_msgs/lib:/home/ros2/ass/install/ackermann_msgs/lib:/usr/lib/x86_64-linux-gnu/gazebo-11/plugins:/opt/ros/humble/opt/rviz_ogre_vendor/lib:/opt/ros/humble/lib/x86_64-linux-gnu:/opt/ros/humble/lib:/usr/lib/x86_64-linux-gnu/gazebo-11/plugins:/usr/lib/x86_64-linux-gnu/gazebo-11/plugins:/usr/lib/x86_64-linux-gnu/gazebo-11/plugins /usr/bin/cmake /home/ros2/assignment/src/smart_car -DCMAKE_INSTALL_PREFIX=/home/ros2/assignment/install/smart_car
[0.133s] -- The C compiler identification is GNU 11.4.0
[0.243s] -- The CXX compiler identification is GNU 11.4.0
[0.262s] -- Detecting C compiler ABI info
[0.364s] -- Detecting C compiler ABI info - done
[0.380s] -- Check for working C compiler: /usr/lib/ccache/gcc - skipped
[0.380s] -- Detecting C compile features
[0.381s] -- Detecting C compile features - done
[0.388s] -- Detecting CXX compiler ABI info
[0.513s] -- Detecting CXX compiler ABI info - done
[0.529s] -- Check for working CXX compiler: /usr/lib/ccache/g++ - skipped
[0.529s] -- Detecting CXX compile features
[0.530s] -- Detecting CXX compile features - done
[0.534s] -- Found ament_cmake: 1.3.12 (/opt/ros/humble/share/ament_cmake/cmake)
[0.789s] -- Found Python3: /usr/bin/python3 (found version "3.10.12") found components: Interpreter 
[0.940s] -- Found rclcpp: 16.0.15 (/opt/ros/humble/share/rclcpp/cmake)
[1.012s] -- Found rosidl_generator_c: 3.1.7 (/opt/ros/humble/share/rosidl_generator_c/cmake)
[1.020s] -- Found rosidl_adapter: 3.1.7 (/opt/ros/humble/share/rosidl_adapter/cmake)
[1.034s] -- Found rosidl_generator_cpp: 3.1.7 (/opt/ros/humble/share/rosidl_generator_cpp/cmake)
[1.060s] -- Using all available rosidl_typesupport_c: rosidl_typesupport_fastrtps_c;rosidl_typesupport_introspection_c
[1.091s] -- Using all available rosidl_typesupport_cpp: rosidl_typesupport_fastrtps_cpp;rosidl_typesupport_introspection_cpp
[1.182s] -- Found rmw_implementation_cmake: 6.1.2 (/opt/ros/humble/share/rmw_implementation_cmake/cmake)
[1.186s] -- Found rmw_cyclonedds_cpp: 1.3.4 (/opt/ros/humble/share/rmw_cyclonedds_cpp/cmake)
[1.225s] -- Using RMW implementation 'rmw_cyclonedds_cpp' as default
[1.238s] -- Looking for pthread.h
[1.343s] -- Looking for pthread.h - found
[1.344s] -- Performing Test CMAKE_HAVE_LIBC_PTHREAD
[1.462s] -- Performing Test CMAKE_HAVE_LIBC_PTHREAD - Success
[1.467s] -- Found Threads: TRUE  
[1.575s] -- Found smartcar_msgs: 0.0.0 (/home/ros2/assignment/install/smartcar_msgs/share/smartcar_msgs/cmake)
[1.725s] -- Configuring done
[1.735s] -- Generating done
[1.740s] -- Build files have been written to: /home/ros2/assignment/build/smart_car
[1.765s] Invoked command in '/home/ros2/assignment/build/smart_car' returned '0': CMAKE_PREFIX_PATH=/home/ros2/assignment/install/smartcar_msgs:/home/ros2/assignment/install/smart_car:/home/ros2/assignment/install/car_gazebo_plugin:/home/ros2/assignment/install/ackermann_msgs:/opt/ros/humble LD_LIBRARY_PATH=/home/ros2/assignment/install/smartcar_msgs/lib:/home/ros2/assignment/install/car_gazebo_plugin/lib:/home/ros2/assignment/install/ackermann_msgs/lib:/home/ros2/ass/install/car_gazebo_plugin/lib:/home/ros2/ass/install/smartcar_msgs/lib:/home/ros2/ass/install/ackermann_msgs/lib:/usr/lib/x86_64-linux-gnu/gazebo-11/plugins:/opt/ros/humble/opt/rviz_ogre_vendor/lib:/opt/ros/humble/lib/x86_64-linux-gnu:/opt/ros/humble/lib:/usr/lib/x86_64-linux-gnu/gazebo-11/plugins:/usr/lib/x86_64-linux-gnu/gazebo-11/plugins:/usr/lib/x86_64-linux-gnu/gazebo-11/plugins /usr/bin/cmake /home/ros2/assignment/src/smart_car -DCMAKE_INSTALL_PREFIX=/home/ros2/assignment/install/smart_car
[1.768s] Invoking command in '/home/ros2/assignment/build/smart_car': CMAKE_PREFIX_PATH=/home/ros2/assignment/install/smartcar_msgs:/home/ros2/assignment/install/smart_car:/home/ros2/assignment/install/car_gazebo_plugin:/home/ros2/assignment/install/ackermann_msgs:/opt/ros/humble LD_LIBRARY_PATH=/home/ros2/assignment/install/smartcar_msgs/lib:/home/ros2/assignment/install/car_gazebo_plugin/lib:/home/ros2/assignment/install/ackermann_msgs/lib:/home/ros2/ass/install/car_gazebo_plugin/lib:/home/ros2/ass/install/smartcar_msgs/lib:/home/ros2/ass/install/ackermann_msgs/lib:/usr/lib/x86_64-linux-gnu/gazebo-11/plugins:/opt/ros/humble/opt/rviz_ogre_vendor/lib:/opt/ros/humble/lib/x86_64-linux-gnu:/opt/ros/humble/lib:/usr/lib/x86_64-linux-gnu/gazebo-11/plugins:/usr/lib/x86_64-linux-gnu/gazebo-11/plugins:/usr/lib/x86_64-linux-gnu/gazebo-11/plugins /usr/bin/cmake --build /home/ros2/assignment/build/smart_car -- -j8 -l8
[1.838s] Invoked command in '/home/ros2/assignment/build/smart_car' returned '0': CMAKE_PREFIX_PATH=/home/ros2/assignment/install/smartcar_msgs:/home/ros2/assignment/install/smart_car:/home/ros2/assignment/install/car_gazebo_plugin:/home/ros2/assignment/install/ackermann_msgs:/opt/ros/humble LD_LIBRARY_PATH=/home/ros2/assignment/install/smartcar_msgs/lib:/home/ros2/assignment/install/car_gazebo_plugin/lib:/home/ros2/assignment/install/ackermann_msgs/lib:/home/ros2/ass/install/car_gazebo_plugin/lib:/home/ros2/ass/install/smartcar_msgs/lib:/home/ros2/ass/install/ackermann_msgs/lib:/usr/lib/x86_64-linux-gnu/gazebo-11/plugins:/opt/ros/humble/opt/rviz_ogre_vendor/lib:/opt/ros/humble/lib/x86_64-linux-gnu:/opt/ros/humble/lib:/usr/lib/x86_64-linux-gnu/gazebo-11/plugins:/usr/lib/x86_64-linux-gnu/gazebo-11/plugins:/usr/lib/x86_64-linux-gnu/gazebo-11/plugins /usr/bin/cmake --build /home/ros2/assignment/build/smart_car -- -j8 -l8
[1.844s] Invoking command in '/home/ros2/assignment/build/smart_car': CMAKE_PREFIX_PATH=/home/ros2/assignment/install/smartcar_msgs:/home/ros2/assignment/install/smart_car:/home/ros2/assignment/install/car_gazebo_plugin:/home/ros2/assignment/install/ackermann_msgs:/opt/ros/humble LD_LIBRARY_PATH=/home/ros2/assignment/install/smartcar_msgs/lib:/home/ros2/assignment/install/car_gazebo_plugin/lib:/home/ros2/assignment/install/ackermann_msgs/lib:/home/ros2/ass/install/car_gazebo_plugin/lib:/home/ros2/ass/install/smartcar_msgs/lib:/home/ros2/ass/install/ackermann_msgs/lib:/usr/lib/x86_64-linux-gnu/gazebo-11/plugins:/opt/ros/humble/opt/rviz_ogre_vendor/lib:/opt/ros/humble/lib/x86_64-linux-gnu:/opt/ros/humble/lib:/usr/lib/x86_64-linux-gnu/gazebo-11/plugins:/usr/lib/x86_64-linux-gnu/gazebo-11/plugins:/usr/lib/x86_64-linux-gnu/gazebo-11/plugins /usr/bin/cmake --install /home/ros2/assignment/build/smart_car
[1.862s] -- Install configuration: ""
[1.862s] -- Installing: /home/ros2/assignment/install/smart_car/lib/smart_car/wheel_odometry
[1.862s] -- Installing: /home/ros2/assignment/install/smart_car/lib/smart_car/joint_state_publisher
[1.863s] -- Installing: /home/ros2/assignment/install/smart_car/share/smart_car/launch/gazebo.launch.py
[1.863s] -- Installing: /home/ros2/assignment/install/smart_car/share/smart_car/launch/smartcar.launch.py
[1.863s] -- Installing: /home/ros2/assignment/install/smart_car/share/smart_car/urdf
[1.863s] -- Installing: /home/ros2/assignment/install/smart_car/share/smart_car/urdf/smartcar.urdf.xacro
[1.864s] -- Installing: /home/ros2/assignment/install/smart_car/share/smart_car/urdf/smartcar.urdf
[1.864s] -- Installing: /home/ros2/assignment/install/smart_car/share/smart_car/rviz
[1.864s] -- Installing: /home/ros2/assignment/install/smart_car/share/smart_car/rviz/smartcar.rviz
[1.864s] -- Installing: /home/ros2/assignment/install/smart_car/share/smart_car/world
[1.864s] -- Installing: /home/ros2/assignment/install/smart_car/share/smart_car/world/smalltown.world
[1.864s] -- Installing: /home/ros2/assignment/install/smart_car/share/smart_car/nav2_map
[1.864s] -- Installing: /home/ros2/assignment/install/smart_car/share/smart_car/nav2_map/smalltown_world.yaml
[1.865s] -- Installing: /home/ros2/assignment/install/smart_car/share/smart_car/nav2_map/smalltown_world.pgm
[1.875s] -- Installing: /home/ros2/assignment/install/smart_car/share/ament_index/resource_index/package_run_dependencies/smart_car
[1.876s] -- Installing: /home/ros2/assignment/install/smart_car/share/ament_index/resource_index/parent_prefix_path/smart_car
[1.876s] -- Installing: /home/ros2/assignment/install/smart_car/share/smart_car/environment/ament_prefix_path.sh
[1.876s] -- Installing: /home/ros2/assignment/install/smart_car/share/smart_car/environment/ament_prefix_path.dsv
[1.877s] -- Installing: /home/ros2/assignment/install/smart_car/share/smart_car/environment/path.sh
[1.877s] -- Installing: /home/ros2/assignment/install/smart_car/share/smart_car/environment/path.dsv
[1.878s] -- Installing: /home/ros2/assignment/install/smart_car/share/smart_car/local_setup.bash
[1.878s] -- Installing: /home/ros2/assignment/install/smart_car/share/smart_car/local_setup.sh
[1.878s] -- Installing: /home/ros2/assignment/install/smart_car/share/smart_car/local_setup.zsh
[1.878s] -- Installing: /home/ros2/assignment/install/smart_car/share/smart_car/local_setup.dsv
[1.878s] -- Installing: /home/ros2/assignment/install/smart_car/share/smart_car/package.dsv
[1.879s] -- Installing: /home/ros2/assignment/install/smart_car/share/ament_index/resource_index/packages/smart_car
[1.879s] -- Installing: /home/ros2/assignment/install/smart_car/share/smart_car/cmake/smart_carConfig.cmake
[1.879s] -- Installing: /home/ros2/assignment/install/smart_car/share/smart_car/cmake/smart_carConfig-version.cmake
[1.880s] -- Installing: /home/ros2/assignment/install/smart_car/share/smart_car/package.xml
[1.885s] Invoked command in '/home/ros2/assignment/build/smart_car' returned '0': CMAKE_PREFIX_PATH=/home/ros2/assignment/install/smartcar_msgs:/home/ros2/assignment/install/smart_car:/home/ros2/assignment/install/car_gazebo_plugin:/home/ros2/assignment/install/ackermann_msgs:/opt/ros/humble LD_LIBRARY_PATH=/home/ros2/assignment/install/smartcar_msgs/lib:/home/ros2/assignment/install/car_gazebo_plugin/lib:/home/ros2/assignment/install/ackermann_msgs/lib:/home/ros2/ass/install/car_gazebo_plugin/lib:/home/ros2/ass/install/smartcar_msgs/lib:/home/ros2/ass/install/ackermann_msgs/lib:/usr/lib/x86_64-linux-gnu/gazebo-11/plugins:/opt/ros/humble/opt/rviz_ogre_vendor/lib:/opt/ros/humble/lib/x86_64-linux-gnu:/opt/ros/humble/lib:/usr/lib/x86_64-linux-gnu/gazebo-11/plugins:/usr/lib/x86_64-linux-gnu/gazebo-11/plugins:/usr/lib/x86_64-linux-gnu/gazebo-11/plugins /usr/bin/cmake --install /home/ros2/assignment/build/smart_car
