-- Install configuration: ""
-- Up-to-date: /home/ros2/assignment/install/smart_car/lib/smart_car/wheel_odometry
-- Up-to-date: /home/ros2/assignment/install/smart_car/lib/smart_car/joint_state_publisher
-- Up-to-date: /home/ros2/assignment/install/smart_car/share/smart_car/launch/gazebo.launch.py
-- Up-to-date: /home/ros2/assignment/install/smart_car/share/smart_car/launch/smartcar.launch.py
-- Up-to-date: /home/ros2/assignment/install/smart_car/share/smart_car/launch/localization.launch.py
-- Up-to-date: /home/ros2/assignment/install/smart_car/share/smart_car/launch
-- Up-to-date: /home/ros2/assignment/install/smart_car/share/smart_car/launch/gazebo.launch.py
-- Up-to-date: /home/ros2/assignment/install/smart_car/share/smart_car/launch/localization.launch.py
-- Up-to-date: /home/ros2/assignment/install/smart_car/share/smart_car/launch/smartcar.launch.py
-- Up-to-date: /home/ros2/assignment/install/smart_car/share/smart_car/launch/nav2.launch.py
-- Up-to-date: /home/ros2/assignment/install/smart_car/share/smart_car/urdf
-- Up-to-date: /home/ros2/assignment/install/smart_car/share/smart_car/urdf/smartcar.urdf.xacro
-- Up-to-date: /home/ros2/assignment/install/smart_car/share/smart_car/urdf/smartcar.urdf
-- Up-to-date: /home/ros2/assignment/install/smart_car/share/smart_car/rviz
-- Up-to-date: /home/ros2/assignment/install/smart_car/share/smart_car/rviz/smartcar.rviz
-- Up-to-date: /home/ros2/assignment/install/smart_car/share/smart_car/world
-- Up-to-date: /home/ros2/assignment/install/smart_car/share/smart_car/world/smalltown.world
-- Up-to-date: /home/ros2/assignment/install/smart_car/share/smart_car/nav2_map
-- Up-to-date: /home/ros2/assignment/install/smart_car/share/smart_car/nav2_map/smalltown_world.yaml
-- Up-to-date: /home/ros2/assignment/install/smart_car/share/smart_car/nav2_map/smalltown_world.pgm
-- Up-to-date: /home/ros2/assignment/install/smart_car/share/smart_car/config
-- Installing: /home/ros2/assignment/install/smart_car/share/smart_car/config/nav2_params.yaml
-- Up-to-date: /home/ros2/assignment/install/smart_car/share/smart_car/config/ekf_local.yaml
-- Up-to-date: /home/ros2/assignment/install/smart_car/share/ament_index/resource_index/package_run_dependencies/smart_car
-- Up-to-date: /home/ros2/assignment/install/smart_car/share/ament_index/resource_index/parent_prefix_path/smart_car
-- Up-to-date: /home/ros2/assignment/install/smart_car/share/smart_car/environment/ament_prefix_path.sh
-- Up-to-date: /home/ros2/assignment/install/smart_car/share/smart_car/environment/ament_prefix_path.dsv
-- Up-to-date: /home/ros2/assignment/install/smart_car/share/smart_car/environment/path.sh
-- Up-to-date: /home/ros2/assignment/install/smart_car/share/smart_car/environment/path.dsv
-- Up-to-date: /home/ros2/assignment/install/smart_car/share/smart_car/local_setup.bash
-- Up-to-date: /home/ros2/assignment/install/smart_car/share/smart_car/local_setup.sh
-- Up-to-date: /home/ros2/assignment/install/smart_car/share/smart_car/local_setup.zsh
-- Up-to-date: /home/ros2/assignment/install/smart_car/share/smart_car/local_setup.dsv
-- Installing: /home/ros2/assignment/install/smart_car/share/smart_car/package.dsv
-- Up-to-date: /home/ros2/assignment/install/smart_car/share/ament_index/resource_index/packages/smart_car
-- Up-to-date: /home/ros2/assignment/install/smart_car/share/smart_car/cmake/smart_carConfig.cmake
-- Up-to-date: /home/ros2/assignment/install/smart_car/share/smart_car/cmake/smart_carConfig-version.cmake
-- Up-to-date: /home/ros2/assignment/install/smart_car/share/smart_car/package.xml
