[0.039s] Invoking command in '/home/ros2/assignment/build/ackermann_msgs': CMAKE_PREFIX_PATH=${CMAKE_PREFIX_PATH}:/opt/ros/humble /usr/bin/cmake --build /home/ros2/assignment/build/ackermann_msgs -- -j8 -l8
[0.268s] [  2%] Built target ackermann_msgs__cpp
[0.304s] [  2%] Built target ament_cmake_python_copy_ackermann_msgs
[0.327s] [ 12%] Built target ackermann_msgs__rosidl_generator_c
[0.368s] [ 23%] Built target ackermann_msgs__rosidl_typesupport_introspection_cpp
[0.380s] [ 33%] Built target ackermann_msgs__rosidl_typesupport_cpp
[0.385s] [ 43%] Built target ackermann_msgs__rosidl_typesupport_fastrtps_cpp
[0.412s] [ 53%] Built target ackermann_msgs__rosidl_typesupport_c
[0.412s] [ 64%] Built target ackermann_msgs__rosidl_typesupport_fastrtps_c
[0.437s] [ 74%] Built target ackermann_msgs__rosidl_typesupport_introspection_c
[0.492s] [ 74%] Built target ackermann_msgs
[0.553s] [ 76%] Built target ackermann_msgs__py
[0.648s] [ 84%] Built target ackermann_msgs__rosidl_generator_py
[0.722s] [ 89%] Built target ackermann_msgs__rosidl_typesupport_fastrtps_c__pyext
[0.724s] [ 94%] Built target ackermann_msgs__rosidl_typesupport_c__pyext
[0.744s] [100%] Built target ackermann_msgs__rosidl_typesupport_introspection_c__pyext
[0.974s] running egg_info
[0.976s] writing ackermann_msgs.egg-info/PKG-INFO
[0.976s] writing dependency_links to ackermann_msgs.egg-info/dependency_links.txt
[0.977s] writing top-level names to ackermann_msgs.egg-info/top_level.txt
[0.987s] reading manifest file 'ackermann_msgs.egg-info/SOURCES.txt'
[0.988s] writing manifest file 'ackermann_msgs.egg-info/SOURCES.txt'
[1.070s] [100%] Built target ament_cmake_python_build_ackermann_msgs_egg
[1.133s] Invoked command in '/home/ros2/assignment/build/ackermann_msgs' returned '0': CMAKE_PREFIX_PATH=${CMAKE_PREFIX_PATH}:/opt/ros/humble /usr/bin/cmake --build /home/ros2/assignment/build/ackermann_msgs -- -j8 -l8
[1.140s] Invoking command in '/home/ros2/assignment/build/ackermann_msgs': CMAKE_PREFIX_PATH=${CMAKE_PREFIX_PATH}:/opt/ros/humble /usr/bin/cmake --install /home/ros2/assignment/build/ackermann_msgs
[1.157s] -- Install configuration: ""
[1.161s] -- Up-to-date: /home/ros2/assignment/install/ackermann_msgs/share/ament_index/resource_index/rosidl_interfaces/ackermann_msgs
[1.161s] -- Up-to-date: /home/ros2/assignment/install/ackermann_msgs/include/ackermann_msgs/ackermann_msgs
[1.161s] -- Up-to-date: /home/ros2/assignment/install/ackermann_msgs/include/ackermann_msgs/ackermann_msgs/msg
[1.161s] -- Up-to-date: /home/ros2/assignment/install/ackermann_msgs/include/ackermann_msgs/ackermann_msgs/msg/rosidl_generator_c__visibility_control.h
[1.161s] -- Up-to-date: /home/ros2/assignment/install/ackermann_msgs/include/ackermann_msgs/ackermann_msgs/msg/ackermann_drive.h
[1.161s] -- Up-to-date: /home/ros2/assignment/install/ackermann_msgs/include/ackermann_msgs/ackermann_msgs/msg/ackermann_drive_stamped.h
[1.162s] -- Up-to-date: /home/ros2/assignment/install/ackermann_msgs/include/ackermann_msgs/ackermann_msgs/msg/detail
[1.162s] -- Up-to-date: /home/ros2/assignment/install/ackermann_msgs/include/ackermann_msgs/ackermann_msgs/msg/detail/ackermann_drive_stamped__functions.h
[1.162s] -- Up-to-date: /home/ros2/assignment/install/ackermann_msgs/include/ackermann_msgs/ackermann_msgs/msg/detail/ackermann_drive_stamped__functions.c
[1.162s] -- Up-to-date: /home/ros2/assignment/install/ackermann_msgs/include/ackermann_msgs/ackermann_msgs/msg/detail/ackermann_drive__struct.h
[1.162s] -- Up-to-date: /home/ros2/assignment/install/ackermann_msgs/include/ackermann_msgs/ackermann_msgs/msg/detail/ackermann_drive__functions.c
[1.162s] -- Up-to-date: /home/ros2/assignment/install/ackermann_msgs/include/ackermann_msgs/ackermann_msgs/msg/detail/ackermann_drive_stamped__type_support.h
[1.163s] -- Up-to-date: /home/ros2/assignment/install/ackermann_msgs/include/ackermann_msgs/ackermann_msgs/msg/detail/ackermann_drive__functions.h
[1.163s] -- Up-to-date: /home/ros2/assignment/install/ackermann_msgs/include/ackermann_msgs/ackermann_msgs/msg/detail/ackermann_drive__type_support.h
[1.163s] -- Up-to-date: /home/ros2/assignment/install/ackermann_msgs/include/ackermann_msgs/ackermann_msgs/msg/detail/ackermann_drive_stamped__struct.h
[1.163s] -- Up-to-date: /home/ros2/assignment/install/ackermann_msgs/share/ackermann_msgs/environment/library_path.sh
[1.163s] -- Up-to-date: /home/ros2/assignment/install/ackermann_msgs/share/ackermann_msgs/environment/library_path.dsv
[1.163s] -- Up-to-date: /home/ros2/assignment/install/ackermann_msgs/lib/libackermann_msgs__rosidl_generator_c.so
[1.165s] -- Up-to-date: /home/ros2/assignment/install/ackermann_msgs/include/ackermann_msgs/ackermann_msgs
[1.166s] -- Up-to-date: /home/ros2/assignment/install/ackermann_msgs/include/ackermann_msgs/ackermann_msgs/msg
[1.166s] -- Up-to-date: /home/ros2/assignment/install/ackermann_msgs/include/ackermann_msgs/ackermann_msgs/msg/rosidl_typesupport_fastrtps_c__visibility_control.h
[1.166s] -- Up-to-date: /home/ros2/assignment/install/ackermann_msgs/include/ackermann_msgs/ackermann_msgs/msg/detail
[1.166s] -- Up-to-date: /home/ros2/assignment/install/ackermann_msgs/include/ackermann_msgs/ackermann_msgs/msg/detail/ackermann_drive__rosidl_typesupport_fastrtps_c.h
[1.167s] -- Up-to-date: /home/ros2/assignment/install/ackermann_msgs/include/ackermann_msgs/ackermann_msgs/msg/detail/ackermann_drive_stamped__rosidl_typesupport_fastrtps_c.h
[1.167s] -- Up-to-date: /home/ros2/assignment/install/ackermann_msgs/lib/libackermann_msgs__rosidl_typesupport_fastrtps_c.so
[1.167s] -- Up-to-date: /home/ros2/assignment/install/ackermann_msgs/include/ackermann_msgs/ackermann_msgs
[1.167s] -- Up-to-date: /home/ros2/assignment/install/ackermann_msgs/include/ackermann_msgs/ackermann_msgs/msg
[1.167s] -- Up-to-date: /home/ros2/assignment/install/ackermann_msgs/include/ackermann_msgs/ackermann_msgs/msg/detail
[1.167s] -- Up-to-date: /home/ros2/assignment/install/ackermann_msgs/include/ackermann_msgs/ackermann_msgs/msg/detail/ackermann_drive_stamped__rosidl_typesupport_introspection_c.h
[1.167s] -- Up-to-date: /home/ros2/assignment/install/ackermann_msgs/include/ackermann_msgs/ackermann_msgs/msg/detail/ackermann_drive__rosidl_typesupport_introspection_c.h
[1.168s] -- Up-to-date: /home/ros2/assignment/install/ackermann_msgs/include/ackermann_msgs/ackermann_msgs/msg/detail/ackermann_drive__type_support.c
[1.168s] -- Up-to-date: /home/ros2/assignment/install/ackermann_msgs/include/ackermann_msgs/ackermann_msgs/msg/detail/ackermann_drive_stamped__type_support.c
[1.168s] -- Up-to-date: /home/ros2/assignment/install/ackermann_msgs/include/ackermann_msgs/ackermann_msgs/msg/rosidl_typesupport_introspection_c__visibility_control.h
[1.168s] -- Up-to-date: /home/ros2/assignment/install/ackermann_msgs/lib/libackermann_msgs__rosidl_typesupport_introspection_c.so
[1.168s] -- Up-to-date: /home/ros2/assignment/install/ackermann_msgs/lib/libackermann_msgs__rosidl_typesupport_c.so
[1.168s] -- Up-to-date: /home/ros2/assignment/install/ackermann_msgs/include/ackermann_msgs/ackermann_msgs
[1.171s] -- Up-to-date: /home/ros2/assignment/install/ackermann_msgs/include/ackermann_msgs/ackermann_msgs/msg
[1.171s] -- Up-to-date: /home/ros2/assignment/install/ackermann_msgs/include/ackermann_msgs/ackermann_msgs/msg/ackermann_drive_stamped.hpp
[1.171s] -- Up-to-date: /home/ros2/assignment/install/ackermann_msgs/include/ackermann_msgs/ackermann_msgs/msg/rosidl_generator_cpp__visibility_control.hpp
[1.171s] -- Up-to-date: /home/ros2/assignment/install/ackermann_msgs/include/ackermann_msgs/ackermann_msgs/msg/ackermann_drive.hpp
[1.171s] -- Up-to-date: /home/ros2/assignment/install/ackermann_msgs/include/ackermann_msgs/ackermann_msgs/msg/detail
[1.171s] -- Up-to-date: /home/ros2/assignment/install/ackermann_msgs/include/ackermann_msgs/ackermann_msgs/msg/detail/ackermann_drive__builder.hpp
[1.171s] -- Up-to-date: /home/ros2/assignment/install/ackermann_msgs/include/ackermann_msgs/ackermann_msgs/msg/detail/ackermann_drive__type_support.hpp
[1.171s] -- Up-to-date: /home/ros2/assignment/install/ackermann_msgs/include/ackermann_msgs/ackermann_msgs/msg/detail/ackermann_drive__struct.hpp
[1.171s] -- Up-to-date: /home/ros2/assignment/install/ackermann_msgs/include/ackermann_msgs/ackermann_msgs/msg/detail/ackermann_drive_stamped__struct.hpp
[1.172s] -- Up-to-date: /home/ros2/assignment/install/ackermann_msgs/include/ackermann_msgs/ackermann_msgs/msg/detail/ackermann_drive__traits.hpp
[1.172s] -- Up-to-date: /home/ros2/assignment/install/ackermann_msgs/include/ackermann_msgs/ackermann_msgs/msg/detail/ackermann_drive_stamped__type_support.hpp
[1.172s] -- Up-to-date: /home/ros2/assignment/install/ackermann_msgs/include/ackermann_msgs/ackermann_msgs/msg/detail/ackermann_drive_stamped__builder.hpp
[1.172s] -- Up-to-date: /home/ros2/assignment/install/ackermann_msgs/include/ackermann_msgs/ackermann_msgs/msg/detail/ackermann_drive_stamped__traits.hpp
[1.172s] -- Up-to-date: /home/ros2/assignment/install/ackermann_msgs/include/ackermann_msgs/ackermann_msgs
[1.172s] -- Up-to-date: /home/ros2/assignment/install/ackermann_msgs/include/ackermann_msgs/ackermann_msgs/msg
[1.172s] -- Up-to-date: /home/ros2/assignment/install/ackermann_msgs/include/ackermann_msgs/ackermann_msgs/msg/rosidl_typesupport_fastrtps_cpp__visibility_control.h
[1.172s] -- Up-to-date: /home/ros2/assignment/install/ackermann_msgs/include/ackermann_msgs/ackermann_msgs/msg/detail
[1.172s] -- Up-to-date: /home/ros2/assignment/install/ackermann_msgs/include/ackermann_msgs/ackermann_msgs/msg/detail/ackermann_drive__rosidl_typesupport_fastrtps_cpp.hpp
[1.172s] -- Up-to-date: /home/ros2/assignment/install/ackermann_msgs/include/ackermann_msgs/ackermann_msgs/msg/detail/ackermann_drive_stamped__rosidl_typesupport_fastrtps_cpp.hpp
[1.173s] -- Up-to-date: /home/ros2/assignment/install/ackermann_msgs/include/ackermann_msgs/ackermann_msgs/msg/detail/dds_fastrtps
[1.173s] -- Up-to-date: /home/ros2/assignment/install/ackermann_msgs/lib/libackermann_msgs__rosidl_typesupport_fastrtps_cpp.so
[1.173s] -- Up-to-date: /home/ros2/assignment/install/ackermann_msgs/include/ackermann_msgs/ackermann_msgs
[1.173s] -- Up-to-date: /home/ros2/assignment/install/ackermann_msgs/include/ackermann_msgs/ackermann_msgs/msg
[1.173s] -- Up-to-date: /home/ros2/assignment/install/ackermann_msgs/include/ackermann_msgs/ackermann_msgs/msg/detail
[1.173s] -- Up-to-date: /home/ros2/assignment/install/ackermann_msgs/include/ackermann_msgs/ackermann_msgs/msg/detail/ackermann_drive_stamped__rosidl_typesupport_introspection_cpp.hpp
[1.173s] -- Up-to-date: /home/ros2/assignment/install/ackermann_msgs/include/ackermann_msgs/ackermann_msgs/msg/detail/ackermann_drive_stamped__type_support.cpp
[1.173s] -- Up-to-date: /home/ros2/assignment/install/ackermann_msgs/include/ackermann_msgs/ackermann_msgs/msg/detail/ackermann_drive__type_support.cpp
[1.173s] -- Up-to-date: /home/ros2/assignment/install/ackermann_msgs/include/ackermann_msgs/ackermann_msgs/msg/detail/ackermann_drive__rosidl_typesupport_introspection_cpp.hpp
[1.173s] -- Up-to-date: /home/ros2/assignment/install/ackermann_msgs/lib/libackermann_msgs__rosidl_typesupport_introspection_cpp.so
[1.173s] -- Up-to-date: /home/ros2/assignment/install/ackermann_msgs/lib/libackermann_msgs__rosidl_typesupport_cpp.so
[1.173s] -- Up-to-date: /home/ros2/assignment/install/ackermann_msgs/share/ackermann_msgs/environment/pythonpath.sh
[1.174s] -- Up-to-date: /home/ros2/assignment/install/ackermann_msgs/share/ackermann_msgs/environment/pythonpath.dsv
[1.174s] -- Up-to-date: /home/ros2/assignment/install/ackermann_msgs/local/lib/python3.10/dist-packages/ackermann_msgs-2.0.2-py3.10.egg-info
[1.174s] -- Installing: /home/ros2/assignment/install/ackermann_msgs/local/lib/python3.10/dist-packages/ackermann_msgs-2.0.2-py3.10.egg-info/SOURCES.txt
[1.174s] -- Installing: /home/ros2/assignment/install/ackermann_msgs/local/lib/python3.10/dist-packages/ackermann_msgs-2.0.2-py3.10.egg-info/PKG-INFO
[1.174s] -- Installing: /home/ros2/assignment/install/ackermann_msgs/local/lib/python3.10/dist-packages/ackermann_msgs-2.0.2-py3.10.egg-info/top_level.txt
[1.174s] -- Installing: /home/ros2/assignment/install/ackermann_msgs/local/lib/python3.10/dist-packages/ackermann_msgs-2.0.2-py3.10.egg-info/dependency_links.txt
[1.174s] -- Up-to-date: /home/ros2/assignment/install/ackermann_msgs/local/lib/python3.10/dist-packages/ackermann_msgs
[1.174s] -- Up-to-date: /home/ros2/assignment/install/ackermann_msgs/local/lib/python3.10/dist-packages/ackermann_msgs/__init__.py
[1.174s] -- Up-to-date: /home/ros2/assignment/install/ackermann_msgs/local/lib/python3.10/dist-packages/ackermann_msgs/_ackermann_msgs_s.ep.rosidl_typesupport_c.c
[1.174s] -- Up-to-date: /home/ros2/assignment/install/ackermann_msgs/local/lib/python3.10/dist-packages/ackermann_msgs/ackermann_msgs_s__rosidl_typesupport_fastrtps_c.cpython-310-x86_64-linux-gnu.so
[1.174s] -- Up-to-date: /home/ros2/assignment/install/ackermann_msgs/local/lib/python3.10/dist-packages/ackermann_msgs/libackermann_msgs__rosidl_generator_py.so
[1.175s] -- Up-to-date: /home/ros2/assignment/install/ackermann_msgs/local/lib/python3.10/dist-packages/ackermann_msgs/ackermann_msgs_s__rosidl_typesupport_c.cpython-310-x86_64-linux-gnu.so
[1.175s] -- Up-to-date: /home/ros2/assignment/install/ackermann_msgs/local/lib/python3.10/dist-packages/ackermann_msgs/ackermann_msgs_s__rosidl_typesupport_introspection_c.cpython-310-x86_64-linux-gnu.so
[1.175s] -- Up-to-date: /home/ros2/assignment/install/ackermann_msgs/local/lib/python3.10/dist-packages/ackermann_msgs/_ackermann_msgs_s.ep.rosidl_typesupport_introspection_c.c
[1.175s] -- Up-to-date: /home/ros2/assignment/install/ackermann_msgs/local/lib/python3.10/dist-packages/ackermann_msgs/_ackermann_msgs_s.ep.rosidl_typesupport_fastrtps_c.c
[1.175s] -- Up-to-date: /home/ros2/assignment/install/ackermann_msgs/local/lib/python3.10/dist-packages/ackermann_msgs/msg
[1.175s] -- Up-to-date: /home/ros2/assignment/install/ackermann_msgs/local/lib/python3.10/dist-packages/ackermann_msgs/msg/__init__.py
[1.175s] -- Up-to-date: /home/ros2/assignment/install/ackermann_msgs/local/lib/python3.10/dist-packages/ackermann_msgs/msg/_ackermann_drive_stamped.py
[1.175s] -- Up-to-date: /home/ros2/assignment/install/ackermann_msgs/local/lib/python3.10/dist-packages/ackermann_msgs/msg/_ackermann_drive.py
[1.175s] -- Up-to-date: /home/ros2/assignment/install/ackermann_msgs/local/lib/python3.10/dist-packages/ackermann_msgs/msg/_ackermann_drive_s.c
[1.175s] -- Up-to-date: /home/ros2/assignment/install/ackermann_msgs/local/lib/python3.10/dist-packages/ackermann_msgs/msg/_ackermann_drive_stamped_s.c
[1.241s] Listing '/home/ros2/assignment/install/ackermann_msgs/local/lib/python3.10/dist-packages/ackermann_msgs'...
[1.242s] Listing '/home/ros2/assignment/install/ackermann_msgs/local/lib/python3.10/dist-packages/ackermann_msgs/msg'...
[1.255s] -- Up-to-date: /home/ros2/assignment/install/ackermann_msgs/local/lib/python3.10/dist-packages/ackermann_msgs/ackermann_msgs_s__rosidl_typesupport_fastrtps_c.cpython-310-x86_64-linux-gnu.so
[1.255s] -- Up-to-date: /home/ros2/assignment/install/ackermann_msgs/local/lib/python3.10/dist-packages/ackermann_msgs/ackermann_msgs_s__rosidl_typesupport_introspection_c.cpython-310-x86_64-linux-gnu.so
[1.256s] -- Up-to-date: /home/ros2/assignment/install/ackermann_msgs/local/lib/python3.10/dist-packages/ackermann_msgs/ackermann_msgs_s__rosidl_typesupport_c.cpython-310-x86_64-linux-gnu.so
[1.258s] -- Up-to-date: /home/ros2/assignment/install/ackermann_msgs/lib/libackermann_msgs__rosidl_generator_py.so
[1.258s] -- Up-to-date: /home/ros2/assignment/install/ackermann_msgs/share/ackermann_msgs/msg/AckermannDrive.idl
[1.258s] -- Up-to-date: /home/ros2/assignment/install/ackermann_msgs/share/ackermann_msgs/msg/AckermannDriveStamped.idl
[1.259s] -- Up-to-date: /home/ros2/assignment/install/ackermann_msgs/share/ackermann_msgs/msg/AckermannDrive.msg
[1.259s] -- Up-to-date: /home/ros2/assignment/install/ackermann_msgs/share/ackermann_msgs/msg/AckermannDriveStamped.msg
[1.259s] -- Up-to-date: /home/ros2/assignment/install/ackermann_msgs/share/ament_index/resource_index/package_run_dependencies/ackermann_msgs
[1.259s] -- Up-to-date: /home/ros2/assignment/install/ackermann_msgs/share/ament_index/resource_index/parent_prefix_path/ackermann_msgs
[1.260s] -- Up-to-date: /home/ros2/assignment/install/ackermann_msgs/share/ackermann_msgs/environment/ament_prefix_path.sh
[1.263s] -- Up-to-date: /home/ros2/assignment/install/ackermann_msgs/share/ackermann_msgs/environment/ament_prefix_path.dsv
[1.264s] -- Up-to-date: /home/ros2/assignment/install/ackermann_msgs/share/ackermann_msgs/environment/path.sh
[1.264s] -- Up-to-date: /home/ros2/assignment/install/ackermann_msgs/share/ackermann_msgs/environment/path.dsv
[1.264s] -- Up-to-date: /home/ros2/assignment/install/ackermann_msgs/share/ackermann_msgs/local_setup.bash
[1.264s] -- Up-to-date: /home/ros2/assignment/install/ackermann_msgs/share/ackermann_msgs/local_setup.sh
[1.264s] -- Up-to-date: /home/ros2/assignment/install/ackermann_msgs/share/ackermann_msgs/local_setup.zsh
[1.265s] -- Up-to-date: /home/ros2/assignment/install/ackermann_msgs/share/ackermann_msgs/local_setup.dsv
[1.265s] -- Installing: /home/ros2/assignment/install/ackermann_msgs/share/ackermann_msgs/package.dsv
[1.265s] -- Up-to-date: /home/ros2/assignment/install/ackermann_msgs/share/ament_index/resource_index/packages/ackermann_msgs
[1.265s] -- Up-to-date: /home/ros2/assignment/install/ackermann_msgs/share/ackermann_msgs/cmake/export_ackermann_msgs__rosidl_generator_cExport.cmake
[1.266s] -- Up-to-date: /home/ros2/assignment/install/ackermann_msgs/share/ackermann_msgs/cmake/export_ackermann_msgs__rosidl_generator_cExport-noconfig.cmake
[1.266s] -- Up-to-date: /home/ros2/assignment/install/ackermann_msgs/share/ackermann_msgs/cmake/export_ackermann_msgs__rosidl_typesupport_fastrtps_cExport.cmake
[1.266s] -- Up-to-date: /home/ros2/assignment/install/ackermann_msgs/share/ackermann_msgs/cmake/export_ackermann_msgs__rosidl_typesupport_fastrtps_cExport-noconfig.cmake
[1.268s] -- Up-to-date: /home/ros2/assignment/install/ackermann_msgs/share/ackermann_msgs/cmake/ackermann_msgs__rosidl_typesupport_introspection_cExport.cmake
[1.268s] -- Up-to-date: /home/ros2/assignment/install/ackermann_msgs/share/ackermann_msgs/cmake/ackermann_msgs__rosidl_typesupport_introspection_cExport-noconfig.cmake
[1.269s] -- Up-to-date: /home/ros2/assignment/install/ackermann_msgs/share/ackermann_msgs/cmake/ackermann_msgs__rosidl_typesupport_cExport.cmake
[1.269s] -- Up-to-date: /home/ros2/assignment/install/ackermann_msgs/share/ackermann_msgs/cmake/ackermann_msgs__rosidl_typesupport_cExport-noconfig.cmake
[1.269s] -- Up-to-date: /home/ros2/assignment/install/ackermann_msgs/share/ackermann_msgs/cmake/export_ackermann_msgs__rosidl_generator_cppExport.cmake
[1.270s] -- Up-to-date: /home/ros2/assignment/install/ackermann_msgs/share/ackermann_msgs/cmake/export_ackermann_msgs__rosidl_typesupport_fastrtps_cppExport.cmake
[1.270s] -- Up-to-date: /home/ros2/assignment/install/ackermann_msgs/share/ackermann_msgs/cmake/export_ackermann_msgs__rosidl_typesupport_fastrtps_cppExport-noconfig.cmake
[1.270s] -- Up-to-date: /home/ros2/assignment/install/ackermann_msgs/share/ackermann_msgs/cmake/ackermann_msgs__rosidl_typesupport_introspection_cppExport.cmake
[1.270s] -- Up-to-date: /home/ros2/assignment/install/ackermann_msgs/share/ackermann_msgs/cmake/ackermann_msgs__rosidl_typesupport_introspection_cppExport-noconfig.cmake
[1.273s] -- Up-to-date: /home/ros2/assignment/install/ackermann_msgs/share/ackermann_msgs/cmake/ackermann_msgs__rosidl_typesupport_cppExport.cmake
[1.274s] -- Up-to-date: /home/ros2/assignment/install/ackermann_msgs/share/ackermann_msgs/cmake/ackermann_msgs__rosidl_typesupport_cppExport-noconfig.cmake
[1.274s] -- Up-to-date: /home/ros2/assignment/install/ackermann_msgs/share/ackermann_msgs/cmake/export_ackermann_msgs__rosidl_generator_pyExport.cmake
[1.275s] -- Up-to-date: /home/ros2/assignment/install/ackermann_msgs/share/ackermann_msgs/cmake/export_ackermann_msgs__rosidl_generator_pyExport-noconfig.cmake
[1.275s] -- Up-to-date: /home/ros2/assignment/install/ackermann_msgs/share/ackermann_msgs/cmake/rosidl_cmake-extras.cmake
[1.275s] -- Up-to-date: /home/ros2/assignment/install/ackermann_msgs/share/ackermann_msgs/cmake/ament_cmake_export_dependencies-extras.cmake
[1.275s] -- Up-to-date: /home/ros2/assignment/install/ackermann_msgs/share/ackermann_msgs/cmake/ament_cmake_export_include_directories-extras.cmake
[1.275s] -- Up-to-date: /home/ros2/assignment/install/ackermann_msgs/share/ackermann_msgs/cmake/ament_cmake_export_libraries-extras.cmake
[1.276s] -- Up-to-date: /home/ros2/assignment/install/ackermann_msgs/share/ackermann_msgs/cmake/ament_cmake_export_targets-extras.cmake
[1.276s] -- Up-to-date: /home/ros2/assignment/install/ackermann_msgs/share/ackermann_msgs/cmake/rosidl_cmake_export_typesupport_targets-extras.cmake
[1.276s] -- Up-to-date: /home/ros2/assignment/install/ackermann_msgs/share/ackermann_msgs/cmake/rosidl_cmake_export_typesupport_libraries-extras.cmake
[1.277s] -- Up-to-date: /home/ros2/assignment/install/ackermann_msgs/share/ackermann_msgs/cmake/ackermann_msgsConfig.cmake
[1.277s] -- Up-to-date: /home/ros2/assignment/install/ackermann_msgs/share/ackermann_msgs/cmake/ackermann_msgsConfig-version.cmake
[1.278s] -- Up-to-date: /home/ros2/assignment/install/ackermann_msgs/share/ackermann_msgs/package.xml
[1.353s] Invoked command in '/home/ros2/assignment/build/ackermann_msgs' returned '0': CMAKE_PREFIX_PATH=${CMAKE_PREFIX_PATH}:/opt/ros/humble /usr/bin/cmake --install /home/ros2/assignment/build/ackermann_msgs
