[0.018s] Invoking command in '/home/ros2/assignment/build/smart_car': AMENT_PREFIX_PATH=/home/ros2/assignment/install/smartcar_msgs:${AMENT_PREFIX_PATH} CMAKE_PREFIX_PATH=/home/ros2/assignment/install/smartcar_msgs:/opt/ros/humble LD_LIBRARY_PATH=/home/ros2/assignment/install/smartcar_msgs/lib:/usr/lib/x86_64-linux-gnu/gazebo-11/plugins:/opt/ros/humble/opt/rviz_ogre_vendor/lib:/opt/ros/humble/lib/x86_64-linux-gnu:/opt/ros/humble/lib:/usr/lib/x86_64-linux-gnu/gazebo-11/plugins:/usr/lib/x86_64-linux-gnu/gazebo-11/plugins:/usr/lib/x86_64-linux-gnu/gazebo-11/plugins PYTHONPATH=/home/ros2/assignment/install/smartcar_msgs/local/lib/python3.10/dist-packages:${PYTHONPATH} /usr/bin/cmake --build /home/ros2/assignment/build/smart_car -- -j8 -l8
[0.106s] -- Found ament_cmake: 1.3.12 (/opt/ros/humble/share/ament_cmake/cmake)
[0.314s] -- Found rclcpp: 16.0.15 (/opt/ros/humble/share/rclcpp/cmake)
[0.372s] -- Found rosidl_generator_c: 3.1.7 (/opt/ros/humble/share/rosidl_generator_c/cmake)
[0.378s] -- Found rosidl_adapter: 3.1.7 (/opt/ros/humble/share/rosidl_adapter/cmake)
[0.393s] -- Found rosidl_generator_cpp: 3.1.7 (/opt/ros/humble/share/rosidl_generator_cpp/cmake)
[0.408s] -- Using all available rosidl_typesupport_c: rosidl_typesupport_fastrtps_c;rosidl_typesupport_introspection_c
[0.432s] -- Using all available rosidl_typesupport_cpp: rosidl_typesupport_fastrtps_cpp;rosidl_typesupport_introspection_cpp
[0.510s] -- Found rmw_implementation_cmake: 6.1.2 (/opt/ros/humble/share/rmw_implementation_cmake/cmake)
[0.515s] -- Found rmw_cyclonedds_cpp: 1.3.4 (/opt/ros/humble/share/rmw_cyclonedds_cpp/cmake)
[0.564s] -- Using RMW implementation 'rmw_cyclonedds_cpp' as default
[0.690s] -- Found smartcar_msgs: 0.0.0 (/home/ros2/assignment/install/smartcar_msgs/share/smartcar_msgs/cmake)
[0.819s] -- Configuring done
[0.831s] -- Generating done
[0.835s] -- Build files have been written to: /home/ros2/assignment/build/smart_car
[0.875s] Invoked command in '/home/ros2/assignment/build/smart_car' returned '0': AMENT_PREFIX_PATH=/home/ros2/assignment/install/smartcar_msgs:${AMENT_PREFIX_PATH} CMAKE_PREFIX_PATH=/home/ros2/assignment/install/smartcar_msgs:/opt/ros/humble LD_LIBRARY_PATH=/home/ros2/assignment/install/smartcar_msgs/lib:/usr/lib/x86_64-linux-gnu/gazebo-11/plugins:/opt/ros/humble/opt/rviz_ogre_vendor/lib:/opt/ros/humble/lib/x86_64-linux-gnu:/opt/ros/humble/lib:/usr/lib/x86_64-linux-gnu/gazebo-11/plugins:/usr/lib/x86_64-linux-gnu/gazebo-11/plugins:/usr/lib/x86_64-linux-gnu/gazebo-11/plugins PYTHONPATH=/home/ros2/assignment/install/smartcar_msgs/local/lib/python3.10/dist-packages:${PYTHONPATH} /usr/bin/cmake --build /home/ros2/assignment/build/smart_car -- -j8 -l8
[0.879s] Invoking command in '/home/ros2/assignment/build/smart_car': AMENT_PREFIX_PATH=/home/ros2/assignment/install/smartcar_msgs:${AMENT_PREFIX_PATH} CMAKE_PREFIX_PATH=/home/ros2/assignment/install/smartcar_msgs:/opt/ros/humble LD_LIBRARY_PATH=/home/ros2/assignment/install/smartcar_msgs/lib:/usr/lib/x86_64-linux-gnu/gazebo-11/plugins:/opt/ros/humble/opt/rviz_ogre_vendor/lib:/opt/ros/humble/lib/x86_64-linux-gnu:/opt/ros/humble/lib:/usr/lib/x86_64-linux-gnu/gazebo-11/plugins:/usr/lib/x86_64-linux-gnu/gazebo-11/plugins:/usr/lib/x86_64-linux-gnu/gazebo-11/plugins PYTHONPATH=/home/ros2/assignment/install/smartcar_msgs/local/lib/python3.10/dist-packages:${PYTHONPATH} /usr/bin/cmake --install /home/ros2/assignment/build/smart_car
[0.889s] -- Install configuration: ""
[0.889s] -- Up-to-date: /home/ros2/assignment/install/smart_car/lib/smart_car/wheel_odometry
[0.890s] -- Up-to-date: /home/ros2/assignment/install/smart_car/lib/smart_car/joint_state_publisher
[0.890s] -- Up-to-date: /home/ros2/assignment/install/smart_car/share/smart_car/launch/gazebo.launch.py
[0.890s] -- Up-to-date: /home/ros2/assignment/install/smart_car/share/smart_car/launch/smartcar.launch.py
[0.890s] -- Up-to-date: /home/ros2/assignment/install/smart_car/share/smart_car/launch/localization.launch.py
[0.890s] -- Up-to-date: /home/ros2/assignment/install/smart_car/share/smart_car/launch
[0.891s] -- Up-to-date: /home/ros2/assignment/install/smart_car/share/smart_car/launch/gazebo.launch.py
[0.891s] -- Up-to-date: /home/ros2/assignment/install/smart_car/share/smart_car/launch/localization.launch.py
[0.891s] -- Up-to-date: /home/ros2/assignment/install/smart_car/share/smart_car/launch/smartcar.launch.py
[0.891s] -- Up-to-date: /home/ros2/assignment/install/smart_car/share/smart_car/urdf
[0.891s] -- Up-to-date: /home/ros2/assignment/install/smart_car/share/smart_car/urdf/smartcar.urdf.xacro
[0.891s] -- Up-to-date: /home/ros2/assignment/install/smart_car/share/smart_car/urdf/smartcar.urdf
[0.891s] -- Up-to-date: /home/ros2/assignment/install/smart_car/share/smart_car/rviz
[0.892s] -- Up-to-date: /home/ros2/assignment/install/smart_car/share/smart_car/rviz/smartcar.rviz
[0.892s] -- Up-to-date: /home/ros2/assignment/install/smart_car/share/smart_car/world
[0.893s] -- Up-to-date: /home/ros2/assignment/install/smart_car/share/smart_car/world/smalltown.world
[0.893s] -- Up-to-date: /home/ros2/assignment/install/smart_car/share/smart_car/nav2_map
[0.893s] -- Up-to-date: /home/ros2/assignment/install/smart_car/share/smart_car/nav2_map/smalltown_world.yaml
[0.893s] -- Up-to-date: /home/ros2/assignment/install/smart_car/share/smart_car/nav2_map/smalltown_world.pgm
[0.894s] -- Up-to-date: /home/ros2/assignment/install/smart_car/share/smart_car/config
[0.894s] -- Up-to-date: /home/ros2/assignment/install/smart_car/share/smart_car/config/ekf_local.yaml
[0.894s] -- Up-to-date: /home/ros2/assignment/install/smart_car/share/ament_index/resource_index/package_run_dependencies/smart_car
[0.895s] -- Installing: /home/ros2/assignment/install/smart_car/share/ament_index/resource_index/parent_prefix_path/smart_car
[0.896s] -- Installing: /home/ros2/assignment/install/smart_car/share/smart_car/environment/ament_prefix_path.sh
[0.896s] -- Installing: /home/ros2/assignment/install/smart_car/share/smart_car/environment/ament_prefix_path.dsv
[0.897s] -- Installing: /home/ros2/assignment/install/smart_car/share/smart_car/environment/path.sh
[0.897s] -- Installing: /home/ros2/assignment/install/smart_car/share/smart_car/environment/path.dsv
[0.898s] -- Up-to-date: /home/ros2/assignment/install/smart_car/share/smart_car/local_setup.bash
[0.898s] -- Up-to-date: /home/ros2/assignment/install/smart_car/share/smart_car/local_setup.sh
[0.898s] -- Up-to-date: /home/ros2/assignment/install/smart_car/share/smart_car/local_setup.zsh
[0.898s] -- Installing: /home/ros2/assignment/install/smart_car/share/smart_car/local_setup.dsv
[0.902s] -- Installing: /home/ros2/assignment/install/smart_car/share/smart_car/package.dsv
[0.903s] -- Up-to-date: /home/ros2/assignment/install/smart_car/share/ament_index/resource_index/packages/smart_car
[0.903s] -- Up-to-date: /home/ros2/assignment/install/smart_car/share/smart_car/cmake/smart_carConfig.cmake
[0.903s] -- Up-to-date: /home/ros2/assignment/install/smart_car/share/smart_car/cmake/smart_carConfig-version.cmake
[0.905s] -- Up-to-date: /home/ros2/assignment/install/smart_car/share/smart_car/package.xml
[0.905s] Invoked command in '/home/ros2/assignment/build/smart_car' returned '0': AMENT_PREFIX_PATH=/home/ros2/assignment/install/smartcar_msgs:${AMENT_PREFIX_PATH} CMAKE_PREFIX_PATH=/home/ros2/assignment/install/smartcar_msgs:/opt/ros/humble LD_LIBRARY_PATH=/home/ros2/assignment/install/smartcar_msgs/lib:/usr/lib/x86_64-linux-gnu/gazebo-11/plugins:/opt/ros/humble/opt/rviz_ogre_vendor/lib:/opt/ros/humble/lib/x86_64-linux-gnu:/opt/ros/humble/lib:/usr/lib/x86_64-linux-gnu/gazebo-11/plugins:/usr/lib/x86_64-linux-gnu/gazebo-11/plugins:/usr/lib/x86_64-linux-gnu/gazebo-11/plugins PYTHONPATH=/home/ros2/assignment/install/smartcar_msgs/local/lib/python3.10/dist-packages:${PYTHONPATH} /usr/bin/cmake --install /home/ros2/assignment/build/smart_car
