[0.097s] Invoking command in '/home/ros2/assignment/build/smart_car': CMAKE_PREFIX_PATH=/home/ros2/assignment/install/smartcar_msgs:/home/ros2/assignment/install/smart_car:/home/ros2/assignment/install/car_gazebo_plugin:/home/ros2/assignment/install/ackermann_msgs:/opt/ros/humble LD_LIBRARY_PATH=/home/ros2/assignment/install/smartcar_msgs/lib:/home/ros2/assignment/install/car_gazebo_plugin/lib:/home/ros2/assignment/install/ackermann_msgs/lib:/usr/lib/x86_64-linux-gnu/gazebo-11/plugins:/opt/ros/humble/opt/rviz_ogre_vendor/lib:/opt/ros/humble/lib/x86_64-linux-gnu:/opt/ros/humble/lib:/usr/lib/x86_64-linux-gnu/gazebo-11/plugins:/usr/lib/x86_64-linux-gnu/gazebo-11/plugins:/usr/lib/x86_64-linux-gnu/gazebo-11/plugins /usr/bin/cmake --build /home/ros2/assignment/build/smart_car -- -j8 -l8
[0.187s] Invoked command in '/home/ros2/assignment/build/smart_car' returned '0': CMAKE_PREFIX_PATH=/home/ros2/assignment/install/smartcar_msgs:/home/ros2/assignment/install/smart_car:/home/ros2/assignment/install/car_gazebo_plugin:/home/ros2/assignment/install/ackermann_msgs:/opt/ros/humble LD_LIBRARY_PATH=/home/ros2/assignment/install/smartcar_msgs/lib:/home/ros2/assignment/install/car_gazebo_plugin/lib:/home/ros2/assignment/install/ackermann_msgs/lib:/usr/lib/x86_64-linux-gnu/gazebo-11/plugins:/opt/ros/humble/opt/rviz_ogre_vendor/lib:/opt/ros/humble/lib/x86_64-linux-gnu:/opt/ros/humble/lib:/usr/lib/x86_64-linux-gnu/gazebo-11/plugins:/usr/lib/x86_64-linux-gnu/gazebo-11/plugins:/usr/lib/x86_64-linux-gnu/gazebo-11/plugins /usr/bin/cmake --build /home/ros2/assignment/build/smart_car -- -j8 -l8
[0.188s] Invoking command in '/home/ros2/assignment/build/smart_car': CMAKE_PREFIX_PATH=/home/ros2/assignment/install/smartcar_msgs:/home/ros2/assignment/install/smart_car:/home/ros2/assignment/install/car_gazebo_plugin:/home/ros2/assignment/install/ackermann_msgs:/opt/ros/humble LD_LIBRARY_PATH=/home/ros2/assignment/install/smartcar_msgs/lib:/home/ros2/assignment/install/car_gazebo_plugin/lib:/home/ros2/assignment/install/ackermann_msgs/lib:/usr/lib/x86_64-linux-gnu/gazebo-11/plugins:/opt/ros/humble/opt/rviz_ogre_vendor/lib:/opt/ros/humble/lib/x86_64-linux-gnu:/opt/ros/humble/lib:/usr/lib/x86_64-linux-gnu/gazebo-11/plugins:/usr/lib/x86_64-linux-gnu/gazebo-11/plugins:/usr/lib/x86_64-linux-gnu/gazebo-11/plugins /usr/bin/cmake --install /home/ros2/assignment/build/smart_car
[0.200s] -- Install configuration: ""
[0.200s] -- Up-to-date: /home/ros2/assignment/install/smart_car/lib/smart_car/wheel_odometry
[0.200s] -- Up-to-date: /home/ros2/assignment/install/smart_car/lib/smart_car/joint_state_publisher
[0.200s] -- Up-to-date: /home/ros2/assignment/install/smart_car/share/smart_car/launch/gazebo.launch.py
[0.200s] -- Up-to-date: /home/ros2/assignment/install/smart_car/share/smart_car/launch/smartcar.launch.py
[0.201s] -- Up-to-date: /home/ros2/assignment/install/smart_car/share/smart_car/launch/localization.launch.py
[0.201s] -- Up-to-date: /home/ros2/assignment/install/smart_car/share/smart_car/launch
[0.201s] -- Up-to-date: /home/ros2/assignment/install/smart_car/share/smart_car/launch/gazebo.launch.py
[0.202s] -- Up-to-date: /home/ros2/assignment/install/smart_car/share/smart_car/launch/localization.launch.py
[0.202s] -- Up-to-date: /home/ros2/assignment/install/smart_car/share/smart_car/launch/smartcar.launch.py
[0.202s] -- Up-to-date: /home/ros2/assignment/install/smart_car/share/smart_car/launch/nav2.launch.py
[0.202s] -- Up-to-date: /home/ros2/assignment/install/smart_car/share/smart_car/urdf
[0.202s] -- Up-to-date: /home/ros2/assignment/install/smart_car/share/smart_car/urdf/smartcar.urdf.xacro
[0.202s] -- Up-to-date: /home/ros2/assignment/install/smart_car/share/smart_car/urdf/smartcar.urdf
[0.203s] -- Up-to-date: /home/ros2/assignment/install/smart_car/share/smart_car/rviz
[0.203s] -- Up-to-date: /home/ros2/assignment/install/smart_car/share/smart_car/rviz/smartcar.rviz
[0.203s] -- Up-to-date: /home/ros2/assignment/install/smart_car/share/smart_car/world
[0.203s] -- Up-to-date: /home/ros2/assignment/install/smart_car/share/smart_car/world/smalltown.world
[0.203s] -- Up-to-date: /home/ros2/assignment/install/smart_car/share/smart_car/nav2_map
[0.204s] -- Up-to-date: /home/ros2/assignment/install/smart_car/share/smart_car/nav2_map/smalltown_world.yaml
[0.204s] -- Up-to-date: /home/ros2/assignment/install/smart_car/share/smart_car/nav2_map/smalltown_world.pgm
[0.204s] -- Up-to-date: /home/ros2/assignment/install/smart_car/share/smart_car/config
[0.204s] -- Installing: /home/ros2/assignment/install/smart_car/share/smart_car/config/nav2_params.yaml
[0.205s] -- Up-to-date: /home/ros2/assignment/install/smart_car/share/smart_car/config/ekf_local.yaml
[0.205s] -- Up-to-date: /home/ros2/assignment/install/smart_car/share/ament_index/resource_index/package_run_dependencies/smart_car
[0.205s] -- Up-to-date: /home/ros2/assignment/install/smart_car/share/ament_index/resource_index/parent_prefix_path/smart_car
[0.205s] -- Up-to-date: /home/ros2/assignment/install/smart_car/share/smart_car/environment/ament_prefix_path.sh
[0.207s] -- Up-to-date: /home/ros2/assignment/install/smart_car/share/smart_car/environment/ament_prefix_path.dsv
[0.207s] -- Up-to-date: /home/ros2/assignment/install/smart_car/share/smart_car/environment/path.sh
[0.207s] -- Up-to-date: /home/ros2/assignment/install/smart_car/share/smart_car/environment/path.dsv
[0.208s] -- Up-to-date: /home/ros2/assignment/install/smart_car/share/smart_car/local_setup.bash
[0.208s] -- Up-to-date: /home/ros2/assignment/install/smart_car/share/smart_car/local_setup.sh
[0.208s] -- Up-to-date: /home/ros2/assignment/install/smart_car/share/smart_car/local_setup.zsh
[0.208s] -- Up-to-date: /home/ros2/assignment/install/smart_car/share/smart_car/local_setup.dsv
[0.208s] -- Installing: /home/ros2/assignment/install/smart_car/share/smart_car/package.dsv
[0.208s] -- Up-to-date: /home/ros2/assignment/install/smart_car/share/ament_index/resource_index/packages/smart_car
[0.208s] -- Up-to-date: /home/ros2/assignment/install/smart_car/share/smart_car/cmake/smart_carConfig.cmake
[0.208s] -- Up-to-date: /home/ros2/assignment/install/smart_car/share/smart_car/cmake/smart_carConfig-version.cmake
[0.209s] -- Up-to-date: /home/ros2/assignment/install/smart_car/share/smart_car/package.xml
[0.209s] Invoked command in '/home/ros2/assignment/build/smart_car' returned '0': CMAKE_PREFIX_PATH=/home/ros2/assignment/install/smartcar_msgs:/home/ros2/assignment/install/smart_car:/home/ros2/assignment/install/car_gazebo_plugin:/home/ros2/assignment/install/ackermann_msgs:/opt/ros/humble LD_LIBRARY_PATH=/home/ros2/assignment/install/smartcar_msgs/lib:/home/ros2/assignment/install/car_gazebo_plugin/lib:/home/ros2/assignment/install/ackermann_msgs/lib:/usr/lib/x86_64-linux-gnu/gazebo-11/plugins:/opt/ros/humble/opt/rviz_ogre_vendor/lib:/opt/ros/humble/lib/x86_64-linux-gnu:/opt/ros/humble/lib:/usr/lib/x86_64-linux-gnu/gazebo-11/plugins:/usr/lib/x86_64-linux-gnu/gazebo-11/plugins:/usr/lib/x86_64-linux-gnu/gazebo-11/plugins /usr/bin/cmake --install /home/ros2/assignment/build/smart_car
