[0.051s] Invoking command in '/home/ros2/assignment/build/smartcar_msgs': CMAKE_PREFIX_PATH=${CMAKE_PREFIX_PATH}:/opt/ros/humble /usr/bin/cmake --build /home/ros2/assignment/build/smartcar_msgs -- -j8 -l8
[0.196s] [  3%] Built target smartcar_msgs__cpp
[0.209s] [ 12%] Built target smartcar_msgs__rosidl_generator_c
[0.213s] [ 12%] Built target ament_cmake_python_copy_smartcar_msgs
[0.305s] [ 22%] Built target smartcar_msgs__rosidl_typesupport_fastrtps_cpp
[0.321s] [ 32%] Built target smartcar_msgs__rosidl_typesupport_introspection_cpp
[0.321s] [ 41%] Built target smartcar_msgs__rosidl_typesupport_c
[0.327s] [ 51%] Built target smartcar_msgs__rosidl_typesupport_fastrtps_c
[0.331s] [ 61%] Built target smartcar_msgs__rosidl_typesupport_cpp
[0.348s] [ 70%] Built target smartcar_msgs__rosidl_typesupport_introspection_c
[0.404s] [ 70%] Built target smartcar_msgs
[0.443s] [ 74%] Built target smartcar_msgs__py
[0.486s] [ 80%] Built target smartcar_msgs__rosidl_generator_py
[0.543s] [ 87%] Built target smartcar_msgs__rosidl_typesupport_introspection_c__pyext
[0.543s] [ 93%] Built target smartcar_msgs__rosidl_typesupport_fastrtps_c__pyext
[0.565s] [100%] Built target smartcar_msgs__rosidl_typesupport_c__pyext
[0.818s] running egg_info
[0.819s] writing smartcar_msgs.egg-info/PKG-INFO
[0.820s] writing dependency_links to smartcar_msgs.egg-info/dependency_links.txt
[0.821s] writing top-level names to smartcar_msgs.egg-info/top_level.txt
[0.826s] reading manifest file 'smartcar_msgs.egg-info/SOURCES.txt'
[0.827s] writing manifest file 'smartcar_msgs.egg-info/SOURCES.txt'
[0.888s] [100%] Built target ament_cmake_python_build_smartcar_msgs_egg
[0.909s] Invoked command in '/home/ros2/assignment/build/smartcar_msgs' returned '0': CMAKE_PREFIX_PATH=${CMAKE_PREFIX_PATH}:/opt/ros/humble /usr/bin/cmake --build /home/ros2/assignment/build/smartcar_msgs -- -j8 -l8
[0.926s] Invoking command in '/home/ros2/assignment/build/smartcar_msgs': CMAKE_PREFIX_PATH=${CMAKE_PREFIX_PATH}:/opt/ros/humble /usr/bin/cmake --install /home/ros2/assignment/build/smartcar_msgs
[0.940s] -- Install configuration: ""
[0.941s] -- Up-to-date: /home/ros2/assignment/install/smartcar_msgs/share/ament_index/resource_index/rosidl_interfaces/smartcar_msgs
[0.941s] -- Up-to-date: /home/ros2/assignment/install/smartcar_msgs/include/smartcar_msgs/smartcar_msgs
[0.941s] -- Up-to-date: /home/ros2/assignment/install/smartcar_msgs/include/smartcar_msgs/smartcar_msgs/msg
[0.942s] -- Up-to-date: /home/ros2/assignment/install/smartcar_msgs/include/smartcar_msgs/smartcar_msgs/msg/status.h
[0.942s] -- Up-to-date: /home/ros2/assignment/install/smartcar_msgs/include/smartcar_msgs/smartcar_msgs/msg/rosidl_generator_c__visibility_control.h
[0.942s] -- Up-to-date: /home/ros2/assignment/install/smartcar_msgs/include/smartcar_msgs/smartcar_msgs/msg/detail
[0.942s] -- Up-to-date: /home/ros2/assignment/install/smartcar_msgs/include/smartcar_msgs/smartcar_msgs/msg/detail/status__type_support.h
[0.942s] -- Up-to-date: /home/ros2/assignment/install/smartcar_msgs/include/smartcar_msgs/smartcar_msgs/msg/detail/status__functions.h
[0.942s] -- Up-to-date: /home/ros2/assignment/install/smartcar_msgs/include/smartcar_msgs/smartcar_msgs/msg/detail/status__struct.h
[0.942s] -- Up-to-date: /home/ros2/assignment/install/smartcar_msgs/include/smartcar_msgs/smartcar_msgs/msg/detail/status__functions.c
[0.943s] -- Up-to-date: /home/ros2/assignment/install/smartcar_msgs/share/smartcar_msgs/environment/library_path.sh
[0.943s] -- Up-to-date: /home/ros2/assignment/install/smartcar_msgs/share/smartcar_msgs/environment/library_path.dsv
[0.943s] -- Up-to-date: /home/ros2/assignment/install/smartcar_msgs/lib/libsmartcar_msgs__rosidl_generator_c.so
[0.943s] -- Up-to-date: /home/ros2/assignment/install/smartcar_msgs/include/smartcar_msgs/smartcar_msgs
[0.943s] -- Up-to-date: /home/ros2/assignment/install/smartcar_msgs/include/smartcar_msgs/smartcar_msgs/msg
[0.944s] -- Up-to-date: /home/ros2/assignment/install/smartcar_msgs/include/smartcar_msgs/smartcar_msgs/msg/rosidl_typesupport_fastrtps_c__visibility_control.h
[0.944s] -- Up-to-date: /home/ros2/assignment/install/smartcar_msgs/include/smartcar_msgs/smartcar_msgs/msg/detail
[0.944s] -- Up-to-date: /home/ros2/assignment/install/smartcar_msgs/include/smartcar_msgs/smartcar_msgs/msg/detail/status__rosidl_typesupport_fastrtps_c.h
[0.944s] -- Up-to-date: /home/ros2/assignment/install/smartcar_msgs/lib/libsmartcar_msgs__rosidl_typesupport_fastrtps_c.so
[0.945s] -- Up-to-date: /home/ros2/assignment/install/smartcar_msgs/include/smartcar_msgs/smartcar_msgs
[0.945s] -- Up-to-date: /home/ros2/assignment/install/smartcar_msgs/include/smartcar_msgs/smartcar_msgs/msg
[0.945s] -- Up-to-date: /home/ros2/assignment/install/smartcar_msgs/include/smartcar_msgs/smartcar_msgs/msg/detail
[0.945s] -- Up-to-date: /home/ros2/assignment/install/smartcar_msgs/include/smartcar_msgs/smartcar_msgs/msg/detail/status__type_support.c
[0.945s] -- Up-to-date: /home/ros2/assignment/install/smartcar_msgs/include/smartcar_msgs/smartcar_msgs/msg/detail/status__rosidl_typesupport_introspection_c.h
[0.946s] -- Up-to-date: /home/ros2/assignment/install/smartcar_msgs/include/smartcar_msgs/smartcar_msgs/msg/rosidl_typesupport_introspection_c__visibility_control.h
[0.946s] -- Up-to-date: /home/ros2/assignment/install/smartcar_msgs/lib/libsmartcar_msgs__rosidl_typesupport_introspection_c.so
[0.950s] -- Up-to-date: /home/ros2/assignment/install/smartcar_msgs/lib/libsmartcar_msgs__rosidl_typesupport_c.so
[0.950s] -- Up-to-date: /home/ros2/assignment/install/smartcar_msgs/include/smartcar_msgs/smartcar_msgs
[0.950s] -- Up-to-date: /home/ros2/assignment/install/smartcar_msgs/include/smartcar_msgs/smartcar_msgs/msg
[0.950s] -- Up-to-date: /home/ros2/assignment/install/smartcar_msgs/include/smartcar_msgs/smartcar_msgs/msg/rosidl_generator_cpp__visibility_control.hpp
[0.951s] -- Up-to-date: /home/ros2/assignment/install/smartcar_msgs/include/smartcar_msgs/smartcar_msgs/msg/detail
[0.951s] -- Up-to-date: /home/ros2/assignment/install/smartcar_msgs/include/smartcar_msgs/smartcar_msgs/msg/detail/status__traits.hpp
[0.952s] -- Up-to-date: /home/ros2/assignment/install/smartcar_msgs/include/smartcar_msgs/smartcar_msgs/msg/detail/status__struct.hpp
[0.952s] -- Up-to-date: /home/ros2/assignment/install/smartcar_msgs/include/smartcar_msgs/smartcar_msgs/msg/detail/status__type_support.hpp
[0.952s] -- Up-to-date: /home/ros2/assignment/install/smartcar_msgs/include/smartcar_msgs/smartcar_msgs/msg/detail/status__builder.hpp
[0.952s] -- Up-to-date: /home/ros2/assignment/install/smartcar_msgs/include/smartcar_msgs/smartcar_msgs/msg/status.hpp
[0.953s] -- Up-to-date: /home/ros2/assignment/install/smartcar_msgs/include/smartcar_msgs/smartcar_msgs
[0.953s] -- Up-to-date: /home/ros2/assignment/install/smartcar_msgs/include/smartcar_msgs/smartcar_msgs/msg
[0.953s] -- Up-to-date: /home/ros2/assignment/install/smartcar_msgs/include/smartcar_msgs/smartcar_msgs/msg/rosidl_typesupport_fastrtps_cpp__visibility_control.h
[0.953s] -- Up-to-date: /home/ros2/assignment/install/smartcar_msgs/include/smartcar_msgs/smartcar_msgs/msg/detail
[0.953s] -- Up-to-date: /home/ros2/assignment/install/smartcar_msgs/include/smartcar_msgs/smartcar_msgs/msg/detail/status__rosidl_typesupport_fastrtps_cpp.hpp
[0.953s] -- Up-to-date: /home/ros2/assignment/install/smartcar_msgs/include/smartcar_msgs/smartcar_msgs/msg/detail/dds_fastrtps
[0.954s] -- Up-to-date: /home/ros2/assignment/install/smartcar_msgs/lib/libsmartcar_msgs__rosidl_typesupport_fastrtps_cpp.so
[0.954s] -- Up-to-date: /home/ros2/assignment/install/smartcar_msgs/include/smartcar_msgs/smartcar_msgs
[0.954s] -- Up-to-date: /home/ros2/assignment/install/smartcar_msgs/include/smartcar_msgs/smartcar_msgs/msg
[0.955s] -- Up-to-date: /home/ros2/assignment/install/smartcar_msgs/include/smartcar_msgs/smartcar_msgs/msg/detail
[0.956s] -- Up-to-date: /home/ros2/assignment/install/smartcar_msgs/include/smartcar_msgs/smartcar_msgs/msg/detail/status__type_support.cpp
[0.956s] -- Up-to-date: /home/ros2/assignment/install/smartcar_msgs/include/smartcar_msgs/smartcar_msgs/msg/detail/status__rosidl_typesupport_introspection_cpp.hpp
[0.956s] -- Up-to-date: /home/ros2/assignment/install/smartcar_msgs/lib/libsmartcar_msgs__rosidl_typesupport_introspection_cpp.so
[0.956s] -- Up-to-date: /home/ros2/assignment/install/smartcar_msgs/lib/libsmartcar_msgs__rosidl_typesupport_cpp.so
[0.956s] -- Up-to-date: /home/ros2/assignment/install/smartcar_msgs/share/smartcar_msgs/environment/pythonpath.sh
[0.956s] -- Up-to-date: /home/ros2/assignment/install/smartcar_msgs/share/smartcar_msgs/environment/pythonpath.dsv
[0.957s] -- Up-to-date: /home/ros2/assignment/install/smartcar_msgs/local/lib/python3.10/dist-packages/smartcar_msgs-0.0.0-py3.10.egg-info
[0.957s] -- Installing: /home/ros2/assignment/install/smartcar_msgs/local/lib/python3.10/dist-packages/smartcar_msgs-0.0.0-py3.10.egg-info/SOURCES.txt
[0.957s] -- Installing: /home/ros2/assignment/install/smartcar_msgs/local/lib/python3.10/dist-packages/smartcar_msgs-0.0.0-py3.10.egg-info/PKG-INFO
[0.957s] -- Installing: /home/ros2/assignment/install/smartcar_msgs/local/lib/python3.10/dist-packages/smartcar_msgs-0.0.0-py3.10.egg-info/top_level.txt
[0.957s] -- Installing: /home/ros2/assignment/install/smartcar_msgs/local/lib/python3.10/dist-packages/smartcar_msgs-0.0.0-py3.10.egg-info/dependency_links.txt
[0.957s] -- Up-to-date: /home/ros2/assignment/install/smartcar_msgs/local/lib/python3.10/dist-packages/smartcar_msgs
[0.957s] -- Up-to-date: /home/ros2/assignment/install/smartcar_msgs/local/lib/python3.10/dist-packages/smartcar_msgs/__init__.py
[0.957s] -- Up-to-date: /home/ros2/assignment/install/smartcar_msgs/local/lib/python3.10/dist-packages/smartcar_msgs/libsmartcar_msgs__rosidl_generator_py.so
[0.957s] -- Up-to-date: /home/ros2/assignment/install/smartcar_msgs/local/lib/python3.10/dist-packages/smartcar_msgs/smartcar_msgs_s__rosidl_typesupport_introspection_c.cpython-310-x86_64-linux-gnu.so
[0.958s] -- Up-to-date: /home/ros2/assignment/install/smartcar_msgs/local/lib/python3.10/dist-packages/smartcar_msgs/_smartcar_msgs_s.ep.rosidl_typesupport_c.c
[0.958s] -- Up-to-date: /home/ros2/assignment/install/smartcar_msgs/local/lib/python3.10/dist-packages/smartcar_msgs/_smartcar_msgs_s.ep.rosidl_typesupport_fastrtps_c.c
[0.958s] -- Up-to-date: /home/ros2/assignment/install/smartcar_msgs/local/lib/python3.10/dist-packages/smartcar_msgs/smartcar_msgs_s__rosidl_typesupport_fastrtps_c.cpython-310-x86_64-linux-gnu.so
[0.958s] -- Up-to-date: /home/ros2/assignment/install/smartcar_msgs/local/lib/python3.10/dist-packages/smartcar_msgs/smartcar_msgs_s__rosidl_typesupport_c.cpython-310-x86_64-linux-gnu.so
[0.958s] -- Up-to-date: /home/ros2/assignment/install/smartcar_msgs/local/lib/python3.10/dist-packages/smartcar_msgs/_smartcar_msgs_s.ep.rosidl_typesupport_introspection_c.c
[0.958s] -- Up-to-date: /home/ros2/assignment/install/smartcar_msgs/local/lib/python3.10/dist-packages/smartcar_msgs/msg
[0.958s] -- Up-to-date: /home/ros2/assignment/install/smartcar_msgs/local/lib/python3.10/dist-packages/smartcar_msgs/msg/__init__.py
[0.960s] -- Up-to-date: /home/ros2/assignment/install/smartcar_msgs/local/lib/python3.10/dist-packages/smartcar_msgs/msg/_status_s.c
[0.961s] -- Up-to-date: /home/ros2/assignment/install/smartcar_msgs/local/lib/python3.10/dist-packages/smartcar_msgs/msg/_status.py
[1.005s] Listing '/home/ros2/assignment/install/smartcar_msgs/local/lib/python3.10/dist-packages/smartcar_msgs'...
[1.006s] Listing '/home/ros2/assignment/install/smartcar_msgs/local/lib/python3.10/dist-packages/smartcar_msgs/msg'...
[1.013s] -- Up-to-date: /home/ros2/assignment/install/smartcar_msgs/local/lib/python3.10/dist-packages/smartcar_msgs/smartcar_msgs_s__rosidl_typesupport_fastrtps_c.cpython-310-x86_64-linux-gnu.so
[1.013s] -- Up-to-date: /home/ros2/assignment/install/smartcar_msgs/local/lib/python3.10/dist-packages/smartcar_msgs/smartcar_msgs_s__rosidl_typesupport_introspection_c.cpython-310-x86_64-linux-gnu.so
[1.014s] -- Up-to-date: /home/ros2/assignment/install/smartcar_msgs/local/lib/python3.10/dist-packages/smartcar_msgs/smartcar_msgs_s__rosidl_typesupport_c.cpython-310-x86_64-linux-gnu.so
[1.014s] -- Up-to-date: /home/ros2/assignment/install/smartcar_msgs/lib/libsmartcar_msgs__rosidl_generator_py.so
[1.015s] -- Up-to-date: /home/ros2/assignment/install/smartcar_msgs/share/smartcar_msgs/msg/Status.idl
[1.015s] -- Up-to-date: /home/ros2/assignment/install/smartcar_msgs/share/smartcar_msgs/msg/Status.msg
[1.015s] -- Up-to-date: /home/ros2/assignment/install/smartcar_msgs/share/ament_index/resource_index/package_run_dependencies/smartcar_msgs
[1.015s] -- Up-to-date: /home/ros2/assignment/install/smartcar_msgs/share/ament_index/resource_index/parent_prefix_path/smartcar_msgs
[1.016s] -- Up-to-date: /home/ros2/assignment/install/smartcar_msgs/share/smartcar_msgs/environment/ament_prefix_path.sh
[1.016s] -- Up-to-date: /home/ros2/assignment/install/smartcar_msgs/share/smartcar_msgs/environment/ament_prefix_path.dsv
[1.016s] -- Up-to-date: /home/ros2/assignment/install/smartcar_msgs/share/smartcar_msgs/environment/path.sh
[1.016s] -- Up-to-date: /home/ros2/assignment/install/smartcar_msgs/share/smartcar_msgs/environment/path.dsv
[1.016s] -- Up-to-date: /home/ros2/assignment/install/smartcar_msgs/share/smartcar_msgs/local_setup.bash
[1.016s] -- Up-to-date: /home/ros2/assignment/install/smartcar_msgs/share/smartcar_msgs/local_setup.sh
[1.017s] -- Up-to-date: /home/ros2/assignment/install/smartcar_msgs/share/smartcar_msgs/local_setup.zsh
[1.017s] -- Up-to-date: /home/ros2/assignment/install/smartcar_msgs/share/smartcar_msgs/local_setup.dsv
[1.017s] -- Installing: /home/ros2/assignment/install/smartcar_msgs/share/smartcar_msgs/package.dsv
[1.018s] -- Up-to-date: /home/ros2/assignment/install/smartcar_msgs/share/ament_index/resource_index/packages/smartcar_msgs
[1.019s] -- Up-to-date: /home/ros2/assignment/install/smartcar_msgs/share/smartcar_msgs/cmake/export_smartcar_msgs__rosidl_generator_cExport.cmake
[1.019s] -- Up-to-date: /home/ros2/assignment/install/smartcar_msgs/share/smartcar_msgs/cmake/export_smartcar_msgs__rosidl_generator_cExport-noconfig.cmake
[1.022s] -- Up-to-date: /home/ros2/assignment/install/smartcar_msgs/share/smartcar_msgs/cmake/export_smartcar_msgs__rosidl_typesupport_fastrtps_cExport.cmake
[1.023s] -- Up-to-date: /home/ros2/assignment/install/smartcar_msgs/share/smartcar_msgs/cmake/export_smartcar_msgs__rosidl_typesupport_fastrtps_cExport-noconfig.cmake
[1.023s] -- Up-to-date: /home/ros2/assignment/install/smartcar_msgs/share/smartcar_msgs/cmake/smartcar_msgs__rosidl_typesupport_introspection_cExport.cmake
[1.023s] -- Up-to-date: /home/ros2/assignment/install/smartcar_msgs/share/smartcar_msgs/cmake/smartcar_msgs__rosidl_typesupport_introspection_cExport-noconfig.cmake
[1.023s] -- Up-to-date: /home/ros2/assignment/install/smartcar_msgs/share/smartcar_msgs/cmake/smartcar_msgs__rosidl_typesupport_cExport.cmake
[1.024s] -- Up-to-date: /home/ros2/assignment/install/smartcar_msgs/share/smartcar_msgs/cmake/smartcar_msgs__rosidl_typesupport_cExport-noconfig.cmake
[1.024s] -- Up-to-date: /home/ros2/assignment/install/smartcar_msgs/share/smartcar_msgs/cmake/export_smartcar_msgs__rosidl_generator_cppExport.cmake
[1.024s] -- Up-to-date: /home/ros2/assignment/install/smartcar_msgs/share/smartcar_msgs/cmake/export_smartcar_msgs__rosidl_typesupport_fastrtps_cppExport.cmake
[1.024s] -- Up-to-date: /home/ros2/assignment/install/smartcar_msgs/share/smartcar_msgs/cmake/export_smartcar_msgs__rosidl_typesupport_fastrtps_cppExport-noconfig.cmake
[1.025s] -- Up-to-date: /home/ros2/assignment/install/smartcar_msgs/share/smartcar_msgs/cmake/smartcar_msgs__rosidl_typesupport_introspection_cppExport.cmake
[1.025s] -- Up-to-date: /home/ros2/assignment/install/smartcar_msgs/share/smartcar_msgs/cmake/smartcar_msgs__rosidl_typesupport_introspection_cppExport-noconfig.cmake
[1.025s] -- Up-to-date: /home/ros2/assignment/install/smartcar_msgs/share/smartcar_msgs/cmake/smartcar_msgs__rosidl_typesupport_cppExport.cmake
[1.025s] -- Up-to-date: /home/ros2/assignment/install/smartcar_msgs/share/smartcar_msgs/cmake/smartcar_msgs__rosidl_typesupport_cppExport-noconfig.cmake
[1.025s] -- Up-to-date: /home/ros2/assignment/install/smartcar_msgs/share/smartcar_msgs/cmake/export_smartcar_msgs__rosidl_generator_pyExport.cmake
[1.025s] -- Up-to-date: /home/ros2/assignment/install/smartcar_msgs/share/smartcar_msgs/cmake/export_smartcar_msgs__rosidl_generator_pyExport-noconfig.cmake
[1.025s] -- Up-to-date: /home/ros2/assignment/install/smartcar_msgs/share/smartcar_msgs/cmake/rosidl_cmake-extras.cmake
[1.026s] -- Up-to-date: /home/ros2/assignment/install/smartcar_msgs/share/smartcar_msgs/cmake/ament_cmake_export_include_directories-extras.cmake
[1.026s] -- Up-to-date: /home/ros2/assignment/install/smartcar_msgs/share/smartcar_msgs/cmake/ament_cmake_export_libraries-extras.cmake
[1.027s] -- Up-to-date: /home/ros2/assignment/install/smartcar_msgs/share/smartcar_msgs/cmake/ament_cmake_export_targets-extras.cmake
[1.028s] -- Up-to-date: /home/ros2/assignment/install/smartcar_msgs/share/smartcar_msgs/cmake/rosidl_cmake_export_typesupport_targets-extras.cmake
[1.031s] -- Up-to-date: /home/ros2/assignment/install/smartcar_msgs/share/smartcar_msgs/cmake/ament_cmake_export_dependencies-extras.cmake
[1.035s] -- Up-to-date: /home/ros2/assignment/install/smartcar_msgs/share/smartcar_msgs/cmake/rosidl_cmake_export_typesupport_libraries-extras.cmake
[1.035s] -- Up-to-date: /home/ros2/assignment/install/smartcar_msgs/share/smartcar_msgs/cmake/smartcar_msgsConfig.cmake
[1.035s] -- Up-to-date: /home/ros2/assignment/install/smartcar_msgs/share/smartcar_msgs/cmake/smartcar_msgsConfig-version.cmake
[1.035s] -- Up-to-date: /home/ros2/assignment/install/smartcar_msgs/share/smartcar_msgs/package.xml
[1.069s] Invoked command in '/home/ros2/assignment/build/smartcar_msgs' returned '0': CMAKE_PREFIX_PATH=${CMAKE_PREFIX_PATH}:/opt/ros/humble /usr/bin/cmake --install /home/ros2/assignment/build/smartcar_msgs
